# lattice-best-path --lm-scale=9 --word-symbol-table=exp/tri1/graph/words.txt "ark:gunzip -c exp/tri1/decode/lat.*.gz|" ark,t:exp/tri1/decode/scoring/9.tra 
# Started at Thu Mar 12 11:07:37 +0530 2020
#
lattice-best-path --lm-scale=9 --word-symbol-table=exp/tri1/graph/words.txt 'ark:gunzip -c exp/tri1/decode/lat.*.gz|' ark,t:exp/tri1/decode/scoring/9.tra 
LOG (lattice-best-path[5.5.592~1-2b30a]:main():lattice-best-path.cc:99) For utterance azir_cont_10, best cost 128.109 + 8979.9 = 9108 over 105 frames.
azir_cont_10 දහය 
LOG (lattice-best-path[5.5.592~1-2b30a]:main():lattice-best-path.cc:99) For utterance azir_cont_100, best cost 121.984 + 7472.16 = 7594.14 over 85 frames.
azir_cont_100 දෙසීය 
LOG (lattice-best-path[5.5.592~1-2b30a]:main():lattice-best-path.cc:99) For utterance azir_cont_1000, best cost 108.103 + 5423.91 = 5532.01 over 65 frames.
azir_cont_1000 දාහ 
LOG (lattice-best-path[5.5.592~1-2b30a]:main():lattice-best-path.cc:99) For utterance azir_cont_10000, best cost 126.443 + 9213.6 = 9340.04 over 102 frames.
azir_cont_10000 දහදාහ 
LOG (lattice-best-path[5.5.592~1-2b30a]:main():lattice-best-path.cc:99) For utterance azir_cont_1000_2, best cost 139.192 + 11049.8 = 11189 over 127 frames.
azir_cont_1000_2 එකදාහ 
LOG (lattice-best-path[5.5.592~1-2b30a]:main():lattice-best-path.cc:99) For utterance azir_cont_1000s, best cost 102.105 + 8564.33 = 8666.44 over 94 frames.
azir_cont_1000s දෙදහස් 
LOG (lattice-best-path[5.5.592~1-2b30a]:main():lattice-best-path.cc:99) For utterance azir_cont_100_2, best cost 118.035 + 8899.85 = 9017.89 over 103 frames.
azir_cont_100_2 එකසීය 
LOG (lattice-best-path[5.5.592~1-2b30a]:main():lattice-best-path.cc:99) For utterance azir_cont_11, best cost 106.282 + 7342.04 = 7448.32 over 77 frames.
azir_cont_11 එකොළහ 
LOG (lattice-best-path[5.5.592~1-2b30a]:main():lattice-best-path.cc:99) For utterance azir_cont_12, best cost 100.553 + 6528.78 = 6629.33 over 71 frames.
azir_cont_12 දොළහ 
LOG (lattice-best-path[5.5.592~1-2b30a]:main():lattice-best-path.cc:99) For utterance azir_cont_13, best cost 134.181 + 8454.25 = 8588.43 over 91 frames.
azir_cont_13 දහතුන 
LOG (lattice-best-path[5.5.592~1-2b30a]:main():lattice-best-path.cc:99) For utterance azir_cont_14, best cost 122.662 + 8013.09 = 8135.76 over 94 frames.
azir_cont_14 දාහතර 
LOG (lattice-best-path[5.5.592~1-2b30a]:main():lattice-best-path.cc:99) For utterance azir_cont_148, best cost 237.852 + 17292.5 = 17530.4 over 183 frames.
azir_cont_148 එකසීය හතලිස් හත 
LOG (lattice-best-path[5.5.592~1-2b30a]:main():lattice-best-path.cc:99) For utterance azir_cont_14_2, best cost 120.333 + 7337.84 = 7458.17 over 84 frames.
azir_cont_14_2 දහහතර 
LOG (lattice-best-path[5.5.592~1-2b30a]:main():lattice-best-path.cc:99) For utterance azir_cont_15, best cost 105.993 + 6155.87 = 6261.87 over 69 frames.
azir_cont_15 පහළොව 
LOG (lattice-best-path[5.5.592~1-2b30a]:main():lattice-best-path.cc:99) For utterance azir_cont_1550, best cost 292.657 + 22226.5 = 22519.1 over 241 frames.
azir_cont_1550 දෙදහස් පන්සීය පනහ 
LOG (lattice-best-path[5.5.592~1-2b30a]:main():lattice-best-path.cc:99) For utterance azir_cont_16, best cost 111.576 + 7838.75 = 7950.32 over 94 frames.
azir_cont_16 දාසය 
LOG (lattice-best-path[5.5.592~1-2b30a]:main():lattice-best-path.cc:99) For utterance azir_cont_16_2, best cost 128.111 + 7641.32 = 7769.43 over 88 frames.
azir_cont_16_2 දහසය 
LOG (lattice-best-path[5.5.592~1-2b30a]:main():lattice-best-path.cc:99) For utterance azir_cont_17, best cost 102.168 + 6274.54 = 6376.71 over 74 frames.
azir_cont_17 දාහත 
LOG (lattice-best-path[5.5.592~1-2b30a]:main():lattice-best-path.cc:99) For utterance azir_cont_17_2, best cost 126.676 + 8138.83 = 8265.51 over 94 frames.
azir_cont_17_2 දහහත 
LOG (lattice-best-path[5.5.592~1-2b30a]:main():lattice-best-path.cc:99) For utterance azir_cont_18, best cost 124.861 + 8005.18 = 8130.04 over 90 frames.
azir_cont_18 දහඅට 
LOG (lattice-best-path[5.5.592~1-2b30a]:main():lattice-best-path.cc:99) For utterance azir_cont_19, best cost 117.474 + 8175.13 = 8292.6 over 93 frames.
azir_cont_19 දහනවය 
LOG (lattice-best-path[5.5.592~1-2b30a]:main():lattice-best-path.cc:99) For utterance azir_cont_19_2, best cost 132.288 + 9698.36 = 9830.65 over 104 frames.
azir_cont_19_2 දහනමය 
LOG (lattice-best-path[5.5.592~1-2b30a]:main():lattice-best-path.cc:99) For utterance azir_cont_20, best cost 115.235 + 8681.11 = 8796.35 over 98 frames.
azir_cont_20 විස්ස 
LOG (lattice-best-path[5.5.592~1-2b30a]:main():lattice-best-path.cc:99) For utterance azir_cont_200, best cost 123.443 + 7781.57 = 7905.01 over 93 frames.
azir_cont_200 දෙසීය 
LOG (lattice-best-path[5.5.592~1-2b30a]:main():lattice-best-path.cc:99) For utterance azir_cont_2000, best cost 123.659 + 8507.42 = 8631.08 over 101 frames.
azir_cont_2000 දෙදාහ 
LOG (lattice-best-path[5.5.592~1-2b30a]:main():lattice-best-path.cc:99) For utterance azir_cont_2000s, best cost 98.7785 + 7667.13 = 7765.91 over 89 frames.
azir_cont_2000s දෙදහස් 
LOG (lattice-best-path[5.5.592~1-2b30a]:main():lattice-best-path.cc:99) For utterance azir_cont_21, best cost 151.986 + 8926.33 = 9078.32 over 95 frames.
azir_cont_21 විසි එක 
LOG (lattice-best-path[5.5.592~1-2b30a]:main():lattice-best-path.cc:99) For utterance azir_cont_230, best cost 202.206 + 13467.4 = 13669.7 over 148 frames.
azir_cont_230 දෙසීය තිහ 
LOG (lattice-best-path[5.5.592~1-2b30a]:main():lattice-best-path.cc:99) For utterance azir_cont_300, best cost 118.226 + 7992.1 = 8110.33 over 91 frames.
azir_cont_300 තුන්සීය 
LOG (lattice-best-path[5.5.592~1-2b30a]:main():lattice-best-path.cc:99) For utterance azir_cont_3000, best cost 124.546 + 9116.9 = 9241.45 over 111 frames.
azir_cont_3000 තුන්දාහ 
LOG (lattice-best-path[5.5.592~1-2b30a]:main():lattice-best-path.cc:99) For utterance azir_cont_3000s, best cost 115.187 + 8710.08 = 8825.26 over 105 frames.
azir_cont_3000s තුන්දහස් 
LOG (lattice-best-path[5.5.592~1-2b30a]:main():lattice-best-path.cc:99) For utterance azir_cont_32, best cost 156.517 + 8314.72 = 8471.24 over 95 frames.
azir_cont_32 තිස් දෙක 
LOG (lattice-best-path[5.5.592~1-2b30a]:main():lattice-best-path.cc:99) For utterance azir_cont_3610, best cost 290.927 + 20793.3 = 21084.2 over 230 frames.
azir_cont_3610 තුන්දහස් හයසීය දහය 
LOG (lattice-best-path[5.5.592~1-2b30a]:main():lattice-best-path.cc:99) For utterance azir_cont_38_96, best cost 281.548 + 18613.2 = 18894.8 over 198 frames.
azir_cont_38_96 තිස් අට අනූ හය 
LOG (lattice-best-path[5.5.592~1-2b30a]:main():lattice-best-path.cc:99) For utterance azir_cont_3_8_9_6, best cost 289.641 + 20817.3 = 21106.9 over 227 frames.
azir_cont_3_8_9_6 තුන අට නවය හය 
LOG (lattice-best-path[5.5.592~1-2b30a]:main():lattice-best-path.cc:99) For utterance azir_cont_40, best cost 120.027 + 8730.46 = 8850.49 over 98 frames.
azir_cont_40 හතලිහ 
LOG (lattice-best-path[5.5.592~1-2b30a]:main():lattice-best-path.cc:99) For utterance azir_cont_400, best cost 135.484 + 10334.4 = 10469.9 over 112 frames.
azir_cont_400 හාරසීය 
LOG (lattice-best-path[5.5.592~1-2b30a]:main():lattice-best-path.cc:99) For utterance azir_cont_4000s, best cost 110.025 + 5991.17 = 6101.2 over 69 frames.
azir_cont_4000s හාරදහස් 
LOG (lattice-best-path[5.5.592~1-2b30a]:main():lattice-best-path.cc:99) For utterance azir_cont_43, best cost 166.554 + 11088.7 = 11255.3 over 126 frames.
azir_cont_43 හතලිස් තුන 
LOG (lattice-best-path[5.5.592~1-2b30a]:main():lattice-best-path.cc:99) For utterance azir_cont_50, best cost 112.375 + 5437.82 = 5550.2 over 58 frames.
azir_cont_50 පනහ 
LOG (lattice-best-path[5.5.592~1-2b30a]:main():lattice-best-path.cc:99) For utterance azir_cont_500, best cost 106.954 + 7358.19 = 7465.15 over 86 frames.
azir_cont_500 පන්සීය 
LOG (lattice-best-path[5.5.592~1-2b30a]:main():lattice-best-path.cc:99) For utterance azir_cont_5000, best cost 124.454 + 8655.74 = 8780.2 over 107 frames.
azir_cont_5000 පන්දාහ 
LOG (lattice-best-path[5.5.592~1-2b30a]:main():lattice-best-path.cc:99) For utterance azir_cont_5000s, best cost 124.581 + 9339.69 = 9464.27 over 111 frames.
azir_cont_5000s පන්දහස් 
LOG (lattice-best-path[5.5.592~1-2b30a]:main():lattice-best-path.cc:99) For utterance azir_cont_5399, best cost 310.378 + 18971.8 = 19282.2 over 203 frames.
azir_cont_5399 පන්දහස් තුන්සීය අනූ නවය 
LOG (lattice-best-path[5.5.592~1-2b30a]:main():lattice-best-path.cc:99) For utterance azir_cont_54, best cost 167.83 + 10095.2 = 10263 over 113 frames.
azir_cont_54 පනස් හතර 
LOG (lattice-best-path[5.5.592~1-2b30a]:main():lattice-best-path.cc:99) For utterance azir_cont_56_49, best cost 284.894 + 17479.7 = 17764.6 over 195 frames.
azir_cont_56_49 පනස් හය හතලිස් නවය 
LOG (lattice-best-path[5.5.592~1-2b30a]:main():lattice-best-path.cc:99) For utterance azir_cont_60, best cost 102.255 + 5779.39 = 5881.65 over 64 frames.
azir_cont_60 හැට 
LOG (lattice-best-path[5.5.592~1-2b30a]:main():lattice-best-path.cc:99) For utterance azir_cont_600, best cost 113.597 + 9416.32 = 9529.92 over 116 frames.
azir_cont_600 හයසීය 
LOG (lattice-best-path[5.5.592~1-2b30a]:main():lattice-best-path.cc:99) For utterance azir_cont_6000, best cost 126.329 + 9674.45 = 9800.77 over 117 frames.
azir_cont_6000 හයදාහ 
LOG (lattice-best-path[5.5.592~1-2b30a]:main():lattice-best-path.cc:99) For utterance azir_cont_6000s, best cost 111.421 + 8689.33 = 8800.75 over 104 frames.
azir_cont_6000s හයදහස් 
LOG (lattice-best-path[5.5.592~1-2b30a]:main():lattice-best-path.cc:99) For utterance azir_cont_61, best cost 142.941 + 10746.9 = 10889.8 over 120 frames.
azir_cont_61 හැට එක 
LOG (lattice-best-path[5.5.592~1-2b30a]:main():lattice-best-path.cc:99) For utterance azir_cont_6475, best cost 324.847 + 20653.4 = 20978.2 over 224 frames.
azir_cont_6475 හයදහස් හාරසීය හැත්ත පහ 
LOG (lattice-best-path[5.5.592~1-2b30a]:main():lattice-best-path.cc:99) For utterance azir_cont_64_75, best cost 283.812 + 20382.1 = 20665.9 over 218 frames.
azir_cont_64_75 හැට හතර හැත්ත පහ 
LOG (lattice-best-path[5.5.592~1-2b30a]:main():lattice-best-path.cc:99) For utterance azir_cont_651, best cost 241.397 + 17057.4 = 17298.8 over 182 frames.
azir_cont_651 හයසීය පනස් එක 
LOG (lattice-best-path[5.5.592~1-2b30a]:main():lattice-best-path.cc:99) For utterance azir_cont_6_4_7_5, best cost 282.647 + 23196.4 = 23479 over 258 frames.
azir_cont_6_4_7_5 හය හතර හත පහ 
LOG (lattice-best-path[5.5.592~1-2b30a]:main():lattice-best-path.cc:99) For utterance azir_cont_70, best cost 105.099 + 7343.16 = 7448.26 over 82 frames.
azir_cont_70 හැත්තෑව 
LOG (lattice-best-path[5.5.592~1-2b30a]:main():lattice-best-path.cc:99) For utterance azir_cont_700, best cost 106.537 + 9548.29 = 9654.83 over 113 frames.
azir_cont_700 හත්සීය 
LOG (lattice-best-path[5.5.592~1-2b30a]:main():lattice-best-path.cc:99) For utterance azir_cont_7000, best cost 131.594 + 11032.2 = 11163.8 over 127 frames.
azir_cont_7000 හත්දාහ 
LOG (lattice-best-path[5.5.592~1-2b30a]:main():lattice-best-path.cc:99) For utterance azir_cont_7000s, best cost 109.45 + 9550.32 = 9659.76 over 116 frames.
azir_cont_7000s හත්දහස් 
LOG (lattice-best-path[5.5.592~1-2b30a]:main():lattice-best-path.cc:99) For utterance azir_cont_75, best cost 166.804 + 10526.7 = 10693.5 over 117 frames.
azir_cont_75 හැට පහ 
LOG (lattice-best-path[5.5.592~1-2b30a]:main():lattice-best-path.cc:99) For utterance azir_cont_7_138, best cost 383.434 + 25614.9 = 25998.3 over 267 frames.
azir_cont_7_138 හත තිස් එකසීය තිස් අට 
LOG (lattice-best-path[5.5.592~1-2b30a]:main():lattice-best-path.cc:99) For utterance azir_cont_80, best cost 115.593 + 7596.11 = 7711.71 over 86 frames.
azir_cont_80 අසූව 
LOG (lattice-best-path[5.5.592~1-2b30a]:main():lattice-best-path.cc:99) For utterance azir_cont_800, best cost 111.084 + 8331.68 = 8442.76 over 98 frames.
azir_cont_800 අටසීය 
LOG (lattice-best-path[5.5.592~1-2b30a]:main():lattice-best-path.cc:99) For utterance azir_cont_8000, best cost 120.673 + 8004.68 = 8125.35 over 95 frames.
azir_cont_8000 අටදාහ 
LOG (lattice-best-path[5.5.592~1-2b30a]:main():lattice-best-path.cc:99) For utterance azir_cont_8000s, best cost 112.038 + 8890.73 = 9002.76 over 106 frames.
azir_cont_8000s අටදහස් 
LOG (lattice-best-path[5.5.592~1-2b30a]:main():lattice-best-path.cc:99) For utterance azir_cont_810, best cost 202.002 + 11922.7 = 12124.7 over 131 frames.
azir_cont_810 අටසීය දහය 
LOG (lattice-best-path[5.5.592~1-2b30a]:main():lattice-best-path.cc:99) For utterance azir_cont_89, best cost 161.52 + 10852.4 = 11014 over 126 frames.
azir_cont_89 අසූ නවය 
LOG (lattice-best-path[5.5.592~1-2b30a]:main():lattice-best-path.cc:99) For utterance azir_cont_90, best cost 117.413 + 6243.54 = 6360.95 over 71 frames.
azir_cont_90 අනූව 
LOG (lattice-best-path[5.5.592~1-2b30a]:main():lattice-best-path.cc:99) For utterance azir_cont_900, best cost 118.194 + 9553.85 = 9672.04 over 115 frames.
azir_cont_900 නවසීය 
LOG (lattice-best-path[5.5.592~1-2b30a]:main():lattice-best-path.cc:99) For utterance azir_cont_9000, best cost 132.444 + 8304.13 = 8436.57 over 103 frames.
azir_cont_9000 නවදාහ 
LOG (lattice-best-path[5.5.592~1-2b30a]:main():lattice-best-path.cc:99) For utterance azir_cont_9000s, best cost 120.864 + 10334.8 = 10455.7 over 123 frames.
azir_cont_9000s නවදහස් 
LOG (lattice-best-path[5.5.592~1-2b30a]:main():lattice-best-path.cc:99) For utterance azir_cont_96, best cost 150.754 + 9421.08 = 9571.84 over 107 frames.
azir_cont_96 අනූ හය 
LOG (lattice-best-path[5.5.592~1-2b30a]:main():lattice-best-path.cc:99) For utterance azir_cont_9721, best cost 306.266 + 19646.7 = 19953 over 212 frames.
azir_cont_9721 නවදහස් හත්සීය විසි එක 
LOG (lattice-best-path[5.5.592~1-2b30a]:main():lattice-best-path.cc:99) For utterance azir_cont_9_7_2_1, best cost 323.18 + 24952.7 = 25275.9 over 270 frames.
azir_cont_9_7_2_1 නවය එක හත එක එක 
LOG (lattice-best-path[5.5.592~1-2b30a]:main():lattice-best-path.cc:99) For utterance sajith_1_5_8, best cost 240.64 + 27002.1 = 27242.7 over 286 frames.
sajith_1_5_8 දෙක පහ අට 
LOG (lattice-best-path[5.5.592~1-2b30a]:main():lattice-best-path.cc:99) For utterance sajith_2_3_6, best cost 255.562 + 30636.3 = 30891.8 over 306 frames.
sajith_2_3_6 දෙක තුන හතර 
LOG (lattice-best-path[5.5.592~1-2b30a]:main():lattice-best-path.cc:99) For utterance sajith_3_0_9, best cost 257.703 + 27940.6 = 28198.3 over 283 frames.
sajith_3_0_9 තුන බිංදුව නවය 
LOG (lattice-best-path[5.5.592~1-2b30a]:main():lattice-best-path.cc:99) For utterance sajith_3_6_9, best cost 263.418 + 27082.2 = 27345.7 over 269 frames.
sajith_3_6_9 තුන හතලිහ නවය 
LOG (lattice-best-path[5.5.592~1-2b30a]:main():lattice-best-path.cc:99) For utterance sajith_5_5_6, best cost 267.313 + 26560 = 26827.3 over 283 frames.
sajith_5_5_6 පහ පහ හය 
LOG (lattice-best-path[5.5.592~1-2b30a]:main():lattice-best-path.cc:99) For utterance sajith_5_6_2, best cost 264.813 + 25856.9 = 26121.7 over 263 frames.
sajith_5_6_2 පහ හතලිහ එක 
LOG (lattice-best-path[5.5.592~1-2b30a]:main():lattice-best-path.cc:99) For utterance sajith_5_6_6, best cost 331.496 + 30339.2 = 30670.7 over 323 frames.
sajith_5_6_6 පහ හතලිහ දහය 
LOG (lattice-best-path[5.5.592~1-2b30a]:main():lattice-best-path.cc:99) For utterance sajith_6_1_4, best cost 245.662 + 28854.1 = 29099.7 over 299 frames.
sajith_6_1_4 හය එක හතර 
LOG (lattice-best-path[5.5.592~1-2b30a]:main():lattice-best-path.cc:99) For utterance sajith_7_4_2, best cost 253.752 + 29088.6 = 29342.3 over 296 frames.
sajith_7_4_2 හතර හතර එක 
LOG (lattice-best-path[5.5.592~1-2b30a]:main():lattice-best-path.cc:99) For utterance sajith_7_9_6, best cost 255.605 + 28536.6 = 28792.2 over 283 frames.
sajith_7_9_6 හතර නවය හය 
LOG (lattice-best-path[5.5.592~1-2b30a]:main():lattice-best-path.cc:99) For utterance shehan_1_1_8, best cost 260.134 + 30776.7 = 31036.8 over 321 frames.
shehan_1_1_8 එක එක අට 
LOG (lattice-best-path[5.5.592~1-2b30a]:main():lattice-best-path.cc:99) For utterance shehan_1_4_8, best cost 245.439 + 28519 = 28764.4 over 299 frames.
shehan_1_4_8 එක හතර අට 
LOG (lattice-best-path[5.5.592~1-2b30a]:main():lattice-best-path.cc:99) For utterance shehan_1_7_2, best cost 329.167 + 31598.5 = 31927.6 over 321 frames.
shehan_1_7_2 එක හතර දෙක 
LOG (lattice-best-path[5.5.592~1-2b30a]:main():lattice-best-path.cc:99) For utterance shehan_2_4_6, best cost 275.987 + 29415.1 = 29691.1 over 302 frames.
shehan_2_4_6 දෙක හතර අට 
LOG (lattice-best-path[5.5.592~1-2b30a]:main():lattice-best-path.cc:99) For utterance shehan_3_1_9, best cost 252.381 + 31068.4 = 31320.7 over 317 frames.
shehan_3_1_9 තුන එක 
LOG (lattice-best-path[5.5.592~1-2b30a]:main():lattice-best-path.cc:99) For utterance shehan_3_2_1, best cost 290.763 + 33244.8 = 33535.5 over 356 frames.
shehan_3_2_1 තුන දෙක එක 
LOG (lattice-best-path[5.5.592~1-2b30a]:main():lattice-best-path.cc:99) For utterance shehan_4_5_2, best cost 275.8 + 35099.2 = 35375 over 378 frames.
shehan_4_5_2 හතර පහ දෙක 
LOG (lattice-best-path[5.5.592~1-2b30a]:main():lattice-best-path.cc:99) For utterance shehan_5_6_6, best cost 315.191 + 35920 = 36235.2 over 363 frames.
shehan_5_6_6 පහ හය අට 
LOG (lattice-best-path[5.5.592~1-2b30a]:main():lattice-best-path.cc:99) For utterance shehan_8_0_9, best cost 299.6 + 32619.3 = 32918.9 over 333 frames.
shehan_8_0_9 අට බිංදුව නවය 
LOG (lattice-best-path[5.5.592~1-2b30a]:main():lattice-best-path.cc:99) For utterance shehan_9_1_9, best cost 241.833 + 32590.7 = 32832.5 over 321 frames.
shehan_9_1_9 නවය එක නවය 
LOG (lattice-best-path[5.5.592~1-2b30a]:main():lattice-best-path.cc:124) Overall cost per frame is 93.3815 = 1.12142 [graph] + 92.2601 [acoustic] over 15257 frames.
LOG (lattice-best-path[5.5.592~1-2b30a]:main():lattice-best-path.cc:128) Done 94 lattices, failed for 0
# Accounting: time=0 threads=1
# Ended (code 0) at Thu Mar 12 11:07:37 +0530 2020, elapsed time 0 seconds
