# gunzip -c exp/mono/decode/depth_stats_tmp.*.gz | steps/diagnostic/analyze_lattice_depth_stats.py exp/mono/graph 
# Started at Thu Mar 12 11:07:22 +0530 2020
#
The total amount of data analyzed assuming 100 frames per second is 0.0 hours
Overall, lattice depth (10,50,90-percentile)=(1,1,3) and mean=1.7
Nonsilence phones as a group account for 73.9% of frames, with lattice depth (10,50,90-percentile)=(1,1,3) and mean=1.6
Phone sil accounts for 26.1% of frames, with lattice depth (10,50,90-percentile)=(1,1,4) and mean=1.8
Phone @_E accounts for 15.9% of frames, with lattice depth (10,50,90-percentile)=(1,1,4) and mean=1.8
Phone a_I accounts for 7.5% of frames, with lattice depth (10,50,90-percentile)=(1,1,3) and mean=1.7
Phone h_B accounts for 3.9% of frames, with lattice depth (10,50,90-percentile)=(1,1,3) and mean=1.8
Phone h_I accounts for 3.3% of frames, with lattice depth (10,50,90-percentile)=(1,1,2) and mean=1.3
Phone s_E accounts for 3.2% of frames, with lattice depth (10,50,90-percentile)=(1,1,2) and mean=1.2
Phone a:_I accounts for 3.0% of frames, with lattice depth (10,50,90-percentile)=(1,1,2) and mean=1.4
Phone y_I accounts for 2.9% of frames, with lattice depth (10,50,90-percentile)=(1,1,3) and mean=1.6
Phone s_I accounts for 2.6% of frames, with lattice depth (10,50,90-percentile)=(1,1,2) and mean=1.5
Phone i:_I accounts for 2.6% of frames, with lattice depth (10,50,90-percentile)=(1,1,2) and mean=1.6
Phone d^_B accounts for 2.5% of frames, with lattice depth (10,50,90-percentile)=(1,1,2) and mean=1.3
Phone e_B accounts for 2.3% of frames, with lattice depth (10,50,90-percentile)=(1,2,4) and mean=2.2
Phone a_E accounts for 2.0% of frames, with lattice depth (10,50,90-percentile)=(1,1,1) and mean=1.1
Phone @_I accounts for 2.0% of frames, with lattice depth (10,50,90-percentile)=(1,1,4) and mean=1.6
Phone d^_I accounts for 1.9% of frames, with lattice depth (10,50,90-percentile)=(1,1,2) and mean=1.5
Phone n_I accounts for 1.8% of frames, with lattice depth (10,50,90-percentile)=(1,1,2) and mean=1.3
Phone t^_I accounts for 1.7% of frames, with lattice depth (10,50,90-percentile)=(1,2,4) and mean=2.1
Phone t_I accounts for 1.4% of frames, with lattice depth (10,50,90-percentile)=(1,1,2) and mean=1.6
Phone e_I accounts for 1.4% of frames, with lattice depth (10,50,90-percentile)=(1,1,3) and mean=1.8
Phone w_I accounts for 1.4% of frames, with lattice depth (10,50,90-percentile)=(1,1,2) and mean=1.3
Phone a_B accounts for 1.0% of frames, with lattice depth (10,50,90-percentile)=(1,2,2) and mean=1.6
Phone p_B accounts for 1.0% of frames, with lattice depth (10,50,90-percentile)=(1,1,2) and mean=1.4
Phone n_B accounts for 1.0% of frames, with lattice depth (10,50,90-percentile)=(1,1,2) and mean=1.5
Phone k_I accounts for 1.0% of frames, with lattice depth (10,50,90-percentile)=(1,2,3) and mean=1.9
Phone u_I accounts for 0.8% of frames, with lattice depth (10,50,90-percentile)=(1,1,2) and mean=1.4
Phone i_I accounts for 0.8% of frames, with lattice depth (10,50,90-percentile)=(1,1,3) and mean=1.7
Phone t^_B accounts for 0.8% of frames, with lattice depth (10,50,90-percentile)=(1,1,2) and mean=1.5
Phone l_I accounts for 0.7% of frames, with lattice depth (10,50,90-percentile)=(1,1,4) and mean=2.2
Phone r_I accounts for 0.6% of frames, with lattice depth (10,50,90-percentile)=(1,1,4) and mean=2.1
Phone ae_I accounts for 0.6% of frames, with lattice depth (10,50,90-percentile)=(1,4,5) and mean=3.2
# Accounting: time=0 threads=1
# Ended (code 0) at Thu Mar 12 11:07:22 +0530 2020, elapsed time 0 seconds
