# gmm-est --mix-up=2720 --power=0.25 --write-occs=exp/tri1/4.occs exp/tri1/3.mdl "gmm-sum-accs - exp/tri1/3.*.acc |" exp/tri1/4.mdl 
# Started at Thu Feb 27 11:43:48 +0530 2020
#
gmm-est --mix-up=2720 --power=0.25 --write-occs=exp/tri1/4.occs exp/tri1/3.mdl 'gmm-sum-accs - exp/tri1/3.*.acc |' exp/tri1/4.mdl 
gmm-sum-accs - exp/tri1/3.1.acc 
LOG (gmm-sum-accs[5.5.592~1-2b30a]:main():gmm-sum-accs.cc:63) Summed 1 stats, total count 30955, avg like/frame -91.0563
LOG (gmm-sum-accs[5.5.592~1-2b30a]:main():gmm-sum-accs.cc:66) Total count of stats is 30955
LOG (gmm-sum-accs[5.5.592~1-2b30a]:main():gmm-sum-accs.cc:67) Written stats to -
LOG (gmm-est[5.5.592~1-2b30a]:MleUpdate():transition-model.cc:528) TransitionModel::Update, objf change is 0 per frame over 30955 frames. 
LOG (gmm-est[5.5.592~1-2b30a]:MleUpdate():transition-model.cc:531) 18 probabilities floored, 461 out of 662 transition-states skipped due to insuffient data (it is normal to have some skipped.)
LOG (gmm-est[5.5.592~1-2b30a]:main():gmm-est.cc:102) Transition model update: Overall 0 log-like improvement per frame over 30955 frames.
WARNING (gmm-est[5.5.592~1-2b30a]:MleDiagGmmUpdate():mle-diag-gmm.cc:359) Too little data - removing Gaussian (weight 0.038806, occupation count 6.014904, vector size 39)
WARNING (gmm-est[5.5.592~1-2b30a]:MleDiagGmmUpdate():mle-diag-gmm.cc:359) Too little data - removing Gaussian (weight 0.054938, occupation count 8.515400, vector size 39)
WARNING (gmm-est[5.5.592~1-2b30a]:MleDiagGmmUpdate():mle-diag-gmm.cc:359) Too little data - removing Gaussian (weight 0.010233, occupation count 9.639826, vector size 39)
WARNING (gmm-est[5.5.592~1-2b30a]:MleDiagGmmUpdate():mle-diag-gmm.cc:359) Too little data - removing Gaussian (weight 0.064433, occupation count 9.600528, vector size 39)
WARNING (gmm-est[5.5.592~1-2b30a]:MleDiagGmmUpdate():mle-diag-gmm.cc:359) Too little data - removing Gaussian (weight 0.010345, occupation count 4.489654, vector size 39)
WARNING (gmm-est[5.5.592~1-2b30a]:MleDiagGmmUpdate():mle-diag-gmm.cc:359) Too little data - removing Gaussian (weight 0.010337, occupation count 4.486133, vector size 39)
WARNING (gmm-est[5.5.592~1-2b30a]:MleDiagGmmUpdate():mle-diag-gmm.cc:359) Too little data - removing Gaussian (weight 0.061869, occupation count 9.342230, vector size 39)
WARNING (gmm-est[5.5.592~1-2b30a]:MleDiagGmmUpdate():mle-diag-gmm.cc:359) Too little data - removing Gaussian (weight 0.065758, occupation count 9.929466, vector size 39)
WARNING (gmm-est[5.5.592~1-2b30a]:MleDiagGmmUpdate():mle-diag-gmm.cc:359) Too little data - removing Gaussian (weight 0.035514, occupation count 6.356966, vector size 39)
WARNING (gmm-est[5.5.592~1-2b30a]:MleDiagGmmUpdate():mle-diag-gmm.cc:359) Too little data - removing Gaussian (weight 0.044485, occupation count 7.962861, vector size 39)
WARNING (gmm-est[5.5.592~1-2b30a]:MleDiagGmmUpdate():mle-diag-gmm.cc:359) Too little data - removing Gaussian (weight 0.043611, occupation count 7.806382, vector size 39)
WARNING (gmm-est[5.5.592~1-2b30a]:MleDiagGmmUpdate():mle-diag-gmm.cc:359) Too little data - removing Gaussian (weight 0.046966, occupation count 6.058678, vector size 39)
WARNING (gmm-est[5.5.592~1-2b30a]:MleDiagGmmUpdate():mle-diag-gmm.cc:365) Gaussian has too little data but not removing it because it is the last Gaussian: i = 0, occ = 0, weight = 1
WARNING (gmm-est[5.5.592~1-2b30a]:MleDiagGmmUpdate():mle-diag-gmm.cc:359) Too little data - removing Gaussian (weight 0.092897, occupation count 9.939976, vector size 39)
WARNING (gmm-est[5.5.592~1-2b30a]:MleDiagGmmUpdate():mle-diag-gmm.cc:359) Too little data - removing Gaussian (weight 0.047319, occupation count 8.801254, vector size 39)
WARNING (gmm-est[5.5.592~1-2b30a]:MleDiagGmmUpdate():mle-diag-gmm.cc:359) Too little data - removing Gaussian (weight 0.046502, occupation count 8.649435, vector size 39)
WARNING (gmm-est[5.5.592~1-2b30a]:MleDiagGmmUpdate():mle-diag-gmm.cc:359) Too little data - removing Gaussian (weight 0.017133, occupation count 9.799997, vector size 39)
WARNING (gmm-est[5.5.592~1-2b30a]:MleDiagGmmUpdate():mle-diag-gmm.cc:359) Too little data - removing Gaussian (weight 0.015188, occupation count 8.687807, vector size 39)
WARNING (gmm-est[5.5.592~1-2b30a]:MleDiagGmmUpdate():mle-diag-gmm.cc:359) Too little data - removing Gaussian (weight 0.006838, occupation count 9.531697, vector size 39)
WARNING (gmm-est[5.5.592~1-2b30a]:MleDiagGmmUpdate():mle-diag-gmm.cc:359) Too little data - removing Gaussian (weight 0.006366, occupation count 8.874564, vector size 39)
WARNING (gmm-est[5.5.592~1-2b30a]:MleDiagGmmUpdate():mle-diag-gmm.cc:359) Too little data - removing Gaussian (weight 0.005985, occupation count 8.342637, vector size 39)
WARNING (gmm-est[5.5.592~1-2b30a]:MleDiagGmmUpdate():mle-diag-gmm.cc:359) Too little data - removing Gaussian (weight 0.006469, occupation count 9.018361, vector size 39)
WARNING (gmm-est[5.5.592~1-2b30a]:MleDiagGmmUpdate():mle-diag-gmm.cc:359) Too little data - removing Gaussian (weight 0.006484, occupation count 9.038892, vector size 39)
WARNING (gmm-est[5.5.592~1-2b30a]:MleDiagGmmUpdate():mle-diag-gmm.cc:359) Too little data - removing Gaussian (weight 0.017532, occupation count 8.941347, vector size 39)
WARNING (gmm-est[5.5.592~1-2b30a]:MleDiagGmmUpdate():mle-diag-gmm.cc:359) Too little data - removing Gaussian (weight 0.016790, occupation count 8.563085, vector size 39)
WARNING (gmm-est[5.5.592~1-2b30a]:MleDiagGmmUpdate():mle-diag-gmm.cc:359) Too little data - removing Gaussian (weight 0.016188, occupation count 8.256079, vector size 39)
WARNING (gmm-est[5.5.592~1-2b30a]:MleDiagGmmUpdate():mle-diag-gmm.cc:359) Too little data - removing Gaussian (weight 0.011898, occupation count 6.068199, vector size 39)
WARNING (gmm-est[5.5.592~1-2b30a]:MleDiagGmmUpdate():mle-diag-gmm.cc:359) Too little data - removing Gaussian (weight 0.010704, occupation count 5.459190, vector size 39)
WARNING (gmm-est[5.5.592~1-2b30a]:MleDiagGmmUpdate():mle-diag-gmm.cc:359) Too little data - removing Gaussian (weight 0.017016, occupation count 8.678117, vector size 39)
WARNING (gmm-est[5.5.592~1-2b30a]:MleDiagGmmUpdate():mle-diag-gmm.cc:359) Too little data - removing Gaussian (weight 0.040758, occupation count 8.518372, vector size 39)
WARNING (gmm-est[5.5.592~1-2b30a]:MleDiagGmmUpdate():mle-diag-gmm.cc:359) Too little data - removing Gaussian (weight 0.092123, occupation count 9.765023, vector size 39)
WARNING (gmm-est[5.5.592~1-2b30a]:MleDiagGmmUpdate():mle-diag-gmm.cc:359) Too little data - removing Gaussian (weight 0.030051, occupation count 9.977081, vector size 39)
WARNING (gmm-est[5.5.592~1-2b30a]:MleDiagGmmUpdate():mle-diag-gmm.cc:359) Too little data - removing Gaussian (weight 0.015044, occupation count 4.994456, vector size 39)
WARNING (gmm-est[5.5.592~1-2b30a]:MleDiagGmmUpdate():mle-diag-gmm.cc:359) Too little data - removing Gaussian (weight 0.029344, occupation count 9.742058, vector size 39)
WARNING (gmm-est[5.5.592~1-2b30a]:MleDiagGmmUpdate():mle-diag-gmm.cc:359) Too little data - removing Gaussian (weight 0.028336, occupation count 9.407592, vector size 39)
WARNING (gmm-est[5.5.592~1-2b30a]:MleDiagGmmUpdate():mle-diag-gmm.cc:359) Too little data - removing Gaussian (weight 0.024539, occupation count 8.146950, vector size 39)
WARNING (gmm-est[5.5.592~1-2b30a]:MleDiagGmmUpdate():mle-diag-gmm.cc:359) Too little data - removing Gaussian (weight 0.019708, occupation count 6.542982, vector size 39)
WARNING (gmm-est[5.5.592~1-2b30a]:MleDiagGmmUpdate():mle-diag-gmm.cc:359) Too little data - removing Gaussian (weight 0.012861, occupation count 4.269787, vector size 39)
WARNING (gmm-est[5.5.592~1-2b30a]:MleDiagGmmUpdate():mle-diag-gmm.cc:359) Too little data - removing Gaussian (weight 0.015311, occupation count 5.083238, vector size 39)
WARNING (gmm-est[5.5.592~1-2b30a]:MleDiagGmmUpdate():mle-diag-gmm.cc:359) Too little data - removing Gaussian (weight 0.008149, occupation count 1.768307, vector size 39)
WARNING (gmm-est[5.5.592~1-2b30a]:MleDiagGmmUpdate():mle-diag-gmm.cc:359) Too little data - removing Gaussian (weight 0.028726, occupation count 6.233601, vector size 39)
WARNING (gmm-est[5.5.592~1-2b30a]:MleDiagGmmUpdate():mle-diag-gmm.cc:359) Too little data - removing Gaussian (weight 0.076018, occupation count 9.730241, vector size 39)
WARNING (gmm-est[5.5.592~1-2b30a]:MleDiagGmmUpdate():mle-diag-gmm.cc:359) Too little data - removing Gaussian (weight 0.046099, occupation count 8.804945, vector size 39)
WARNING (gmm-est[5.5.592~1-2b30a]:MleDiagGmmUpdate():mle-diag-gmm.cc:359) Too little data - removing Gaussian (weight 0.055088, occupation count 8.758974, vector size 39)
WARNING (gmm-est[5.5.592~1-2b30a]:MleDiagGmmUpdate():mle-diag-gmm.cc:359) Too little data - removing Gaussian (weight 0.015667, occupation count 5.044833, vector size 39)
WARNING (gmm-est[5.5.592~1-2b30a]:MleDiagGmmUpdate():mle-diag-gmm.cc:359) Too little data - removing Gaussian (weight 0.019067, occupation count 6.139443, vector size 39)
WARNING (gmm-est[5.5.592~1-2b30a]:MleDiagGmmUpdate():mle-diag-gmm.cc:359) Too little data - removing Gaussian (weight 0.015925, occupation count 5.127983, vector size 39)
WARNING (gmm-est[5.5.592~1-2b30a]:MleDiagGmmUpdate():mle-diag-gmm.cc:359) Too little data - removing Gaussian (weight 0.015941, occupation count 5.132935, vector size 39)
WARNING (gmm-est[5.5.592~1-2b30a]:MleDiagGmmUpdate():mle-diag-gmm.cc:359) Too little data - removing Gaussian (weight 0.028713, occupation count 9.245599, vector size 39)
WARNING (gmm-est[5.5.592~1-2b30a]:MleDiagGmmUpdate():mle-diag-gmm.cc:359) Too little data - removing Gaussian (weight 0.013619, occupation count 8.198848, vector size 39)
WARNING (gmm-est[5.5.592~1-2b30a]:MleDiagGmmUpdate():mle-diag-gmm.cc:359) Too little data - removing Gaussian (weight 0.013475, occupation count 8.111750, vector size 39)
WARNING (gmm-est[5.5.592~1-2b30a]:MleDiagGmmUpdate():mle-diag-gmm.cc:359) Too little data - removing Gaussian (weight 0.011987, occupation count 7.215950, vector size 39)
WARNING (gmm-est[5.5.592~1-2b30a]:MleDiagGmmUpdate():mle-diag-gmm.cc:359) Too little data - removing Gaussian (weight 0.015842, occupation count 9.536947, vector size 39)
WARNING (gmm-est[5.5.592~1-2b30a]:MleDiagGmmUpdate():mle-diag-gmm.cc:359) Too little data - removing Gaussian (weight 0.012910, occupation count 7.771667, vector size 39)
WARNING (gmm-est[5.5.592~1-2b30a]:MleDiagGmmUpdate():mle-diag-gmm.cc:359) Too little data - removing Gaussian (weight 0.010442, occupation count 6.286299, vector size 39)
WARNING (gmm-est[5.5.592~1-2b30a]:MleDiagGmmUpdate():mle-diag-gmm.cc:359) Too little data - removing Gaussian (weight 0.013690, occupation count 8.241179, vector size 39)
WARNING (gmm-est[5.5.592~1-2b30a]:MleDiagGmmUpdate():mle-diag-gmm.cc:359) Too little data - removing Gaussian (weight 0.049426, occupation count 5.535726, vector size 39)
WARNING (gmm-est[5.5.592~1-2b30a]:MleDiagGmmUpdate():mle-diag-gmm.cc:359) Too little data - removing Gaussian (weight 0.022083, occupation count 2.672058, vector size 39)
WARNING (gmm-est[5.5.592~1-2b30a]:MleDiagGmmUpdate():mle-diag-gmm.cc:359) Too little data - removing Gaussian (weight 0.014118, occupation count 7.496588, vector size 39)
WARNING (gmm-est[5.5.592~1-2b30a]:MleDiagGmmUpdate():mle-diag-gmm.cc:359) Too little data - removing Gaussian (weight 0.013405, occupation count 7.118264, vector size 39)
WARNING (gmm-est[5.5.592~1-2b30a]:MleDiagGmmUpdate():mle-diag-gmm.cc:359) Too little data - removing Gaussian (weight 0.010314, occupation count 5.476798, vector size 39)
WARNING (gmm-est[5.5.592~1-2b30a]:MleDiagGmmUpdate():mle-diag-gmm.cc:359) Too little data - removing Gaussian (weight 0.011550, occupation count 6.133081, vector size 39)
WARNING (gmm-est[5.5.592~1-2b30a]:MleDiagGmmUpdate():mle-diag-gmm.cc:359) Too little data - removing Gaussian (weight 0.018534, occupation count 9.841766, vector size 39)
WARNING (gmm-est[5.5.592~1-2b30a]:MleDiagGmmUpdate():mle-diag-gmm.cc:359) Too little data - removing Gaussian (weight 0.013461, occupation count 7.147653, vector size 39)
WARNING (gmm-est[5.5.592~1-2b30a]:MleDiagGmmUpdate():mle-diag-gmm.cc:359) Too little data - removing Gaussian (weight 0.008114, occupation count 4.308659, vector size 39)
WARNING (gmm-est[5.5.592~1-2b30a]:MleDiagGmmUpdate():mle-diag-gmm.cc:359) Too little data - removing Gaussian (weight 0.014599, occupation count 7.752004, vector size 39)
WARNING (gmm-est[5.5.592~1-2b30a]:MleDiagGmmUpdate():mle-diag-gmm.cc:359) Too little data - removing Gaussian (weight 0.013919, occupation count 7.390767, vector size 39)
WARNING (gmm-est[5.5.592~1-2b30a]:MleDiagGmmUpdate():mle-diag-gmm.cc:359) Too little data - removing Gaussian (weight 0.003877, occupation count 2.058924, vector size 39)
WARNING (gmm-est[5.5.592~1-2b30a]:MleDiagGmmUpdate():mle-diag-gmm.cc:359) Too little data - removing Gaussian (weight 0.049828, occupation count 7.773157, vector size 39)
WARNING (gmm-est[5.5.592~1-2b30a]:MleDiagGmmUpdate():mle-diag-gmm.cc:359) Too little data - removing Gaussian (weight 0.039672, occupation count 8.688218, vector size 39)
WARNING (gmm-est[5.5.592~1-2b30a]:MleDiagGmmUpdate():mle-diag-gmm.cc:359) Too little data - removing Gaussian (weight 0.017544, occupation count 2.070236, vector size 39)
WARNING (gmm-est[5.5.592~1-2b30a]:MleDiagGmmUpdate():mle-diag-gmm.cc:359) Too little data - removing Gaussian (weight 0.077565, occupation count 9.152663, vector size 39)
WARNING (gmm-est[5.5.592~1-2b30a]:MleDiagGmmUpdate():mle-diag-gmm.cc:359) Too little data - removing Gaussian (weight 0.047617, occupation count 6.856777, vector size 39)
WARNING (gmm-est[5.5.592~1-2b30a]:MleDiagGmmUpdate():mle-diag-gmm.cc:359) Too little data - removing Gaussian (weight 0.043565, occupation count 6.273391, vector size 39)
WARNING (gmm-est[5.5.592~1-2b30a]:MleDiagGmmUpdate():mle-diag-gmm.cc:359) Too little data - removing Gaussian (weight 0.054014, occupation count 9.020408, vector size 39)
WARNING (gmm-est[5.5.592~1-2b30a]:MleDiagGmmUpdate():mle-diag-gmm.cc:359) Too little data - removing Gaussian (weight 0.039499, occupation count 6.596311, vector size 39)
WARNING (gmm-est[5.5.592~1-2b30a]:MleDiagGmmUpdate():mle-diag-gmm.cc:359) Too little data - removing Gaussian (weight 0.037019, occupation count 8.995625, vector size 39)
WARNING (gmm-est[5.5.592~1-2b30a]:MleDiagGmmUpdate():mle-diag-gmm.cc:359) Too little data - removing Gaussian (weight 0.037613, occupation count 9.139873, vector size 39)
WARNING (gmm-est[5.5.592~1-2b30a]:MleDiagGmmUpdate():mle-diag-gmm.cc:359) Too little data - removing Gaussian (weight 0.030530, occupation count 7.418744, vector size 39)
WARNING (gmm-est[5.5.592~1-2b30a]:MleDiagGmmUpdate():mle-diag-gmm.cc:359) Too little data - removing Gaussian (weight 0.019121, occupation count 9.923635, vector size 39)
WARNING (gmm-est[5.5.592~1-2b30a]:MleDiagGmmUpdate():mle-diag-gmm.cc:359) Too little data - removing Gaussian (weight 0.018872, occupation count 9.794804, vector size 39)
WARNING (gmm-est[5.5.592~1-2b30a]:MleDiagGmmUpdate():mle-diag-gmm.cc:359) Too little data - removing Gaussian (weight 0.017785, occupation count 9.230602, vector size 39)
WARNING (gmm-est[5.5.592~1-2b30a]:MleDiagGmmUpdate():mle-diag-gmm.cc:359) Too little data - removing Gaussian (weight 0.084877, occupation count 7.299427, vector size 39)
WARNING (gmm-est[5.5.592~1-2b30a]:MleDiagGmmUpdate():mle-diag-gmm.cc:359) Too little data - removing Gaussian (weight 0.068844, occupation count 9.500523, vector size 39)
WARNING (gmm-est[5.5.592~1-2b30a]:MleDiagGmmUpdate():mle-diag-gmm.cc:359) Too little data - removing Gaussian (weight 0.013693, occupation count 4.477762, vector size 39)
WARNING (gmm-est[5.5.592~1-2b30a]:MleDiagGmmUpdate():mle-diag-gmm.cc:359) Too little data - removing Gaussian (weight 0.028132, occupation count 9.199213, vector size 39)
WARNING (gmm-est[5.5.592~1-2b30a]:MleDiagGmmUpdate():mle-diag-gmm.cc:359) Too little data - removing Gaussian (weight 0.022599, occupation count 7.389902, vector size 39)
WARNING (gmm-est[5.5.592~1-2b30a]:MleDiagGmmUpdate():mle-diag-gmm.cc:359) Too little data - removing Gaussian (weight 0.021549, occupation count 7.046433, vector size 39)
WARNING (gmm-est[5.5.592~1-2b30a]:MleDiagGmmUpdate():mle-diag-gmm.cc:359) Too little data - removing Gaussian (weight 0.016752, occupation count 5.477911, vector size 39)
WARNING (gmm-est[5.5.592~1-2b30a]:MleDiagGmmUpdate():mle-diag-gmm.cc:359) Too little data - removing Gaussian (weight 0.029781, occupation count 9.738516, vector size 39)
WARNING (gmm-est[5.5.592~1-2b30a]:MleDiagGmmUpdate():mle-diag-gmm.cc:359) Too little data - removing Gaussian (weight 0.014962, occupation count 4.892601, vector size 39)
WARNING (gmm-est[5.5.592~1-2b30a]:MleDiagGmmUpdate():mle-diag-gmm.cc:359) Too little data - removing Gaussian (weight 0.027082, occupation count 9.884774, vector size 39)
WARNING (gmm-est[5.5.592~1-2b30a]:MleDiagGmmUpdate():mle-diag-gmm.cc:359) Too little data - removing Gaussian (weight 0.018824, occupation count 6.870938, vector size 39)
WARNING (gmm-est[5.5.592~1-2b30a]:MleDiagGmmUpdate():mle-diag-gmm.cc:359) Too little data - removing Gaussian (weight 0.024518, occupation count 8.949244, vector size 39)
WARNING (gmm-est[5.5.592~1-2b30a]:MleDiagGmmUpdate():mle-diag-gmm.cc:359) Too little data - removing Gaussian (weight 0.023940, occupation count 8.738099, vector size 39)
WARNING (gmm-est[5.5.592~1-2b30a]:MleDiagGmmUpdate():mle-diag-gmm.cc:359) Too little data - removing Gaussian (weight 0.016269, occupation count 5.938324, vector size 39)
WARNING (gmm-est[5.5.592~1-2b30a]:MleDiagGmmUpdate():mle-diag-gmm.cc:359) Too little data - removing Gaussian (weight 0.020850, occupation count 7.610279, vector size 39)
WARNING (gmm-est[5.5.592~1-2b30a]:MleDiagGmmUpdate():mle-diag-gmm.cc:359) Too little data - removing Gaussian (weight 0.022133, occupation count 6.507172, vector size 39)
WARNING (gmm-est[5.5.592~1-2b30a]:MleDiagGmmUpdate():mle-diag-gmm.cc:359) Too little data - removing Gaussian (weight 0.019630, occupation count 5.771170, vector size 39)
WARNING (gmm-est[5.5.592~1-2b30a]:MleDiagGmmUpdate():mle-diag-gmm.cc:359) Too little data - removing Gaussian (weight 0.017265, occupation count 5.075891, vector size 39)
WARNING (gmm-est[5.5.592~1-2b30a]:MleDiagGmmUpdate():mle-diag-gmm.cc:359) Too little data - removing Gaussian (weight 0.008648, occupation count 2.542384, vector size 39)
WARNING (gmm-est[5.5.592~1-2b30a]:MleDiagGmmUpdate():mle-diag-gmm.cc:359) Too little data - removing Gaussian (weight 0.015510, occupation count 4.559998, vector size 39)
WARNING (gmm-est[5.5.592~1-2b30a]:MleDiagGmmUpdate():mle-diag-gmm.cc:359) Too little data - removing Gaussian (weight 0.055312, occupation count 6.360909, vector size 39)
WARNING (gmm-est[5.5.592~1-2b30a]:MleDiagGmmUpdate():mle-diag-gmm.cc:359) Too little data - removing Gaussian (weight 0.047530, occupation count 8.317785, vector size 39)
WARNING (gmm-est[5.5.592~1-2b30a]:MleDiagGmmUpdate():mle-diag-gmm.cc:359) Too little data - removing Gaussian (weight 0.035437, occupation count 9.816181, vector size 39)
WARNING (gmm-est[5.5.592~1-2b30a]:MleDiagGmmUpdate():mle-diag-gmm.cc:359) Too little data - removing Gaussian (weight 0.017011, occupation count 4.711936, vector size 39)
WARNING (gmm-est[5.5.592~1-2b30a]:MleDiagGmmUpdate():mle-diag-gmm.cc:359) Too little data - removing Gaussian (weight 0.017146, occupation count 4.749350, vector size 39)
WARNING (gmm-est[5.5.592~1-2b30a]:MleDiagGmmUpdate():mle-diag-gmm.cc:359) Too little data - removing Gaussian (weight 0.092242, occupation count 9.869867, vector size 39)
WARNING (gmm-est[5.5.592~1-2b30a]:MleDiagGmmUpdate():mle-diag-gmm.cc:359) Too little data - removing Gaussian (weight 0.050049, occupation count 9.809537, vector size 39)
WARNING (gmm-est[5.5.592~1-2b30a]:MleDiagGmmUpdate():mle-diag-gmm.cc:359) Too little data - removing Gaussian (weight 0.056658, occupation count 9.405161, vector size 39)
WARNING (gmm-est[5.5.592~1-2b30a]:MleDiagGmmUpdate():mle-diag-gmm.cc:359) Too little data - removing Gaussian (weight 0.062555, occupation count 9.258144, vector size 39)
WARNING (gmm-est[5.5.592~1-2b30a]:MleDiagGmmUpdate():mle-diag-gmm.cc:359) Too little data - removing Gaussian (weight 0.067440, occupation count 9.036897, vector size 39)
WARNING (gmm-est[5.5.592~1-2b30a]:MleDiagGmmUpdate():mle-diag-gmm.cc:359) Too little data - removing Gaussian (weight 0.034161, occupation count 6.797987, vector size 39)
WARNING (gmm-est[5.5.592~1-2b30a]:MleDiagGmmUpdate():mle-diag-gmm.cc:359) Too little data - removing Gaussian (weight 0.042590, occupation count 8.475498, vector size 39)
WARNING (gmm-est[5.5.592~1-2b30a]:MleDiagGmmUpdate():mle-diag-gmm.cc:359) Too little data - removing Gaussian (weight 0.036616, occupation count 7.286564, vector size 39)
WARNING (gmm-est[5.5.592~1-2b30a]:MleDiagGmmUpdate():mle-diag-gmm.cc:359) Too little data - removing Gaussian (weight 0.046237, occupation count 6.611843, vector size 39)
WARNING (gmm-est[5.5.592~1-2b30a]:MleDiagGmmUpdate():mle-diag-gmm.cc:359) Too little data - removing Gaussian (weight 0.068352, occupation count 9.774269, vector size 39)
WARNING (gmm-est[5.5.592~1-2b30a]:MleDiagGmmUpdate():mle-diag-gmm.cc:359) Too little data - removing Gaussian (weight 0.057402, occupation count 8.495510, vector size 39)
WARNING (gmm-est[5.5.592~1-2b30a]:MleDiagGmmUpdate():mle-diag-gmm.cc:359) Too little data - removing Gaussian (weight 0.037840, occupation count 7.378747, vector size 39)
WARNING (gmm-est[5.5.592~1-2b30a]:MleDiagGmmUpdate():mle-diag-gmm.cc:359) Too little data - removing Gaussian (weight 0.017964, occupation count 8.640705, vector size 39)
WARNING (gmm-est[5.5.592~1-2b30a]:MleDiagGmmUpdate():mle-diag-gmm.cc:359) Too little data - removing Gaussian (weight 0.025304, occupation count 8.780522, vector size 39)
WARNING (gmm-est[5.5.592~1-2b30a]:MleDiagGmmUpdate():mle-diag-gmm.cc:359) Too little data - removing Gaussian (weight 0.016108, occupation count 5.589457, vector size 39)
WARNING (gmm-est[5.5.592~1-2b30a]:MleDiagGmmUpdate():mle-diag-gmm.cc:359) Too little data - removing Gaussian (weight 0.014241, occupation count 4.941736, vector size 39)
WARNING (gmm-est[5.5.592~1-2b30a]:MleDiagGmmUpdate():mle-diag-gmm.cc:359) Too little data - removing Gaussian (weight 0.015944, occupation count 5.532705, vector size 39)
WARNING (gmm-est[5.5.592~1-2b30a]:MleDiagGmmUpdate():mle-diag-gmm.cc:359) Too little data - removing Gaussian (weight 0.023452, occupation count 8.137919, vector size 39)
WARNING (gmm-est[5.5.592~1-2b30a]:MleDiagGmmUpdate():mle-diag-gmm.cc:359) Too little data - removing Gaussian (weight 0.009135, occupation count 3.169887, vector size 39)
WARNING (gmm-est[5.5.592~1-2b30a]:MleDiagGmmUpdate():mle-diag-gmm.cc:359) Too little data - removing Gaussian (weight 0.017523, occupation count 6.080630, vector size 39)
WARNING (gmm-est[5.5.592~1-2b30a]:MleDiagGmmUpdate():mle-diag-gmm.cc:359) Too little data - removing Gaussian (weight 0.009632, occupation count 3.342316, vector size 39)
WARNING (gmm-est[5.5.592~1-2b30a]:MleDiagGmmUpdate():mle-diag-gmm.cc:359) Too little data - removing Gaussian (weight 0.017933, occupation count 6.527681, vector size 39)
WARNING (gmm-est[5.5.592~1-2b30a]:MleDiagGmmUpdate():mle-diag-gmm.cc:359) Too little data - removing Gaussian (weight 0.021109, occupation count 7.683763, vector size 39)
WARNING (gmm-est[5.5.592~1-2b30a]:MleDiagGmmUpdate():mle-diag-gmm.cc:359) Too little data - removing Gaussian (weight 0.033820, occupation count 5.377337, vector size 39)
WARNING (gmm-est[5.5.592~1-2b30a]:MleDiagGmmUpdate():mle-diag-gmm.cc:359) Too little data - removing Gaussian (weight 0.057788, occupation count 9.824040, vector size 39)
WARNING (gmm-est[5.5.592~1-2b30a]:MleDiagGmmUpdate():mle-diag-gmm.cc:359) Too little data - removing Gaussian (weight 0.026668, occupation count 7.013728, vector size 39)
WARNING (gmm-est[5.5.592~1-2b30a]:MleDiagGmmUpdate():mle-diag-gmm.cc:359) Too little data - removing Gaussian (weight 0.031697, occupation count 8.336416, vector size 39)
WARNING (gmm-est[5.5.592~1-2b30a]:MleDiagGmmUpdate():mle-diag-gmm.cc:359) Too little data - removing Gaussian (weight 0.011149, occupation count 9.644214, vector size 39)
WARNING (gmm-est[5.5.592~1-2b30a]:MleDiagGmmUpdate():mle-diag-gmm.cc:359) Too little data - removing Gaussian (weight 0.009865, occupation count 8.533090, vector size 39)
WARNING (gmm-est[5.5.592~1-2b30a]:MleDiagGmmUpdate():mle-diag-gmm.cc:359) Too little data - removing Gaussian (weight 0.010058, occupation count 8.700303, vector size 39)
WARNING (gmm-est[5.5.592~1-2b30a]:MleDiagGmmUpdate():mle-diag-gmm.cc:359) Too little data - removing Gaussian (weight 0.009498, occupation count 8.215879, vector size 39)
WARNING (gmm-est[5.5.592~1-2b30a]:MleDiagGmmUpdate():mle-diag-gmm.cc:359) Too little data - removing Gaussian (weight 0.009625, occupation count 8.325202, vector size 39)
WARNING (gmm-est[5.5.592~1-2b30a]:MleDiagGmmUpdate():mle-diag-gmm.cc:359) Too little data - removing Gaussian (weight 0.039816, occupation count 5.136278, vector size 39)
WARNING (gmm-est[5.5.592~1-2b30a]:MleDiagGmmUpdate():mle-diag-gmm.cc:359) Too little data - removing Gaussian (weight 0.026774, occupation count 9.906273, vector size 39)
WARNING (gmm-est[5.5.592~1-2b30a]:MleDiagGmmUpdate():mle-diag-gmm.cc:359) Too little data - removing Gaussian (weight 0.026659, occupation count 9.863750, vector size 39)
WARNING (gmm-est[5.5.592~1-2b30a]:MleDiagGmmUpdate():mle-diag-gmm.cc:359) Too little data - removing Gaussian (weight 0.024460, occupation count 9.050242, vector size 39)
WARNING (gmm-est[5.5.592~1-2b30a]:MleDiagGmmUpdate():mle-diag-gmm.cc:359) Too little data - removing Gaussian (weight 0.016899, occupation count 6.252712, vector size 39)
WARNING (gmm-est[5.5.592~1-2b30a]:MleDiagGmmUpdate():mle-diag-gmm.cc:359) Too little data - removing Gaussian (weight 0.026587, occupation count 9.837118, vector size 39)
WARNING (gmm-est[5.5.592~1-2b30a]:MleDiagGmmUpdate():mle-diag-gmm.cc:359) Too little data - removing Gaussian (weight 0.013058, occupation count 4.831378, vector size 39)
WARNING (gmm-est[5.5.592~1-2b30a]:MleDiagGmmUpdate():mle-diag-gmm.cc:359) Too little data - removing Gaussian (weight 0.089958, occupation count 9.445603, vector size 39)
WARNING (gmm-est[5.5.592~1-2b30a]:MleDiagGmmUpdate():mle-diag-gmm.cc:359) Too little data - removing Gaussian (weight 0.020120, occupation count 4.285655, vector size 39)
WARNING (gmm-est[5.5.592~1-2b30a]:MleDiagGmmUpdate():mle-diag-gmm.cc:359) Too little data - removing Gaussian (weight 0.057009, occupation count 5.301859, vector size 39)
WARNING (gmm-est[5.5.592~1-2b30a]:MleDiagGmmUpdate():mle-diag-gmm.cc:359) Too little data - removing Gaussian (weight 0.075010, occupation count 8.476147, vector size 39)
WARNING (gmm-est[5.5.592~1-2b30a]:MleDiagGmmUpdate():mle-diag-gmm.cc:359) Too little data - removing Gaussian (weight 0.074445, occupation count 8.635658, vector size 39)
WARNING (gmm-est[5.5.592~1-2b30a]:MleDiagGmmUpdate():mle-diag-gmm.cc:359) Too little data - removing Gaussian (weight 0.085410, occupation count 8.711848, vector size 39)
WARNING (gmm-est[5.5.592~1-2b30a]:MleDiagGmmUpdate():mle-diag-gmm.cc:359) Too little data - removing Gaussian (weight 0.070217, occupation count 7.162120, vector size 39)
WARNING (gmm-est[5.5.592~1-2b30a]:MleDiagGmmUpdate():mle-diag-gmm.cc:359) Too little data - removing Gaussian (weight 0.031513, occupation count 7.090372, vector size 39)
WARNING (gmm-est[5.5.592~1-2b30a]:MleDiagGmmUpdate():mle-diag-gmm.cc:359) Too little data - removing Gaussian (weight 0.042858, occupation count 9.642957, vector size 39)
WARNING (gmm-est[5.5.592~1-2b30a]:MleDiagGmmUpdate():mle-diag-gmm.cc:359) Too little data - removing Gaussian (weight 0.014698, occupation count 3.307130, vector size 39)
WARNING (gmm-est[5.5.592~1-2b30a]:MleDiagGmmUpdate():mle-diag-gmm.cc:359) Too little data - removing Gaussian (weight 0.014979, occupation count 3.370299, vector size 39)
WARNING (gmm-est[5.5.592~1-2b30a]:MleDiagGmmUpdate():mle-diag-gmm.cc:359) Too little data - removing Gaussian (weight 0.042665, occupation count 9.599589, vector size 39)
WARNING (gmm-est[5.5.592~1-2b30a]:MleDiagGmmUpdate():mle-diag-gmm.cc:359) Too little data - removing Gaussian (weight 0.029795, occupation count 6.703844, vector size 39)
WARNING (gmm-est[5.5.592~1-2b30a]:MleDiagGmmUpdate():mle-diag-gmm.cc:359) Too little data - removing Gaussian (weight 0.049101, occupation count 7.070577, vector size 39)
LOG (gmm-est[5.5.592~1-2b30a]:MleAmDiagGmmUpdate():mle-am-diag-gmm.cc:225) 0 variance elements floored in 0 Gaussians, out of 1314
LOG (gmm-est[5.5.592~1-2b30a]:MleAmDiagGmmUpdate():mle-am-diag-gmm.cc:229) Removed 159 Gaussians due to counts < --min-gaussian-occupancy=10 and --remove-low-count-gaussians=true
LOG (gmm-est[5.5.592~1-2b30a]:main():gmm-est.cc:113) GMM update: Overall 1.99716 objective function improvement per frame over 30955 frames
LOG (gmm-est[5.5.592~1-2b30a]:main():gmm-est.cc:116) GMM update: Overall avg like per frame = -91.0563 over 30955 frames.
WARNING (gmm-est[5.5.592~1-2b30a]:GetSplitTargets():model-common.cc:134) Could not split up to 2720 due to min-count = 20 (or no counts at all)

LOG (gmm-est[5.5.592~1-2b30a]:SplitByCount():am-diag-gmm.cc:116) Split 144 states with target = 2720, power = 0.25, perturb_factor = 0.01 and min_count = 20, split #Gauss from 1314 to 1473
LOG (gmm-est[5.5.592~1-2b30a]:main():gmm-est.cc:146) Written model to exp/tri1/4.mdl
# Accounting: time=0 threads=1
# Ended (code 0) at Thu Feb 27 11:43:48 +0530 2020, elapsed time 0 seconds
