# lattice-best-path --lm-scale=7 --word-symbol-table=exp/mono/graph/words.txt "ark:gunzip -c exp/mono/decode/lat.*.gz|" ark,t:exp/mono/decode/scoring/7.tra 
# Started at Thu Feb 27 11:43:45 +0530 2020
#
lattice-best-path --lm-scale=7 --word-symbol-table=exp/mono/graph/words.txt 'ark:gunzip -c exp/mono/decode/lat.*.gz|' ark,t:exp/mono/decode/scoring/7.tra 
LOG (lattice-best-path[5.5.592~1-2b30a]:main():lattice-best-path.cc:99) For utterance azir_cont_10, best cost 101.084 + 9151.37 = 9252.45 over 105 frames.
azir_cont_10 දහය 
LOG (lattice-best-path[5.5.592~1-2b30a]:main():lattice-best-path.cc:99) For utterance azir_cont_100, best cost 90.3505 + 7219.36 = 7309.71 over 85 frames.
azir_cont_100 සීය 
LOG (lattice-best-path[5.5.592~1-2b30a]:main():lattice-best-path.cc:99) For utterance azir_cont_1000, best cost 85.0739 + 5488.6 = 5573.68 over 65 frames.
azir_cont_1000 දාහ 
LOG (lattice-best-path[5.5.592~1-2b30a]:main():lattice-best-path.cc:99) For utterance azir_cont_10000, best cost 102.208 + 9122.58 = 9224.79 over 102 frames.
azir_cont_10000 දහදාහ 
LOG (lattice-best-path[5.5.592~1-2b30a]:main():lattice-best-path.cc:99) For utterance azir_cont_1000_2, best cost 116.455 + 11159.9 = 11276.3 over 127 frames.
azir_cont_1000_2 එකදාහ 
LOG (lattice-best-path[5.5.592~1-2b30a]:main():lattice-best-path.cc:99) For utterance azir_cont_1000s, best cost 82.2153 + 8630.27 = 8712.49 over 94 frames.
azir_cont_1000s දෙදහස් 
LOG (lattice-best-path[5.5.592~1-2b30a]:main():lattice-best-path.cc:99) For utterance azir_cont_100_2, best cost 93.5645 + 9072.11 = 9165.67 over 103 frames.
azir_cont_100_2 එකසීය 
LOG (lattice-best-path[5.5.592~1-2b30a]:main():lattice-best-path.cc:99) For utterance azir_cont_11, best cost 81.7867 + 7491.65 = 7573.44 over 77 frames.
azir_cont_11 එකොළහ 
LOG (lattice-best-path[5.5.592~1-2b30a]:main():lattice-best-path.cc:99) For utterance azir_cont_12, best cost 80.7944 + 6593.86 = 6674.65 over 71 frames.
azir_cont_12 දොළහ 
LOG (lattice-best-path[5.5.592~1-2b30a]:main():lattice-best-path.cc:99) For utterance azir_cont_13, best cost 101.591 + 8351.25 = 8452.85 over 91 frames.
azir_cont_13 දහතුන 
LOG (lattice-best-path[5.5.592~1-2b30a]:main():lattice-best-path.cc:99) For utterance azir_cont_14, best cost 95.6737 + 8143.48 = 8239.15 over 94 frames.
azir_cont_14 දාහතර 
LOG (lattice-best-path[5.5.592~1-2b30a]:main():lattice-best-path.cc:99) For utterance azir_cont_148, best cost 195.913 + 17236.1 = 17432 over 183 frames.
azir_cont_148 එකසීය හතලිස් හත 
LOG (lattice-best-path[5.5.592~1-2b30a]:main():lattice-best-path.cc:99) For utterance azir_cont_14_2, best cost 96.2859 + 7531.29 = 7627.58 over 84 frames.
azir_cont_14_2 දහහතර 
LOG (lattice-best-path[5.5.592~1-2b30a]:main():lattice-best-path.cc:99) For utterance azir_cont_15, best cost 88.0283 + 6156.51 = 6244.53 over 69 frames.
azir_cont_15 පහළොව 
LOG (lattice-best-path[5.5.592~1-2b30a]:main():lattice-best-path.cc:99) For utterance azir_cont_1550, best cost 236.317 + 22034.3 = 22270.6 over 241 frames.
azir_cont_1550 දෙදහස් පන්සීය පනහ 
LOG (lattice-best-path[5.5.592~1-2b30a]:main():lattice-best-path.cc:99) For utterance azir_cont_16, best cost 87.8206 + 7997.7 = 8085.52 over 94 frames.
azir_cont_16 දාසය 
LOG (lattice-best-path[5.5.592~1-2b30a]:main():lattice-best-path.cc:99) For utterance azir_cont_16_2, best cost 99.4376 + 7683.41 = 7782.84 over 88 frames.
azir_cont_16_2 දහසය 
LOG (lattice-best-path[5.5.592~1-2b30a]:main():lattice-best-path.cc:99) For utterance azir_cont_17, best cost 79.2285 + 6354.16 = 6433.39 over 74 frames.
azir_cont_17 දාහත 
LOG (lattice-best-path[5.5.592~1-2b30a]:main():lattice-best-path.cc:99) For utterance azir_cont_17_2, best cost 103.849 + 8318.73 = 8422.58 over 94 frames.
azir_cont_17_2 දහහත 
LOG (lattice-best-path[5.5.592~1-2b30a]:main():lattice-best-path.cc:99) For utterance azir_cont_18, best cost 98.138 + 8030.55 = 8128.69 over 90 frames.
azir_cont_18 දහඅට 
LOG (lattice-best-path[5.5.592~1-2b30a]:main():lattice-best-path.cc:99) For utterance azir_cont_19, best cost 95.506 + 8217.53 = 8313.04 over 93 frames.
azir_cont_19 දහනවය 
LOG (lattice-best-path[5.5.592~1-2b30a]:main():lattice-best-path.cc:99) For utterance azir_cont_19_2, best cost 112.593 + 9752.25 = 9864.85 over 104 frames.
azir_cont_19_2 දහනමය 
LOG (lattice-best-path[5.5.592~1-2b30a]:main():lattice-best-path.cc:99) For utterance azir_cont_20, best cost 90.2228 + 8846.97 = 8937.19 over 98 frames.
azir_cont_20 විස්ස 
LOG (lattice-best-path[5.5.592~1-2b30a]:main():lattice-best-path.cc:99) For utterance azir_cont_200, best cost 98.6554 + 7920.85 = 8019.51 over 93 frames.
azir_cont_200 දෙසීය 
LOG (lattice-best-path[5.5.592~1-2b30a]:main():lattice-best-path.cc:99) For utterance azir_cont_2000, best cost 98.0671 + 8649.9 = 8747.97 over 101 frames.
azir_cont_2000 දෙදාහ 
LOG (lattice-best-path[5.5.592~1-2b30a]:main():lattice-best-path.cc:99) For utterance azir_cont_2000s, best cost 80.1464 + 7859.31 = 7939.46 over 89 frames.
azir_cont_2000s දෙදහස් 
LOG (lattice-best-path[5.5.592~1-2b30a]:main():lattice-best-path.cc:99) For utterance azir_cont_21, best cost 120.153 + 8962.72 = 9082.87 over 95 frames.
azir_cont_21 විසි එක 
LOG (lattice-best-path[5.5.592~1-2b30a]:main():lattice-best-path.cc:99) For utterance azir_cont_230, best cost 160.396 + 13421.4 = 13581.8 over 148 frames.
azir_cont_230 දෙසීය තිහ 
LOG (lattice-best-path[5.5.592~1-2b30a]:main():lattice-best-path.cc:99) For utterance azir_cont_300, best cost 94.6721 + 8092.09 = 8186.76 over 91 frames.
azir_cont_300 තුන්සීය 
LOG (lattice-best-path[5.5.592~1-2b30a]:main():lattice-best-path.cc:99) For utterance azir_cont_3000, best cost 100.314 + 9247.61 = 9347.92 over 111 frames.
azir_cont_3000 තුන්දාහ 
LOG (lattice-best-path[5.5.592~1-2b30a]:main():lattice-best-path.cc:99) For utterance azir_cont_3000s, best cost 92.2364 + 8817.5 = 8909.74 over 105 frames.
azir_cont_3000s තුන්දහස් 
LOG (lattice-best-path[5.5.592~1-2b30a]:main():lattice-best-path.cc:99) For utterance azir_cont_32, best cost 121.858 + 8422.58 = 8544.44 over 95 frames.
azir_cont_32 තිස් දෙක 
LOG (lattice-best-path[5.5.592~1-2b30a]:main():lattice-best-path.cc:99) For utterance azir_cont_3610, best cost 236.667 + 20592.7 = 20829.3 over 230 frames.
azir_cont_3610 තුන්දහස් හයසීය දහය 
LOG (lattice-best-path[5.5.592~1-2b30a]:main():lattice-best-path.cc:99) For utterance azir_cont_38_96, best cost 221.874 + 18497 = 18718.9 over 198 frames.
azir_cont_38_96 තිස් අට අනූ හය 
LOG (lattice-best-path[5.5.592~1-2b30a]:main():lattice-best-path.cc:99) For utterance azir_cont_3_8_9_6, best cost 218.351 + 20580.8 = 20799.1 over 227 frames.
azir_cont_3_8_9_6 තුන අට නවය හය 
LOG (lattice-best-path[5.5.592~1-2b30a]:main():lattice-best-path.cc:99) For utterance azir_cont_40, best cost 97.7368 + 8770.69 = 8868.42 over 98 frames.
azir_cont_40 හතලිහ 
LOG (lattice-best-path[5.5.592~1-2b30a]:main():lattice-best-path.cc:99) For utterance azir_cont_400, best cost 97.2071 + 10268.3 = 10365.5 over 112 frames.
azir_cont_400 හත්සීය 
LOG (lattice-best-path[5.5.592~1-2b30a]:main():lattice-best-path.cc:99) For utterance azir_cont_4000s, best cost 87.0727 + 6161.18 = 6248.26 over 69 frames.
azir_cont_4000s හාරදහස් 
LOG (lattice-best-path[5.5.592~1-2b30a]:main():lattice-best-path.cc:99) For utterance azir_cont_43, best cost 132.273 + 11204.9 = 11337.2 over 126 frames.
azir_cont_43 හතලිස් තුන 
LOG (lattice-best-path[5.5.592~1-2b30a]:main():lattice-best-path.cc:99) For utterance azir_cont_50, best cost 90.2711 + 5453.63 = 5543.9 over 58 frames.
azir_cont_50 පනහ 
LOG (lattice-best-path[5.5.592~1-2b30a]:main():lattice-best-path.cc:99) For utterance azir_cont_500, best cost 86.1023 + 7460 = 7546.1 over 86 frames.
azir_cont_500 පන්සීය 
LOG (lattice-best-path[5.5.592~1-2b30a]:main():lattice-best-path.cc:99) For utterance azir_cont_5000, best cost 99.8395 + 8685.28 = 8785.12 over 107 frames.
azir_cont_5000 පන්දාහ 
LOG (lattice-best-path[5.5.592~1-2b30a]:main():lattice-best-path.cc:99) For utterance azir_cont_5000s, best cost 93.6019 + 9271.42 = 9365.02 over 111 frames.
azir_cont_5000s පන්දහස් 
LOG (lattice-best-path[5.5.592~1-2b30a]:main():lattice-best-path.cc:99) For utterance azir_cont_5399, best cost 268.753 + 18875.4 = 19144.2 over 203 frames.
azir_cont_5399 පන්දහස් තුන්සීය අනූ අනූව 
LOG (lattice-best-path[5.5.592~1-2b30a]:main():lattice-best-path.cc:99) For utterance azir_cont_54, best cost 130.332 + 10105.8 = 10236.1 over 113 frames.
azir_cont_54 පනස් හතර 
LOG (lattice-best-path[5.5.592~1-2b30a]:main():lattice-best-path.cc:99) For utterance azir_cont_56_49, best cost 229.669 + 17649 = 17878.7 over 195 frames.
azir_cont_56_49 පනස් හය හතලිස් නවය 
LOG (lattice-best-path[5.5.592~1-2b30a]:main():lattice-best-path.cc:99) For utterance azir_cont_60, best cost 78.3139 + 5816.15 = 5894.46 over 64 frames.
azir_cont_60 හැට 
LOG (lattice-best-path[5.5.592~1-2b30a]:main():lattice-best-path.cc:99) For utterance azir_cont_600, best cost 91.3032 + 9610.86 = 9702.17 over 116 frames.
azir_cont_600 හයසීය 
LOG (lattice-best-path[5.5.592~1-2b30a]:main():lattice-best-path.cc:99) For utterance azir_cont_6000, best cost 100.12 + 9709.02 = 9809.14 over 117 frames.
azir_cont_6000 හයදාහ 
LOG (lattice-best-path[5.5.592~1-2b30a]:main():lattice-best-path.cc:99) For utterance azir_cont_6000s, best cost 90.1085 + 8866.55 = 8956.66 over 104 frames.
azir_cont_6000s හයදහස් 
LOG (lattice-best-path[5.5.592~1-2b30a]:main():lattice-best-path.cc:99) For utterance azir_cont_61, best cost 117.063 + 10747.4 = 10864.4 over 120 frames.
azir_cont_61 හැට එක 
LOG (lattice-best-path[5.5.592~1-2b30a]:main():lattice-best-path.cc:99) For utterance azir_cont_6475, best cost 256.758 + 20743.7 = 21000.4 over 224 frames.
azir_cont_6475 හයදහස් හත්සීය හැත්ත පහ 
LOG (lattice-best-path[5.5.592~1-2b30a]:main():lattice-best-path.cc:99) For utterance azir_cont_64_75, best cost 234.567 + 20320.5 = 20555 over 218 frames.
azir_cont_64_75 හැට හතර හැත්ත පහ 
LOG (lattice-best-path[5.5.592~1-2b30a]:main():lattice-best-path.cc:99) For utterance azir_cont_651, best cost 190.671 + 16936.2 = 17126.9 over 182 frames.
azir_cont_651 හයසීය පනස් එක 
LOG (lattice-best-path[5.5.592~1-2b30a]:main():lattice-best-path.cc:99) For utterance azir_cont_6_4_7_5, best cost 228.82 + 22857.3 = 23086.1 over 258 frames.
azir_cont_6_4_7_5 හය හතර හත පහ 
LOG (lattice-best-path[5.5.592~1-2b30a]:main():lattice-best-path.cc:99) For utterance azir_cont_70, best cost 81.8572 + 7397.7 = 7479.55 over 82 frames.
azir_cont_70 හැත්තෑව 
LOG (lattice-best-path[5.5.592~1-2b30a]:main():lattice-best-path.cc:99) For utterance azir_cont_700, best cost 86.6915 + 9703.24 = 9789.93 over 113 frames.
azir_cont_700 හත්සීය 
LOG (lattice-best-path[5.5.592~1-2b30a]:main():lattice-best-path.cc:99) For utterance azir_cont_7000, best cost 105.978 + 11158 = 11264 over 127 frames.
azir_cont_7000 හත්දාහ 
LOG (lattice-best-path[5.5.592~1-2b30a]:main():lattice-best-path.cc:99) For utterance azir_cont_7000s, best cost 87.26 + 9868.62 = 9955.88 over 116 frames.
azir_cont_7000s හත්දහස් 
LOG (lattice-best-path[5.5.592~1-2b30a]:main():lattice-best-path.cc:99) For utterance azir_cont_75, best cost 115.45 + 10674.6 = 10790 over 117 frames.
azir_cont_75 හැත්ත පහ 
LOG (lattice-best-path[5.5.592~1-2b30a]:main():lattice-best-path.cc:99) For utterance azir_cont_7_138, best cost 302.585 + 25299.9 = 25602.5 over 267 frames.
azir_cont_7_138 හත තිස් එකසීය තිස් අට 
LOG (lattice-best-path[5.5.592~1-2b30a]:main():lattice-best-path.cc:99) For utterance azir_cont_80, best cost 91.2702 + 7798.92 = 7890.19 over 86 frames.
azir_cont_80 අසූව 
LOG (lattice-best-path[5.5.592~1-2b30a]:main():lattice-best-path.cc:99) For utterance azir_cont_800, best cost 88.6828 + 8508.03 = 8596.71 over 98 frames.
azir_cont_800 අටසීය 
LOG (lattice-best-path[5.5.592~1-2b30a]:main():lattice-best-path.cc:99) For utterance azir_cont_8000, best cost 99.6448 + 8189.73 = 8289.37 over 95 frames.
azir_cont_8000 අටදාහ 
LOG (lattice-best-path[5.5.592~1-2b30a]:main():lattice-best-path.cc:99) For utterance azir_cont_8000s, best cost 92.3819 + 9018.49 = 9110.87 over 106 frames.
azir_cont_8000s අටදහස් 
LOG (lattice-best-path[5.5.592~1-2b30a]:main():lattice-best-path.cc:99) For utterance azir_cont_810, best cost 160.92 + 11911.5 = 12072.4 over 131 frames.
azir_cont_810 අටසීය දහය 
LOG (lattice-best-path[5.5.592~1-2b30a]:main():lattice-best-path.cc:99) For utterance azir_cont_89, best cost 133.004 + 10975.6 = 11108.6 over 126 frames.
azir_cont_89 අසූ නවය 
LOG (lattice-best-path[5.5.592~1-2b30a]:main():lattice-best-path.cc:99) For utterance azir_cont_90, best cost 93.3896 + 6324.59 = 6417.98 over 71 frames.
azir_cont_90 අනූව 
LOG (lattice-best-path[5.5.592~1-2b30a]:main():lattice-best-path.cc:99) For utterance azir_cont_900, best cost 94.4718 + 9746.01 = 9840.48 over 115 frames.
azir_cont_900 නවසීය 
LOG (lattice-best-path[5.5.592~1-2b30a]:main():lattice-best-path.cc:99) For utterance azir_cont_9000, best cost 104.999 + 8445.61 = 8550.61 over 103 frames.
azir_cont_9000 නවදාහ 
LOG (lattice-best-path[5.5.592~1-2b30a]:main():lattice-best-path.cc:99) For utterance azir_cont_9000s, best cost 97.531 + 10654.9 = 10752.4 over 123 frames.
azir_cont_9000s නවදහස් 
LOG (lattice-best-path[5.5.592~1-2b30a]:main():lattice-best-path.cc:99) For utterance azir_cont_96, best cost 118.353 + 9495.34 = 9613.69 over 107 frames.
azir_cont_96 අනූ හය 
LOG (lattice-best-path[5.5.592~1-2b30a]:main():lattice-best-path.cc:99) For utterance azir_cont_9721, best cost 243.944 + 19730.3 = 19974.2 over 212 frames.
azir_cont_9721 නවදහස් හත්සීය විසි එක 
LOG (lattice-best-path[5.5.592~1-2b30a]:main():lattice-best-path.cc:99) For utterance azir_cont_9_7_2_1, best cost 221.533 + 24511.6 = 24733.1 over 270 frames.
azir_cont_9_7_2_1 නවය හත එක එක 
LOG (lattice-best-path[5.5.592~1-2b30a]:main():lattice-best-path.cc:99) For utterance sajith_1_5_8, best cost 181.297 + 26517.2 = 26698.5 over 286 frames.
sajith_1_5_8 දෙක පහ අට 
LOG (lattice-best-path[5.5.592~1-2b30a]:main():lattice-best-path.cc:99) For utterance sajith_2_3_6, best cost 192.309 + 29902.7 = 30095 over 306 frames.
sajith_2_3_6 දෙක තුන හය 
LOG (lattice-best-path[5.5.592~1-2b30a]:main():lattice-best-path.cc:99) For utterance sajith_3_0_9, best cost 221.204 + 27556.1 = 27777.3 over 283 frames.
sajith_3_0_9 තුන බිංදුව නවය 
LOG (lattice-best-path[5.5.592~1-2b30a]:main():lattice-best-path.cc:99) For utterance sajith_3_6_9, best cost 195.128 + 26448.3 = 26643.5 over 269 frames.
sajith_3_6_9 තුන හය නවය 
LOG (lattice-best-path[5.5.592~1-2b30a]:main():lattice-best-path.cc:99) For utterance sajith_5_5_6, best cost 183.396 + 26227.5 = 26410.9 over 283 frames.
sajith_5_5_6 පහ පහ හය 
LOG (lattice-best-path[5.5.592~1-2b30a]:main():lattice-best-path.cc:99) For utterance sajith_5_6_2, best cost 203.924 + 25224.2 = 25428.1 over 263 frames.
sajith_5_6_2 පහ හතලිහ දෙක 
LOG (lattice-best-path[5.5.592~1-2b30a]:main():lattice-best-path.cc:99) For utterance sajith_5_6_6, best cost 206.8 + 29741.9 = 29948.7 over 323 frames.
sajith_5_6_6 පහ හතලිහ හත 
LOG (lattice-best-path[5.5.592~1-2b30a]:main():lattice-best-path.cc:99) For utterance sajith_6_1_4, best cost 207.547 + 28152.2 = 28359.8 over 299 frames.
sajith_6_1_4 හතලිහ එක හතර 
LOG (lattice-best-path[5.5.592~1-2b30a]:main():lattice-best-path.cc:99) For utterance sajith_7_4_2, best cost 201.853 + 28461.1 = 28662.9 over 296 frames.
sajith_7_4_2 හත හතර දෙක 
LOG (lattice-best-path[5.5.592~1-2b30a]:main():lattice-best-path.cc:99) For utterance sajith_7_9_6, best cost 219.342 + 27745.4 = 27964.8 over 283 frames.
sajith_7_9_6 හත නවය හය 
LOG (lattice-best-path[5.5.592~1-2b30a]:main():lattice-best-path.cc:99) For utterance shehan_1_1_8, best cost 175.407 + 30322.3 = 30497.7 over 321 frames.
shehan_1_1_8 එක එක අට 
LOG (lattice-best-path[5.5.592~1-2b30a]:main():lattice-best-path.cc:99) For utterance shehan_1_4_8, best cost 193.022 + 28153.3 = 28346.3 over 299 frames.
shehan_1_4_8 එක හතර අට 
LOG (lattice-best-path[5.5.592~1-2b30a]:main():lattice-best-path.cc:99) For utterance shehan_1_7_2, best cost 231.801 + 31109.2 = 31341 over 321 frames.
shehan_1_7_2 එක හත දෙක 
LOG (lattice-best-path[5.5.592~1-2b30a]:main():lattice-best-path.cc:99) For utterance shehan_2_4_6, best cost 193.948 + 29031.2 = 29225.2 over 302 frames.
shehan_2_4_6 දෙක හතර හය 
LOG (lattice-best-path[5.5.592~1-2b30a]:main():lattice-best-path.cc:99) For utterance shehan_3_1_9, best cost 210.174 + 30741.6 = 30951.8 over 317 frames.
shehan_3_1_9 තුන එක නවය 
LOG (lattice-best-path[5.5.592~1-2b30a]:main():lattice-best-path.cc:99) For utterance shehan_3_2_1, best cost 216.62 + 32835.7 = 33052.3 over 356 frames.
shehan_3_2_1 තුන දෙක එක 
LOG (lattice-best-path[5.5.592~1-2b30a]:main():lattice-best-path.cc:99) For utterance shehan_4_5_2, best cost 205.497 + 34716.9 = 34922.4 over 378 frames.
shehan_4_5_2 හතර පහ දෙක 
LOG (lattice-best-path[5.5.592~1-2b30a]:main():lattice-best-path.cc:99) For utterance shehan_5_6_6, best cost 195.002 + 34984.4 = 35179.4 over 363 frames.
shehan_5_6_6 පහ හය හය 
LOG (lattice-best-path[5.5.592~1-2b30a]:main():lattice-best-path.cc:99) For utterance shehan_8_0_9, best cost 237.028 + 32387 = 32624 over 333 frames.
shehan_8_0_9 අට බිංදුව නවය 
LOG (lattice-best-path[5.5.592~1-2b30a]:main():lattice-best-path.cc:99) For utterance shehan_9_1_9, best cost 190.211 + 32144.7 = 32334.9 over 321 frames.
shehan_9_1_9 නවය එක නවය 
LOG (lattice-best-path[5.5.592~1-2b30a]:main():lattice-best-path.cc:124) Overall cost per frame is 92.6995 = 0.874324 [graph] + 91.8252 [acoustic] over 15257 frames.
LOG (lattice-best-path[5.5.592~1-2b30a]:main():lattice-best-path.cc:128) Done 94 lattices, failed for 0
# Accounting: time=0 threads=1
# Ended (code 0) at Thu Feb 27 11:43:45 +0530 2020, elapsed time 0 seconds
