# nnet-latgen-faster-parallel --max-active=500 --min-active=200 --beam=8 --lattice-beam=3 --acoustic-scale=0.1 --allow-partial=true --word-symbol-table=exp/tri1/graph/words.txt exp/nnet2/nnet2_simple/final.mdl exp/tri1/graph/HCLG.fst "ark,s,cs:copy-feats scp:data/test/split1/1/feats.scp ark:- |" "ark:|gzip -c > exp/nnet2/nnet2_simple/decode/lat.1.gz" 
# Started at Sat Feb 29 16:50:14 +0530 2020
#
nnet-latgen-faster-parallel --max-active=500 --min-active=200 --beam=8 --lattice-beam=3 --acoustic-scale=0.1 --allow-partial=true --word-symbol-table=exp/tri1/graph/words.txt exp/nnet2/nnet2_simple/final.mdl exp/tri1/graph/HCLG.fst 'ark,s,cs:copy-feats scp:data/test/split1/1/feats.scp ark:- |' 'ark:|gzip -c > exp/nnet2/nnet2_simple/decode/lat.1.gz' 
copy-feats scp:data/test/split1/1/feats.scp ark:- 
azir_cont_10 දහය 
LOG (nnet-latgen-faster-parallel[5.5.592~1-2b30a]:~DecodeUtteranceLatticeFasterClass():decoder-wrappers.cc:180) Log-like per frame for utterance azir_cont_10 is 0.139581 over 105 frames.
azir_cont_100 හත්සීය 
LOG (nnet-latgen-faster-parallel[5.5.592~1-2b30a]:~DecodeUtteranceLatticeFasterClass():decoder-wrappers.cc:180) Log-like per frame for utterance azir_cont_100 is 0.14797 over 85 frames.
azir_cont_1000 දාහ 
LOG (nnet-latgen-faster-parallel[5.5.592~1-2b30a]:~DecodeUtteranceLatticeFasterClass():decoder-wrappers.cc:180) Log-like per frame for utterance azir_cont_1000 is 0.139721 over 65 frames.
azir_cont_10000 දහදාහ 
LOG (nnet-latgen-faster-parallel[5.5.592~1-2b30a]:~DecodeUtteranceLatticeFasterClass():decoder-wrappers.cc:180) Log-like per frame for utterance azir_cont_10000 is 0.202779 over 102 frames.
azir_cont_1000_2 දෙදාහ 
LOG (nnet-latgen-faster-parallel[5.5.592~1-2b30a]:~DecodeUtteranceLatticeFasterClass():decoder-wrappers.cc:180) Log-like per frame for utterance azir_cont_1000_2 is 0.180277 over 127 frames.
azir_cont_1000s දෙදහස් 
LOG (nnet-latgen-faster-parallel[5.5.592~1-2b30a]:~DecodeUtteranceLatticeFasterClass():decoder-wrappers.cc:180) Log-like per frame for utterance azir_cont_1000s is 0.190761 over 94 frames.
azir_cont_100_2 එකසීය 
LOG (nnet-latgen-faster-parallel[5.5.592~1-2b30a]:~DecodeUtteranceLatticeFasterClass():decoder-wrappers.cc:180) Log-like per frame for utterance azir_cont_100_2 is 0.226335 over 103 frames.
azir_cont_11 දෙදාහ 
LOG (nnet-latgen-faster-parallel[5.5.592~1-2b30a]:~DecodeUtteranceLatticeFasterClass():decoder-wrappers.cc:180) Log-like per frame for utterance azir_cont_11 is 0.0964568 over 77 frames.
azir_cont_12 දාහ 
LOG (nnet-latgen-faster-parallel[5.5.592~1-2b30a]:~DecodeUtteranceLatticeFasterClass():decoder-wrappers.cc:180) Log-like per frame for utterance azir_cont_12 is 0.182883 over 71 frames.
azir_cont_13 දහතුන 
LOG (nnet-latgen-faster-parallel[5.5.592~1-2b30a]:~DecodeUtteranceLatticeFasterClass():decoder-wrappers.cc:180) Log-like per frame for utterance azir_cont_13 is 0.125672 over 91 frames.
azir_cont_14 දාහතර 
LOG (nnet-latgen-faster-parallel[5.5.592~1-2b30a]:~DecodeUtteranceLatticeFasterClass():decoder-wrappers.cc:180) Log-like per frame for utterance azir_cont_14 is 0.223987 over 94 frames.
azir_cont_148 එකසීය හතලිස් හත 
LOG (nnet-latgen-faster-parallel[5.5.592~1-2b30a]:~DecodeUtteranceLatticeFasterClass():decoder-wrappers.cc:180) Log-like per frame for utterance azir_cont_148 is 0.164138 over 183 frames.
azir_cont_14_2 දාහතර 
LOG (nnet-latgen-faster-parallel[5.5.592~1-2b30a]:~DecodeUtteranceLatticeFasterClass():decoder-wrappers.cc:180) Log-like per frame for utterance azir_cont_14_2 is 0.20095 over 84 frames.
azir_cont_15 පහළොව 
LOG (nnet-latgen-faster-parallel[5.5.592~1-2b30a]:~DecodeUtteranceLatticeFasterClass():decoder-wrappers.cc:180) Log-like per frame for utterance azir_cont_15 is 0.147128 over 69 frames.
azir_cont_1550 පන්දහස් පන්සීය පහ 
LOG (nnet-latgen-faster-parallel[5.5.592~1-2b30a]:~DecodeUtteranceLatticeFasterClass():decoder-wrappers.cc:180) Log-like per frame for utterance azir_cont_1550 is 0.147991 over 241 frames.
azir_cont_16 දාසය 
LOG (nnet-latgen-faster-parallel[5.5.592~1-2b30a]:~DecodeUtteranceLatticeFasterClass():decoder-wrappers.cc:180) Log-like per frame for utterance azir_cont_16 is 0.244321 over 94 frames.
azir_cont_16_2 දාසය 
LOG (nnet-latgen-faster-parallel[5.5.592~1-2b30a]:~DecodeUtteranceLatticeFasterClass():decoder-wrappers.cc:180) Log-like per frame for utterance azir_cont_16_2 is 0.189153 over 88 frames.
azir_cont_17 දාහත 
LOG (nnet-latgen-faster-parallel[5.5.592~1-2b30a]:~DecodeUtteranceLatticeFasterClass():decoder-wrappers.cc:180) Log-like per frame for utterance azir_cont_17 is 0.199341 over 74 frames.
azir_cont_17_2 දහහත 
LOG (nnet-latgen-faster-parallel[5.5.592~1-2b30a]:~DecodeUtteranceLatticeFasterClass():decoder-wrappers.cc:180) Log-like per frame for utterance azir_cont_17_2 is 0.196144 over 94 frames.
azir_cont_18 දහහත 
LOG (nnet-latgen-faster-parallel[5.5.592~1-2b30a]:~DecodeUtteranceLatticeFasterClass():decoder-wrappers.cc:180) Log-like per frame for utterance azir_cont_18 is 0.153346 over 90 frames.
azir_cont_19 දහනවය 
LOG (nnet-latgen-faster-parallel[5.5.592~1-2b30a]:~DecodeUtteranceLatticeFasterClass():decoder-wrappers.cc:180) Log-like per frame for utterance azir_cont_19 is 0.202382 over 93 frames.
azir_cont_19_2 දහනවය 
LOG (nnet-latgen-faster-parallel[5.5.592~1-2b30a]:~DecodeUtteranceLatticeFasterClass():decoder-wrappers.cc:180) Log-like per frame for utterance azir_cont_19_2 is 0.179112 over 104 frames.
azir_cont_20 විස්ස 
LOG (nnet-latgen-faster-parallel[5.5.592~1-2b30a]:~DecodeUtteranceLatticeFasterClass():decoder-wrappers.cc:180) Log-like per frame for utterance azir_cont_20 is 0.184489 over 98 frames.
azir_cont_200 දෙසීය 
LOG (nnet-latgen-faster-parallel[5.5.592~1-2b30a]:~DecodeUtteranceLatticeFasterClass():decoder-wrappers.cc:180) Log-like per frame for utterance azir_cont_200 is 0.1985 over 93 frames.
azir_cont_2000 දෙදාහ 
LOG (nnet-latgen-faster-parallel[5.5.592~1-2b30a]:~DecodeUtteranceLatticeFasterClass():decoder-wrappers.cc:180) Log-like per frame for utterance azir_cont_2000 is 0.212622 over 101 frames.
azir_cont_2000s දෙදහස් 
LOG (nnet-latgen-faster-parallel[5.5.592~1-2b30a]:~DecodeUtteranceLatticeFasterClass():decoder-wrappers.cc:180) Log-like per frame for utterance azir_cont_2000s is 0.249157 over 89 frames.
azir_cont_21 විසි එක 
LOG (nnet-latgen-faster-parallel[5.5.592~1-2b30a]:~DecodeUtteranceLatticeFasterClass():decoder-wrappers.cc:180) Log-like per frame for utterance azir_cont_21 is 0.126866 over 95 frames.
azir_cont_230 දෙසීය 
LOG (nnet-latgen-faster-parallel[5.5.592~1-2b30a]:~DecodeUtteranceLatticeFasterClass():decoder-wrappers.cc:180) Log-like per frame for utterance azir_cont_230 is 0.13965 over 148 frames.
azir_cont_300 තුන්සීය 
LOG (nnet-latgen-faster-parallel[5.5.592~1-2b30a]:~DecodeUtteranceLatticeFasterClass():decoder-wrappers.cc:180) Log-like per frame for utterance azir_cont_300 is 0.229932 over 91 frames.
azir_cont_3000 තුන්දාහ 
LOG (nnet-latgen-faster-parallel[5.5.592~1-2b30a]:~DecodeUtteranceLatticeFasterClass():decoder-wrappers.cc:180) Log-like per frame for utterance azir_cont_3000 is 0.243136 over 111 frames.
azir_cont_3000s තුන්දහස් 
LOG (nnet-latgen-faster-parallel[5.5.592~1-2b30a]:~DecodeUtteranceLatticeFasterClass():decoder-wrappers.cc:180) Log-like per frame for utterance azir_cont_3000s is 0.266804 over 105 frames.
azir_cont_32 තිස් දෙක 
LOG (nnet-latgen-faster-parallel[5.5.592~1-2b30a]:~DecodeUtteranceLatticeFasterClass():decoder-wrappers.cc:180) Log-like per frame for utterance azir_cont_32 is 0.138201 over 95 frames.
azir_cont_3610 තුන හයසීය නවය 
LOG (nnet-latgen-faster-parallel[5.5.592~1-2b30a]:~DecodeUtteranceLatticeFasterClass():decoder-wrappers.cc:180) Log-like per frame for utterance azir_cont_3610 is 0.158989 over 230 frames.
azir_cont_38_96 තිස් අට අනූ හය 
LOG (nnet-latgen-faster-parallel[5.5.592~1-2b30a]:~DecodeUtteranceLatticeFasterClass():decoder-wrappers.cc:180) Log-like per frame for utterance azir_cont_38_96 is 0.11255 over 198 frames.
azir_cont_3_8_9_6 තුන අට නවය හය 
LOG (nnet-latgen-faster-parallel[5.5.592~1-2b30a]:~DecodeUtteranceLatticeFasterClass():decoder-wrappers.cc:180) Log-like per frame for utterance azir_cont_3_8_9_6 is 0.154399 over 227 frames.
azir_cont_40 හත්සීය 
LOG (nnet-latgen-faster-parallel[5.5.592~1-2b30a]:~DecodeUtteranceLatticeFasterClass():decoder-wrappers.cc:180) Log-like per frame for utterance azir_cont_40 is 0.151323 over 98 frames.
azir_cont_400 හාරසීය 
LOG (nnet-latgen-faster-parallel[5.5.592~1-2b30a]:~DecodeUtteranceLatticeFasterClass():decoder-wrappers.cc:180) Log-like per frame for utterance azir_cont_400 is 0.212574 over 112 frames.
azir_cont_4000s හාරදහස් 
LOG (nnet-latgen-faster-parallel[5.5.592~1-2b30a]:~DecodeUtteranceLatticeFasterClass():decoder-wrappers.cc:180) Log-like per frame for utterance azir_cont_4000s is 0.154984 over 69 frames.
azir_cont_43 හතලිස් තුන 
LOG (nnet-latgen-faster-parallel[5.5.592~1-2b30a]:~DecodeUtteranceLatticeFasterClass():decoder-wrappers.cc:180) Log-like per frame for utterance azir_cont_43 is 0.167589 over 126 frames.
azir_cont_50 පනහ 
LOG (nnet-latgen-faster-parallel[5.5.592~1-2b30a]:~DecodeUtteranceLatticeFasterClass():decoder-wrappers.cc:180) Log-like per frame for utterance azir_cont_50 is 0.141211 over 58 frames.
azir_cont_500 පන්සීය 
LOG (nnet-latgen-faster-parallel[5.5.592~1-2b30a]:~DecodeUtteranceLatticeFasterClass():decoder-wrappers.cc:180) Log-like per frame for utterance azir_cont_500 is 0.263742 over 86 frames.
azir_cont_5000 පන්දාහ 
LOG (nnet-latgen-faster-parallel[5.5.592~1-2b30a]:~DecodeUtteranceLatticeFasterClass():decoder-wrappers.cc:180) Log-like per frame for utterance azir_cont_5000 is 0.233801 over 107 frames.
azir_cont_5000s පන්දහස් 
LOG (nnet-latgen-faster-parallel[5.5.592~1-2b30a]:~DecodeUtteranceLatticeFasterClass():decoder-wrappers.cc:180) Log-like per frame for utterance azir_cont_5000s is 0.236039 over 111 frames.
azir_cont_5399 පනස් තුන්සීය නවය 
LOG (nnet-latgen-faster-parallel[5.5.592~1-2b30a]:~DecodeUtteranceLatticeFasterClass():decoder-wrappers.cc:180) Log-like per frame for utterance azir_cont_5399 is 0.176541 over 203 frames.
azir_cont_54 පනස් හත 
LOG (nnet-latgen-faster-parallel[5.5.592~1-2b30a]:~DecodeUtteranceLatticeFasterClass():decoder-wrappers.cc:180) Log-like per frame for utterance azir_cont_54 is 0.18714 over 113 frames.
azir_cont_56_49 පනස් හය හතලිස් නවය 
LOG (nnet-latgen-faster-parallel[5.5.592~1-2b30a]:~DecodeUtteranceLatticeFasterClass():decoder-wrappers.cc:180) Log-like per frame for utterance azir_cont_56_49 is 0.14382 over 195 frames.
azir_cont_60 හැට 
LOG (nnet-latgen-faster-parallel[5.5.592~1-2b30a]:~DecodeUtteranceLatticeFasterClass():decoder-wrappers.cc:180) Log-like per frame for utterance azir_cont_60 is 0.0989329 over 64 frames.
azir_cont_600 හයසීය 
LOG (nnet-latgen-faster-parallel[5.5.592~1-2b30a]:~DecodeUtteranceLatticeFasterClass():decoder-wrappers.cc:180) Log-like per frame for utterance azir_cont_600 is 0.277173 over 116 frames.
azir_cont_6000 හයදාහ 
LOG (nnet-latgen-faster-parallel[5.5.592~1-2b30a]:~DecodeUtteranceLatticeFasterClass():decoder-wrappers.cc:180) Log-like per frame for utterance azir_cont_6000 is 0.238646 over 117 frames.
azir_cont_6000s හයදහස් 
LOG (nnet-latgen-faster-parallel[5.5.592~1-2b30a]:~DecodeUtteranceLatticeFasterClass():decoder-wrappers.cc:180) Log-like per frame for utterance azir_cont_6000s is 0.262164 over 104 frames.
azir_cont_61 හැට එක 
LOG (nnet-latgen-faster-parallel[5.5.592~1-2b30a]:~DecodeUtteranceLatticeFasterClass():decoder-wrappers.cc:180) Log-like per frame for utterance azir_cont_61 is 0.155491 over 120 frames.
azir_cont_6475 හයදහස් හාරසීය හැත්ත පහ 
LOG (nnet-latgen-faster-parallel[5.5.592~1-2b30a]:~DecodeUtteranceLatticeFasterClass():decoder-wrappers.cc:180) Log-like per frame for utterance azir_cont_6475 is 0.15171 over 224 frames.
azir_cont_64_75 හැට හතර හැත්ත පහ 
LOG (nnet-latgen-faster-parallel[5.5.592~1-2b30a]:~DecodeUtteranceLatticeFasterClass():decoder-wrappers.cc:180) Log-like per frame for utterance azir_cont_64_75 is 0.116914 over 218 frames.
azir_cont_651 හයසීය පනස් එක 
LOG (nnet-latgen-faster-parallel[5.5.592~1-2b30a]:~DecodeUtteranceLatticeFasterClass():decoder-wrappers.cc:180) Log-like per frame for utterance azir_cont_651 is 0.136261 over 182 frames.
azir_cont_6_4_7_5 හය හතර හත පහ 
LOG (nnet-latgen-faster-parallel[5.5.592~1-2b30a]:~DecodeUtteranceLatticeFasterClass():decoder-wrappers.cc:180) Log-like per frame for utterance azir_cont_6_4_7_5 is 0.197707 over 258 frames.
azir_cont_70 හැත්ත 
LOG (nnet-latgen-faster-parallel[5.5.592~1-2b30a]:~DecodeUtteranceLatticeFasterClass():decoder-wrappers.cc:180) Log-like per frame for utterance azir_cont_70 is 0.0882344 over 82 frames.
azir_cont_700 හත්සීය 
LOG (nnet-latgen-faster-parallel[5.5.592~1-2b30a]:~DecodeUtteranceLatticeFasterClass():decoder-wrappers.cc:180) Log-like per frame for utterance azir_cont_700 is 0.260182 over 113 frames.
azir_cont_7000 හත්දාහ 
LOG (nnet-latgen-faster-parallel[5.5.592~1-2b30a]:~DecodeUtteranceLatticeFasterClass():decoder-wrappers.cc:180) Log-like per frame for utterance azir_cont_7000 is 0.180171 over 127 frames.
azir_cont_7000s හත්දහස් 
LOG (nnet-latgen-faster-parallel[5.5.592~1-2b30a]:~DecodeUtteranceLatticeFasterClass():decoder-wrappers.cc:180) Log-like per frame for utterance azir_cont_7000s is 0.256085 over 116 frames.
azir_cont_75 හතර පහ 
LOG (nnet-latgen-faster-parallel[5.5.592~1-2b30a]:~DecodeUtteranceLatticeFasterClass():decoder-wrappers.cc:180) Log-like per frame for utterance azir_cont_75 is 0.0892505 over 117 frames.
azir_cont_7_138 හත එකසීය තිස් අට 
LOG (nnet-latgen-faster-parallel[5.5.592~1-2b30a]:~DecodeUtteranceLatticeFasterClass():decoder-wrappers.cc:180) Log-like per frame for utterance azir_cont_7_138 is 0.123566 over 267 frames.
azir_cont_80 අසූව 
LOG (nnet-latgen-faster-parallel[5.5.592~1-2b30a]:~DecodeUtteranceLatticeFasterClass():decoder-wrappers.cc:180) Log-like per frame for utterance azir_cont_80 is 0.211576 over 86 frames.
azir_cont_800 අටසීය 
LOG (nnet-latgen-faster-parallel[5.5.592~1-2b30a]:~DecodeUtteranceLatticeFasterClass():decoder-wrappers.cc:180) Log-like per frame for utterance azir_cont_800 is 0.213685 over 98 frames.
azir_cont_8000 අටදාහ 
LOG (nnet-latgen-faster-parallel[5.5.592~1-2b30a]:~DecodeUtteranceLatticeFasterClass():decoder-wrappers.cc:180) Log-like per frame for utterance azir_cont_8000 is 0.181592 over 95 frames.
azir_cont_8000s අටදහස් 
LOG (nnet-latgen-faster-parallel[5.5.592~1-2b30a]:~DecodeUtteranceLatticeFasterClass():decoder-wrappers.cc:180) Log-like per frame for utterance azir_cont_8000s is 0.222142 over 106 frames.
azir_cont_810 අටසීය නවය 
LOG (nnet-latgen-faster-parallel[5.5.592~1-2b30a]:~DecodeUtteranceLatticeFasterClass():decoder-wrappers.cc:180) Log-like per frame for utterance azir_cont_810 is 0.118218 over 131 frames.
azir_cont_89 අසූ නවය 
LOG (nnet-latgen-faster-parallel[5.5.592~1-2b30a]:~DecodeUtteranceLatticeFasterClass():decoder-wrappers.cc:180) Log-like per frame for utterance azir_cont_89 is 0.211184 over 126 frames.
azir_cont_90 අනූව 
LOG (nnet-latgen-faster-parallel[5.5.592~1-2b30a]:~DecodeUtteranceLatticeFasterClass():decoder-wrappers.cc:180) Log-like per frame for utterance azir_cont_90 is 0.160885 over 71 frames.
azir_cont_900 නවසීය 
LOG (nnet-latgen-faster-parallel[5.5.592~1-2b30a]:~DecodeUtteranceLatticeFasterClass():decoder-wrappers.cc:180) Log-like per frame for utterance azir_cont_900 is 0.242657 over 115 frames.
azir_cont_9000 නවදාහ 
LOG (nnet-latgen-faster-parallel[5.5.592~1-2b30a]:~DecodeUtteranceLatticeFasterClass():decoder-wrappers.cc:180) Log-like per frame for utterance azir_cont_9000 is 0.190444 over 103 frames.
azir_cont_9000s නවදහස් 
LOG (nnet-latgen-faster-parallel[5.5.592~1-2b30a]:~DecodeUtteranceLatticeFasterClass():decoder-wrappers.cc:180) Log-like per frame for utterance azir_cont_9000s is 0.266085 over 123 frames.
azir_cont_96 අනූ හය 
LOG (nnet-latgen-faster-parallel[5.5.592~1-2b30a]:~DecodeUtteranceLatticeFasterClass():decoder-wrappers.cc:180) Log-like per frame for utterance azir_cont_96 is 0.192111 over 107 frames.
azir_cont_9721 නවදහස් හත්සීය 
LOG (nnet-latgen-faster-parallel[5.5.592~1-2b30a]:~DecodeUtteranceLatticeFasterClass():decoder-wrappers.cc:180) Log-like per frame for utterance azir_cont_9721 is 0.161875 over 212 frames.
azir_cont_9_7_2_1 නවය හත එක එක 
LOG (nnet-latgen-faster-parallel[5.5.592~1-2b30a]:~DecodeUtteranceLatticeFasterClass():decoder-wrappers.cc:180) Log-like per frame for utterance azir_cont_9_7_2_1 is 0.1602 over 270 frames.
sajith_1_5_8 දෙක පහ අට 
LOG (nnet-latgen-faster-parallel[5.5.592~1-2b30a]:~DecodeUtteranceLatticeFasterClass():decoder-wrappers.cc:180) Log-like per frame for utterance sajith_1_5_8 is 0.174018 over 286 frames.
sajith_2_3_6 දෙක හය හය 
LOG (nnet-latgen-faster-parallel[5.5.592~1-2b30a]:~DecodeUtteranceLatticeFasterClass():decoder-wrappers.cc:180) Log-like per frame for utterance sajith_2_3_6 is 0.118099 over 306 frames.
sajith_3_0_9 තුන බිංදුව නවය 
LOG (nnet-latgen-faster-parallel[5.5.592~1-2b30a]:~DecodeUtteranceLatticeFasterClass():decoder-wrappers.cc:180) Log-like per frame for utterance sajith_3_0_9 is 0.132023 over 283 frames.
sajith_3_6_9 තුන හය නවය 
LOG (nnet-latgen-faster-parallel[5.5.592~1-2b30a]:~DecodeUtteranceLatticeFasterClass():decoder-wrappers.cc:180) Log-like per frame for utterance sajith_3_6_9 is 0.116327 over 269 frames.
sajith_5_5_6 පහ පහ හය 
LOG (nnet-latgen-faster-parallel[5.5.592~1-2b30a]:~DecodeUtteranceLatticeFasterClass():decoder-wrappers.cc:180) Log-like per frame for utterance sajith_5_5_6 is 0.193896 over 283 frames.
sajith_5_6_2 පහ හත්සීය දෙක 
LOG (nnet-latgen-faster-parallel[5.5.592~1-2b30a]:~DecodeUtteranceLatticeFasterClass():decoder-wrappers.cc:180) Log-like per frame for utterance sajith_5_6_2 is 0.16195 over 263 frames.
sajith_5_6_6 පහ හය හය 
LOG (nnet-latgen-faster-parallel[5.5.592~1-2b30a]:~DecodeUtteranceLatticeFasterClass():decoder-wrappers.cc:180) Log-like per frame for utterance sajith_5_6_6 is 0.160153 over 323 frames.
sajith_6_1_4 හය එක හතර 
LOG (nnet-latgen-faster-parallel[5.5.592~1-2b30a]:~DecodeUtteranceLatticeFasterClass():decoder-wrappers.cc:180) Log-like per frame for utterance sajith_6_1_4 is 0.182096 over 299 frames.
sajith_7_4_2 හතර හතර දෙක 
LOG (nnet-latgen-faster-parallel[5.5.592~1-2b30a]:~DecodeUtteranceLatticeFasterClass():decoder-wrappers.cc:180) Log-like per frame for utterance sajith_7_4_2 is 0.162714 over 296 frames.
sajith_7_9_6 හතර නවය හය 
LOG (nnet-latgen-faster-parallel[5.5.592~1-2b30a]:~DecodeUtteranceLatticeFasterClass():decoder-wrappers.cc:180) Log-like per frame for utterance sajith_7_9_6 is 0.150953 over 283 frames.
shehan_1_1_8 එක එක අට 
LOG (nnet-latgen-faster-parallel[5.5.592~1-2b30a]:~DecodeUtteranceLatticeFasterClass():decoder-wrappers.cc:180) Log-like per frame for utterance shehan_1_1_8 is 0.166598 over 321 frames.
shehan_1_4_8 එක හතර අට 
LOG (nnet-latgen-faster-parallel[5.5.592~1-2b30a]:~DecodeUtteranceLatticeFasterClass():decoder-wrappers.cc:180) Log-like per frame for utterance shehan_1_4_8 is 0.143224 over 299 frames.
shehan_1_7_2 එක හත දෙක 
LOG (nnet-latgen-faster-parallel[5.5.592~1-2b30a]:~DecodeUtteranceLatticeFasterClass():decoder-wrappers.cc:180) Log-like per frame for utterance shehan_1_7_2 is 0.163168 over 321 frames.
shehan_2_4_6 දෙක හත හය 
LOG (nnet-latgen-faster-parallel[5.5.592~1-2b30a]:~DecodeUtteranceLatticeFasterClass():decoder-wrappers.cc:180) Log-like per frame for utterance shehan_2_4_6 is 0.166179 over 302 frames.
LOG (copy-feats[5.5.592~1-2b30a]:main():copy-feats.cc:143) Copied 94 feature matrices.
shehan_3_1_9 තුන එක නවය 
LOG (nnet-latgen-faster-parallel[5.5.592~1-2b30a]:~DecodeUtteranceLatticeFasterClass():decoder-wrappers.cc:180) Log-like per frame for utterance shehan_3_1_9 is 0.116683 over 317 frames.
shehan_3_2_1 තුන දෙක එක 
LOG (nnet-latgen-faster-parallel[5.5.592~1-2b30a]:~DecodeUtteranceLatticeFasterClass():decoder-wrappers.cc:180) Log-like per frame for utterance shehan_3_2_1 is 0.152967 over 356 frames.
shehan_4_5_2 හත පහ දෙක 
LOG (nnet-latgen-faster-parallel[5.5.592~1-2b30a]:~DecodeUtteranceLatticeFasterClass():decoder-wrappers.cc:180) Log-like per frame for utterance shehan_4_5_2 is 0.169471 over 378 frames.
shehan_5_6_6 පහ හය හය 
LOG (nnet-latgen-faster-parallel[5.5.592~1-2b30a]:~DecodeUtteranceLatticeFasterClass():decoder-wrappers.cc:180) Log-like per frame for utterance shehan_5_6_6 is 0.16592 over 363 frames.
shehan_8_0_9 අට බිංදුව නවය 
LOG (nnet-latgen-faster-parallel[5.5.592~1-2b30a]:~DecodeUtteranceLatticeFasterClass():decoder-wrappers.cc:180) Log-like per frame for utterance shehan_8_0_9 is 0.148502 over 333 frames.
shehan_9_1_9 නවය එක නවය 
LOG (nnet-latgen-faster-parallel[5.5.592~1-2b30a]:~DecodeUtteranceLatticeFasterClass():decoder-wrappers.cc:180) Log-like per frame for utterance shehan_9_1_9 is 0.150544 over 321 frames.
LOG (nnet-latgen-faster-parallel[5.5.592~1-2b30a]:main():nnet-latgen-faster-parallel.cc:191) Time taken 1.49331s: real-time factor per thread assuming 100 frames/sec is 0.00978768
LOG (nnet-latgen-faster-parallel[5.5.592~1-2b30a]:main():nnet-latgen-faster-parallel.cc:194) Done 94 utterances, failed for 0
LOG (nnet-latgen-faster-parallel[5.5.592~1-2b30a]:main():nnet-latgen-faster-parallel.cc:196) Overall log-likelihood per frame is 0.16896 over 15257 frames.
# Accounting: time=2 threads=1
# Ended (code 0) at Sat Feb 29 16:50:16 +0530 2020, elapsed time 2 seconds
