# gmm-latgen-faster --max-active=7000 --beam=13.0 --lattice-beam=6.0 --acoustic-scale=0.083333 --allow-partial=true --word-symbol-table=exp/tri1/graph/words.txt exp/tri1/final.mdl exp/tri1/graph/HCLG.fst "ark,s,cs:apply-cmvn  --utt2spk=ark:data/test/split1/1/utt2spk scp:data/test/split1/1/cmvn.scp scp:data/test/split1/1/feats.scp ark:- | add-deltas  ark:- ark:- |" "ark:|gzip -c > exp/tri1/decode/lat.1.gz" 
# Started at Thu Feb 27 11:43:58 +0530 2020
#
gmm-latgen-faster --max-active=7000 --beam=13.0 --lattice-beam=6.0 --acoustic-scale=0.083333 --allow-partial=true --word-symbol-table=exp/tri1/graph/words.txt exp/tri1/final.mdl exp/tri1/graph/HCLG.fst 'ark,s,cs:apply-cmvn  --utt2spk=ark:data/test/split1/1/utt2spk scp:data/test/split1/1/cmvn.scp scp:data/test/split1/1/feats.scp ark:- | add-deltas  ark:- ark:- |' 'ark:|gzip -c > exp/tri1/decode/lat.1.gz' 
add-deltas ark:- ark:- 
apply-cmvn --utt2spk=ark:data/test/split1/1/utt2spk scp:data/test/split1/1/cmvn.scp scp:data/test/split1/1/feats.scp ark:- 
azir_cont_10 දහය 
LOG (gmm-latgen-faster[5.5.592~1-2b30a]:DecodeUtteranceLatticeFaster():decoder-wrappers.cc:375) Log-like per frame for utterance azir_cont_10 is -7.26244 over 105 frames.
azir_cont_100 දෙසීය 
LOG (gmm-latgen-faster[5.5.592~1-2b30a]:DecodeUtteranceLatticeFaster():decoder-wrappers.cc:375) Log-like per frame for utterance azir_cont_100 is -7.48507 over 85 frames.
azir_cont_1000 දාහ 
LOG (gmm-latgen-faster[5.5.592~1-2b30a]:DecodeUtteranceLatticeFaster():decoder-wrappers.cc:375) Log-like per frame for utterance azir_cont_1000 is -7.1385 over 65 frames.
azir_cont_10000 දහදාහ 
LOG (gmm-latgen-faster[5.5.592~1-2b30a]:DecodeUtteranceLatticeFaster():decoder-wrappers.cc:375) Log-like per frame for utterance azir_cont_10000 is -7.66516 over 102 frames.
azir_cont_1000_2 එකදාහ 
LOG (gmm-latgen-faster[5.5.592~1-2b30a]:DecodeUtteranceLatticeFaster():decoder-wrappers.cc:375) Log-like per frame for utterance azir_cont_1000_2 is -7.37229 over 127 frames.
azir_cont_1000s දෙදහස් 
LOG (gmm-latgen-faster[5.5.592~1-2b30a]:DecodeUtteranceLatticeFaster():decoder-wrappers.cc:375) Log-like per frame for utterance azir_cont_1000s is -7.71315 over 94 frames.
azir_cont_100_2 එකසීය 
LOG (gmm-latgen-faster[5.5.592~1-2b30a]:DecodeUtteranceLatticeFaster():decoder-wrappers.cc:375) Log-like per frame for utterance azir_cont_100_2 is -7.32783 over 103 frames.
azir_cont_11 එකොළහ 
LOG (gmm-latgen-faster[5.5.592~1-2b30a]:DecodeUtteranceLatticeFaster():decoder-wrappers.cc:375) Log-like per frame for utterance azir_cont_11 is -8.09926 over 77 frames.
azir_cont_12 දොළහ 
LOG (gmm-latgen-faster[5.5.592~1-2b30a]:DecodeUtteranceLatticeFaster():decoder-wrappers.cc:375) Log-like per frame for utterance azir_cont_12 is -7.82021 over 71 frames.
azir_cont_13 දහතුන 
LOG (gmm-latgen-faster[5.5.592~1-2b30a]:DecodeUtteranceLatticeFaster():decoder-wrappers.cc:375) Log-like per frame for utterance azir_cont_13 is -7.90579 over 91 frames.
azir_cont_14 දාහතර 
LOG (gmm-latgen-faster[5.5.592~1-2b30a]:DecodeUtteranceLatticeFaster():decoder-wrappers.cc:375) Log-like per frame for utterance azir_cont_14 is -7.24877 over 94 frames.
azir_cont_148 එකසීය හතලිස් හත 
LOG (gmm-latgen-faster[5.5.592~1-2b30a]:DecodeUtteranceLatticeFaster():decoder-wrappers.cc:375) Log-like per frame for utterance azir_cont_148 is -8.01893 over 183 frames.
azir_cont_14_2 දහහතර 
LOG (gmm-latgen-faster[5.5.592~1-2b30a]:DecodeUtteranceLatticeFaster():decoder-wrappers.cc:375) Log-like per frame for utterance azir_cont_14_2 is -7.43874 over 84 frames.
azir_cont_15 පහළොව 
LOG (gmm-latgen-faster[5.5.592~1-2b30a]:DecodeUtteranceLatticeFaster():decoder-wrappers.cc:375) Log-like per frame for utterance azir_cont_15 is -7.60528 over 69 frames.
azir_cont_1550 දෙදහස් පන්සීය පනහ 
LOG (gmm-latgen-faster[5.5.592~1-2b30a]:DecodeUtteranceLatticeFaster():decoder-wrappers.cc:375) Log-like per frame for utterance azir_cont_1550 is -7.8204 over 241 frames.
azir_cont_16 දාසය 
LOG (gmm-latgen-faster[5.5.592~1-2b30a]:DecodeUtteranceLatticeFaster():decoder-wrappers.cc:375) Log-like per frame for utterance azir_cont_16 is -7.0811 over 94 frames.
azir_cont_16_2 දහසය 
LOG (gmm-latgen-faster[5.5.592~1-2b30a]:DecodeUtteranceLatticeFaster():decoder-wrappers.cc:375) Log-like per frame for utterance azir_cont_16_2 is -7.39783 over 88 frames.
azir_cont_17 දාහත 
LOG (gmm-latgen-faster[5.5.592~1-2b30a]:DecodeUtteranceLatticeFaster():decoder-wrappers.cc:375) Log-like per frame for utterance azir_cont_17 is -7.2193 over 74 frames.
azir_cont_17_2 දහහත 
LOG (gmm-latgen-faster[5.5.592~1-2b30a]:DecodeUtteranceLatticeFaster():decoder-wrappers.cc:375) Log-like per frame for utterance azir_cont_17_2 is -7.36498 over 94 frames.
azir_cont_18 දහඅට 
LOG (gmm-latgen-faster[5.5.592~1-2b30a]:DecodeUtteranceLatticeFaster():decoder-wrappers.cc:375) Log-like per frame for utterance azir_cont_18 is -7.56632 over 90 frames.
azir_cont_19 දහනවය 
LOG (gmm-latgen-faster[5.5.592~1-2b30a]:DecodeUtteranceLatticeFaster():decoder-wrappers.cc:375) Log-like per frame for utterance azir_cont_19 is -7.4657 over 93 frames.
azir_cont_19_2 දහනමය 
LOG (gmm-latgen-faster[5.5.592~1-2b30a]:DecodeUtteranceLatticeFaster():decoder-wrappers.cc:375) Log-like per frame for utterance azir_cont_19_2 is -7.91243 over 104 frames.
azir_cont_20 විස්ස 
LOG (gmm-latgen-faster[5.5.592~1-2b30a]:DecodeUtteranceLatticeFaster():decoder-wrappers.cc:375) Log-like per frame for utterance azir_cont_20 is -7.51252 over 98 frames.
azir_cont_200 දෙසීය 
LOG (gmm-latgen-faster[5.5.592~1-2b30a]:DecodeUtteranceLatticeFaster():decoder-wrappers.cc:375) Log-like per frame for utterance azir_cont_200 is -7.12019 over 93 frames.
azir_cont_2000 දෙදාහ 
LOG (gmm-latgen-faster[5.5.592~1-2b30a]:DecodeUtteranceLatticeFaster():decoder-wrappers.cc:375) Log-like per frame for utterance azir_cont_2000 is -7.15533 over 101 frames.
azir_cont_2000s දෙදහස් 
LOG (gmm-latgen-faster[5.5.592~1-2b30a]:DecodeUtteranceLatticeFaster():decoder-wrappers.cc:375) Log-like per frame for utterance azir_cont_2000s is -7.30225 over 89 frames.
azir_cont_21 විසි එක 
LOG (gmm-latgen-faster[5.5.592~1-2b30a]:DecodeUtteranceLatticeFaster():decoder-wrappers.cc:375) Log-like per frame for utterance azir_cont_21 is -8.00785 over 95 frames.
azir_cont_230 දෙසීය තිහ 
LOG (gmm-latgen-faster[5.5.592~1-2b30a]:DecodeUtteranceLatticeFaster():decoder-wrappers.cc:375) Log-like per frame for utterance azir_cont_230 is -7.7348 over 148 frames.
azir_cont_300 තුන්සීය 
LOG (gmm-latgen-faster[5.5.592~1-2b30a]:DecodeUtteranceLatticeFaster():decoder-wrappers.cc:375) Log-like per frame for utterance azir_cont_300 is -7.4631 over 91 frames.
azir_cont_3000 තුන්දාහ 
LOG (gmm-latgen-faster[5.5.592~1-2b30a]:DecodeUtteranceLatticeFaster():decoder-wrappers.cc:375) Log-like per frame for utterance azir_cont_3000 is -6.96916 over 111 frames.
azir_cont_3000s තුන්දහස් 
LOG (gmm-latgen-faster[5.5.592~1-2b30a]:DecodeUtteranceLatticeFaster():decoder-wrappers.cc:375) Log-like per frame for utterance azir_cont_3000s is -7.03462 over 105 frames.
azir_cont_32 තිස් දෙක 
LOG (gmm-latgen-faster[5.5.592~1-2b30a]:DecodeUtteranceLatticeFaster():decoder-wrappers.cc:375) Log-like per frame for utterance azir_cont_32 is -7.47664 over 95 frames.
azir_cont_3610 තුන්දහස් හයසීය දහය 
LOG (gmm-latgen-faster[5.5.592~1-2b30a]:DecodeUtteranceLatticeFaster():decoder-wrappers.cc:375) Log-like per frame for utterance azir_cont_3610 is -7.67432 over 230 frames.
azir_cont_38_96 තිස් අට අනූ හය 
LOG (gmm-latgen-faster[5.5.592~1-2b30a]:DecodeUtteranceLatticeFaster():decoder-wrappers.cc:375) Log-like per frame for utterance azir_cont_38_96 is -7.99182 over 198 frames.
azir_cont_3_8_9_6 තුන අට නවය හය 
LOG (gmm-latgen-faster[5.5.592~1-2b30a]:DecodeUtteranceLatticeFaster():decoder-wrappers.cc:375) Log-like per frame for utterance azir_cont_3_8_9_6 is -7.78391 over 227 frames.
azir_cont_40 හතලිහ 
LOG (gmm-latgen-faster[5.5.592~1-2b30a]:DecodeUtteranceLatticeFaster():decoder-wrappers.cc:375) Log-like per frame for utterance azir_cont_40 is -7.55992 over 98 frames.
azir_cont_400 හාරසීය 
LOG (gmm-latgen-faster[5.5.592~1-2b30a]:DecodeUtteranceLatticeFaster():decoder-wrappers.cc:375) Log-like per frame for utterance azir_cont_400 is -7.82365 over 112 frames.
azir_cont_4000s හාරදහස් 
LOG (gmm-latgen-faster[5.5.592~1-2b30a]:DecodeUtteranceLatticeFaster():decoder-wrappers.cc:375) Log-like per frame for utterance azir_cont_4000s is -7.41286 over 69 frames.
azir_cont_43 හතලිස් තුන 
LOG (gmm-latgen-faster[5.5.592~1-2b30a]:DecodeUtteranceLatticeFaster():decoder-wrappers.cc:375) Log-like per frame for utterance azir_cont_43 is -7.48066 over 126 frames.
azir_cont_50 පනහ 
LOG (gmm-latgen-faster[5.5.592~1-2b30a]:DecodeUtteranceLatticeFaster():decoder-wrappers.cc:375) Log-like per frame for utterance azir_cont_50 is -8.02821 over 58 frames.
azir_cont_500 පන්සීය 
LOG (gmm-latgen-faster[5.5.592~1-2b30a]:DecodeUtteranceLatticeFaster():decoder-wrappers.cc:375) Log-like per frame for utterance azir_cont_500 is -7.26819 over 86 frames.
azir_cont_5000 පන්දාහ 
LOG (gmm-latgen-faster[5.5.592~1-2b30a]:DecodeUtteranceLatticeFaster():decoder-wrappers.cc:375) Log-like per frame for utterance azir_cont_5000 is -6.87044 over 107 frames.
azir_cont_5000s පන්දහස් 
LOG (gmm-latgen-faster[5.5.592~1-2b30a]:DecodeUtteranceLatticeFaster():decoder-wrappers.cc:375) Log-like per frame for utterance azir_cont_5000s is -7.13646 over 111 frames.
azir_cont_5399 පන්දහස් තුන්සීය අනූ නවය 
LOG (gmm-latgen-faster[5.5.592~1-2b30a]:DecodeUtteranceLatticeFaster():decoder-wrappers.cc:375) Log-like per frame for utterance azir_cont_5399 is -7.95794 over 203 frames.
azir_cont_54 පනස් හතර 
LOG (gmm-latgen-faster[5.5.592~1-2b30a]:DecodeUtteranceLatticeFaster():decoder-wrappers.cc:375) Log-like per frame for utterance azir_cont_54 is -7.60984 over 113 frames.
azir_cont_56_49 පනස් හය හතලිස් නවය 
LOG (gmm-latgen-faster[5.5.592~1-2b30a]:DecodeUtteranceLatticeFaster():decoder-wrappers.cc:375) Log-like per frame for utterance azir_cont_56_49 is -7.63228 over 195 frames.
azir_cont_60 හැට 
LOG (gmm-latgen-faster[5.5.592~1-2b30a]:DecodeUtteranceLatticeFaster():decoder-wrappers.cc:375) Log-like per frame for utterance azir_cont_60 is -7.70274 over 64 frames.
azir_cont_600 හයසීය 
LOG (gmm-latgen-faster[5.5.592~1-2b30a]:DecodeUtteranceLatticeFaster():decoder-wrappers.cc:375) Log-like per frame for utterance azir_cont_600 is -6.87338 over 116 frames.
azir_cont_6000 හයදාහ 
LOG (gmm-latgen-faster[5.5.592~1-2b30a]:DecodeUtteranceLatticeFaster():decoder-wrappers.cc:375) Log-like per frame for utterance azir_cont_6000 is -7.01057 over 117 frames.
azir_cont_6000s හයදහස් 
LOG (gmm-latgen-faster[5.5.592~1-2b30a]:DecodeUtteranceLatticeFaster():decoder-wrappers.cc:375) Log-like per frame for utterance azir_cont_6000s is -7.08161 over 104 frames.
azir_cont_61 හැට එක 
LOG (gmm-latgen-faster[5.5.592~1-2b30a]:DecodeUtteranceLatticeFaster():decoder-wrappers.cc:375) Log-like per frame for utterance azir_cont_61 is -7.59542 over 120 frames.
azir_cont_6475 හයදහස් හාරසීය හැත්ත පහ 
LOG (gmm-latgen-faster[5.5.592~1-2b30a]:DecodeUtteranceLatticeFaster():decoder-wrappers.cc:375) Log-like per frame for utterance azir_cont_6475 is -7.84465 over 224 frames.
azir_cont_64_75 හැට හතර හැත්ත පහ 
LOG (gmm-latgen-faster[5.5.592~1-2b30a]:DecodeUtteranceLatticeFaster():decoder-wrappers.cc:375) Log-like per frame for utterance azir_cont_64_75 is -7.93596 over 218 frames.
azir_cont_651 හයසීය පනස් එක 
LOG (gmm-latgen-faster[5.5.592~1-2b30a]:DecodeUtteranceLatticeFaster():decoder-wrappers.cc:375) Log-like per frame for utterance azir_cont_651 is -7.95751 over 182 frames.
azir_cont_6_4_7_5 හය හතර හත පහ 
LOG (gmm-latgen-faster[5.5.592~1-2b30a]:DecodeUtteranceLatticeFaster():decoder-wrappers.cc:375) Log-like per frame for utterance azir_cont_6_4_7_5 is -7.61408 over 258 frames.
azir_cont_70 හැත්තෑව 
LOG (gmm-latgen-faster[5.5.592~1-2b30a]:DecodeUtteranceLatticeFaster():decoder-wrappers.cc:375) Log-like per frame for utterance azir_cont_70 is -7.60494 over 82 frames.
azir_cont_700 හත්සීය 
LOG (gmm-latgen-faster[5.5.592~1-2b30a]:DecodeUtteranceLatticeFaster():decoder-wrappers.cc:375) Log-like per frame for utterance azir_cont_700 is -7.14624 over 113 frames.
azir_cont_7000 හත්දාහ 
LOG (gmm-latgen-faster[5.5.592~1-2b30a]:DecodeUtteranceLatticeFaster():decoder-wrappers.cc:375) Log-like per frame for utterance azir_cont_7000 is -7.35406 over 127 frames.
azir_cont_7000s හත්දහස් 
LOG (gmm-latgen-faster[5.5.592~1-2b30a]:DecodeUtteranceLatticeFaster():decoder-wrappers.cc:375) Log-like per frame for utterance azir_cont_7000s is -6.96567 over 116 frames.
azir_cont_75 හැට පහ 
LOG (gmm-latgen-faster[5.5.592~1-2b30a]:DecodeUtteranceLatticeFaster():decoder-wrappers.cc:375) Log-like per frame for utterance azir_cont_75 is -7.656 over 117 frames.
azir_cont_7_138 හත එකසීය තිස් අට 
LOG (gmm-latgen-faster[5.5.592~1-2b30a]:DecodeUtteranceLatticeFaster():decoder-wrappers.cc:375) Log-like per frame for utterance azir_cont_7_138 is -8.15322 over 267 frames.
azir_cont_80 අසූව 
LOG (gmm-latgen-faster[5.5.592~1-2b30a]:DecodeUtteranceLatticeFaster():decoder-wrappers.cc:375) Log-like per frame for utterance azir_cont_80 is -7.50989 over 86 frames.
azir_cont_800 අටසීය 
LOG (gmm-latgen-faster[5.5.592~1-2b30a]:DecodeUtteranceLatticeFaster():decoder-wrappers.cc:375) Log-like per frame for utterance azir_cont_800 is -7.21068 over 98 frames.
azir_cont_8000 අටදාහ 
LOG (gmm-latgen-faster[5.5.592~1-2b30a]:DecodeUtteranceLatticeFaster():decoder-wrappers.cc:375) Log-like per frame for utterance azir_cont_8000 is -7.16276 over 95 frames.
azir_cont_8000s අටදහස් 
LOG (gmm-latgen-faster[5.5.592~1-2b30a]:DecodeUtteranceLatticeFaster():decoder-wrappers.cc:375) Log-like per frame for utterance azir_cont_8000s is -7.10698 over 106 frames.
azir_cont_810 අටසීය දහය 
LOG (gmm-latgen-faster[5.5.592~1-2b30a]:DecodeUtteranceLatticeFaster():decoder-wrappers.cc:375) Log-like per frame for utterance azir_cont_810 is -7.75569 over 131 frames.
azir_cont_89 අසූ නවය 
LOG (gmm-latgen-faster[5.5.592~1-2b30a]:DecodeUtteranceLatticeFaster():decoder-wrappers.cc:375) Log-like per frame for utterance azir_cont_89 is -7.31995 over 126 frames.
azir_cont_90 අනූව 
LOG (gmm-latgen-faster[5.5.592~1-2b30a]:DecodeUtteranceLatticeFaster():decoder-wrappers.cc:375) Log-like per frame for utterance azir_cont_90 is -7.51181 over 71 frames.
azir_cont_900 නවසීය 
LOG (gmm-latgen-faster[5.5.592~1-2b30a]:DecodeUtteranceLatticeFaster():decoder-wrappers.cc:375) Log-like per frame for utterance azir_cont_900 is -7.03725 over 115 frames.
azir_cont_9000 නවදාහ 
LOG (gmm-latgen-faster[5.5.592~1-2b30a]:DecodeUtteranceLatticeFaster():decoder-wrappers.cc:375) Log-like per frame for utterance azir_cont_9000 is -6.8614 over 103 frames.
azir_cont_9000s නවදහස් 
LOG (gmm-latgen-faster[5.5.592~1-2b30a]:DecodeUtteranceLatticeFaster():decoder-wrappers.cc:375) Log-like per frame for utterance azir_cont_9000s is -7.11106 over 123 frames.
azir_cont_96 අනූ හය 
LOG (gmm-latgen-faster[5.5.592~1-2b30a]:DecodeUtteranceLatticeFaster():decoder-wrappers.cc:375) Log-like per frame for utterance azir_cont_96 is -7.49381 over 107 frames.
azir_cont_9721 නවදහස් හත්සීය විසි එක 
LOG (gmm-latgen-faster[5.5.592~1-2b30a]:DecodeUtteranceLatticeFaster():decoder-wrappers.cc:375) Log-like per frame for utterance azir_cont_9721 is -7.88326 over 212 frames.
azir_cont_9_7_2_1 නවය එක හත එක එක 
LOG (gmm-latgen-faster[5.5.592~1-2b30a]:DecodeUtteranceLatticeFaster():decoder-wrappers.cc:375) Log-like per frame for utterance azir_cont_9_7_2_1 is -7.83443 over 270 frames.
sajith_1_5_8 දෙක පහ අට 
LOG (gmm-latgen-faster[5.5.592~1-2b30a]:DecodeUtteranceLatticeFaster():decoder-wrappers.cc:375) Log-like per frame for utterance sajith_1_5_8 is -7.9612 over 286 frames.
sajith_2_3_6 දෙක තුන හතර 
LOG (gmm-latgen-faster[5.5.592~1-2b30a]:DecodeUtteranceLatticeFaster():decoder-wrappers.cc:375) Log-like per frame for utterance sajith_2_3_6 is -8.43597 over 306 frames.
sajith_3_0_9 තුන බිංදුව නවය 
LOG (gmm-latgen-faster[5.5.592~1-2b30a]:DecodeUtteranceLatticeFaster():decoder-wrappers.cc:375) Log-like per frame for utterance sajith_3_0_9 is -8.32865 over 283 frames.
sajith_3_6_9 තුන හතලිහ නවය 
LOG (gmm-latgen-faster[5.5.592~1-2b30a]:DecodeUtteranceLatticeFaster():decoder-wrappers.cc:375) Log-like per frame for utterance sajith_3_6_9 is -8.49856 over 269 frames.
sajith_5_5_6 පහ පහ හය 
LOG (gmm-latgen-faster[5.5.592~1-2b30a]:DecodeUtteranceLatticeFaster():decoder-wrappers.cc:375) Log-like per frame for utterance sajith_5_5_6 is -7.92589 over 283 frames.
sajith_5_6_2 පහ හතලිහ එක 
LOG (gmm-latgen-faster[5.5.592~1-2b30a]:DecodeUtteranceLatticeFaster():decoder-wrappers.cc:375) Log-like per frame for utterance sajith_5_6_2 is -8.30479 over 263 frames.
sajith_5_6_6 පහ හතලිහ දහය 
LOG (gmm-latgen-faster[5.5.592~1-2b30a]:DecodeUtteranceLatticeFaster():decoder-wrappers.cc:375) Log-like per frame for utterance sajith_5_6_6 is -7.94146 over 323 frames.
sajith_6_1_4 හය එක හතර 
LOG (gmm-latgen-faster[5.5.592~1-2b30a]:DecodeUtteranceLatticeFaster():decoder-wrappers.cc:375) Log-like per frame for utterance sajith_6_1_4 is -8.13308 over 299 frames.
sajith_7_4_2 හතර හතර එක 
LOG (gmm-latgen-faster[5.5.592~1-2b30a]:DecodeUtteranceLatticeFaster():decoder-wrappers.cc:375) Log-like per frame for utterance sajith_7_4_2 is -8.28457 over 296 frames.
sajith_7_9_6 හතර නවය හය 
LOG (gmm-latgen-faster[5.5.592~1-2b30a]:DecodeUtteranceLatticeFaster():decoder-wrappers.cc:375) Log-like per frame for utterance sajith_7_9_6 is -8.50333 over 283 frames.
shehan_1_1_8 එක එක අට 
LOG (gmm-latgen-faster[5.5.592~1-2b30a]:DecodeUtteranceLatticeFaster():decoder-wrappers.cc:375) Log-like per frame for utterance shehan_1_1_8 is -8.0798 over 321 frames.
shehan_1_4_8 එක හතර අට 
LOG (gmm-latgen-faster[5.5.592~1-2b30a]:DecodeUtteranceLatticeFaster():decoder-wrappers.cc:375) Log-like per frame for utterance shehan_1_4_8 is -8.03962 over 299 frames.
shehan_1_7_2 එක හතර දෙක 
LOG (gmm-latgen-faster[5.5.592~1-2b30a]:DecodeUtteranceLatticeFaster():decoder-wrappers.cc:375) Log-like per frame for utterance shehan_1_7_2 is -8.31703 over 321 frames.
shehan_2_4_6 දෙක හතර අට 
LOG (gmm-latgen-faster[5.5.592~1-2b30a]:DecodeUtteranceLatticeFaster():decoder-wrappers.cc:375) Log-like per frame for utterance shehan_2_4_6 is -8.21826 over 302 frames.
LOG (apply-cmvn[5.5.592~1-2b30a]:main():apply-cmvn.cc:162) Applied cepstral mean normalization to 94 utterances, errors on 0
shehan_3_1_9 තුන එක 
LOG (gmm-latgen-faster[5.5.592~1-2b30a]:DecodeUtteranceLatticeFaster():decoder-wrappers.cc:375) Log-like per frame for utterance shehan_3_1_9 is -8.25572 over 317 frames.
shehan_3_2_1 තුන දෙක එක 
LOG (gmm-latgen-faster[5.5.592~1-2b30a]:DecodeUtteranceLatticeFaster():decoder-wrappers.cc:375) Log-like per frame for utterance shehan_3_2_1 is -7.87273 over 356 frames.
shehan_4_5_2 හතර පහ දෙක 
LOG (gmm-latgen-faster[5.5.592~1-2b30a]:DecodeUtteranceLatticeFaster():decoder-wrappers.cc:375) Log-like per frame for utterance shehan_4_5_2 is -7.81897 over 378 frames.
shehan_5_6_6 පහ හය 
LOG (gmm-latgen-faster[5.5.592~1-2b30a]:DecodeUtteranceLatticeFaster():decoder-wrappers.cc:375) Log-like per frame for utterance shehan_5_6_6 is -8.34007 over 363 frames.
shehan_8_0_9 අට බිංදුව නවය 
LOG (gmm-latgen-faster[5.5.592~1-2b30a]:DecodeUtteranceLatticeFaster():decoder-wrappers.cc:375) Log-like per frame for utterance shehan_8_0_9 is -8.26293 over 333 frames.
shehan_9_1_9 නවය එක නවය 
LOG (gmm-latgen-faster[5.5.592~1-2b30a]:DecodeUtteranceLatticeFaster():decoder-wrappers.cc:375) Log-like per frame for utterance shehan_9_1_9 is -8.54438 over 321 frames.
LOG (gmm-latgen-faster[5.5.592~1-2b30a]:main():gmm-latgen-faster.cc:176) Time taken 1.96941s: real-time factor assuming 100 frames/sec is 0.0129082
LOG (gmm-latgen-faster[5.5.592~1-2b30a]:main():gmm-latgen-faster.cc:179) Done 94 utterances, failed for 0
LOG (gmm-latgen-faster[5.5.592~1-2b30a]:main():gmm-latgen-faster.cc:181) Overall log-likelihood per frame is -7.81284 over 15257 frames.
# Accounting: time=2 threads=1
# Ended (code 0) at Thu Feb 27 11:44:00 +0530 2020, elapsed time 2 seconds
