# gunzip -c exp/tri1/decode/depth_stats_tmp.*.gz | steps/diagnostic/analyze_lattice_depth_stats.py exp/tri1/graph 
# Started at Fri Feb 21 14:04:12 +0530 2020
#
The total amount of data analyzed assuming 100 frames per second is 0.0 hours
Overall, lattice depth (10,50,90-percentile)=(1,1,2) and mean=1.4
Nonsilence phones as a group account for 76.7% of frames, with lattice depth (10,50,90-percentile)=(1,1,2) and mean=1.4
Phone sil accounts for 23.3% of frames, with lattice depth (10,50,90-percentile)=(1,1,2) and mean=1.5
Phone @_E accounts for 13.9% of frames, with lattice depth (10,50,90-percentile)=(1,1,4) and mean=1.7
Phone a_I accounts for 9.0% of frames, with lattice depth (10,50,90-percentile)=(1,1,2) and mean=1.3
Phone h_B accounts for 6.0% of frames, with lattice depth (10,50,90-percentile)=(1,1,2) and mean=1.2
Phone y_I accounts for 4.1% of frames, with lattice depth (10,50,90-percentile)=(1,1,1) and mean=1.1
Phone s_I accounts for 4.1% of frames, with lattice depth (10,50,90-percentile)=(1,1,1) and mean=1.1
Phone s_E accounts for 3.6% of frames, with lattice depth (10,50,90-percentile)=(1,1,2) and mean=1.2
Phone i:_I accounts for 3.1% of frames, with lattice depth (10,50,90-percentile)=(1,1,2) and mean=1.1
Phone t^_I accounts for 3.0% of frames, with lattice depth (10,50,90-percentile)=(1,1,2) and mean=1.4
Phone n_I accounts for 2.5% of frames, with lattice depth (10,50,90-percentile)=(1,1,2) and mean=1.2
Phone @_I accounts for 2.4% of frames, with lattice depth (10,50,90-percentile)=(1,1,2) and mean=1.2
Phone e_B accounts for 2.4% of frames, with lattice depth (10,50,90-percentile)=(1,3,4) and mean=2.8
Phone t_I accounts for 2.0% of frames, with lattice depth (10,50,90-percentile)=(1,1,2) and mean=1.4
Phone i_I accounts for 2.0% of frames, with lattice depth (10,50,90-percentile)=(1,1,1) and mean=1.1
Phone h_I accounts for 1.8% of frames, with lattice depth (10,50,90-percentile)=(1,1,2) and mean=1.2
Phone p_B accounts for 1.8% of frames, with lattice depth (10,50,90-percentile)=(1,2,2) and mean=1.6
Phone a_E accounts for 1.7% of frames, with lattice depth (10,50,90-percentile)=(1,1,2) and mean=1.1
Phone d^_B accounts for 1.6% of frames, with lattice depth (10,50,90-percentile)=(1,1,1) and mean=1.1
Phone d^_I accounts for 1.3% of frames, with lattice depth (10,50,90-percentile)=(1,2,2) and mean=1.5
Phone a_B accounts for 1.3% of frames, with lattice depth (10,50,90-percentile)=(1,1,2) and mean=1.2
Phone w_I accounts for 1.2% of frames, with lattice depth (10,50,90-percentile)=(1,1,2) and mean=1.2
Phone t^_B accounts for 1.1% of frames, with lattice depth (10,50,90-percentile)=(1,1,2) and mean=1.2
Phone n_B accounts for 1.1% of frames, with lattice depth (10,50,90-percentile)=(1,1,2) and mean=1.2
Phone k_I accounts for 1.0% of frames, with lattice depth (10,50,90-percentile)=(1,3,4) and mean=2.8
Phone r_I accounts for 0.9% of frames, with lattice depth (10,50,90-percentile)=(1,1,2) and mean=1.2
Phone ae_I accounts for 0.9% of frames, with lattice depth (10,50,90-percentile)=(2,2,2) and mean=2.0
Phone u_I accounts for 0.8% of frames, with lattice depth (10,50,90-percentile)=(1,1,2) and mean=1.2
Phone u:_E accounts for 0.7% of frames, with lattice depth (10,50,90-percentile)=(1,1,2) and mean=1.2
Phone i_E accounts for 0.5% of frames, with lattice depth (10,50,90-percentile)=(1,3,3) and mean=2.6
# Accounting: time=0 threads=1
# Ended (code 0) at Fri Feb 21 14:04:12 +0530 2020, elapsed time 0 seconds
