# align-equal-compiled "ark:gunzip -c exp/mono/fsts.1.gz|" "ark,s,cs:apply-cmvn  --utt2spk=ark:data/train/split1/1/utt2spk scp:data/train/split1/1/cmvn.scp scp:data/train/split1/1/feats.scp ark:- | add-deltas  ark:- ark:- |" ark,t:- | gmm-acc-stats-ali --binary=true exp/mono/0.mdl "ark,s,cs:apply-cmvn  --utt2spk=ark:data/train/split1/1/utt2spk scp:data/train/split1/1/cmvn.scp scp:data/train/split1/1/feats.scp ark:- | add-deltas  ark:- ark:- |" ark:- exp/mono/0.1.acc 
# Started at Thu Feb 27 11:43:26 +0530 2020
#
align-equal-compiled 'ark:gunzip -c exp/mono/fsts.1.gz|' 'ark,s,cs:apply-cmvn  --utt2spk=ark:data/train/split1/1/utt2spk scp:data/train/split1/1/cmvn.scp scp:data/train/split1/1/feats.scp ark:- | add-deltas  ark:- ark:- |' ark,t:- 
gmm-acc-stats-ali --binary=true exp/mono/0.mdl 'ark,s,cs:apply-cmvn  --utt2spk=ark:data/train/split1/1/utt2spk scp:data/train/split1/1/cmvn.scp scp:data/train/split1/1/feats.scp ark:- | add-deltas  ark:- ark:- |' ark:- exp/mono/0.1.acc 
add-deltas ark:- ark:- 
apply-cmvn --utt2spk=ark:data/train/split1/1/utt2spk scp:data/train/split1/1/cmvn.scp scp:data/train/split1/1/feats.scp ark:- 
add-deltas ark:- ark:- 
apply-cmvn --utt2spk=ark:data/train/split1/1/utt2spk scp:data/train/split1/1/cmvn.scp scp:data/train/split1/1/feats.scp ark:- 
LOG (gmm-acc-stats-ali[5.5.592~1-2b30a]:main():gmm-acc-stats-ali.cc:105) Processed 50 utterances; for utterance azir_cont_30 avg. like is -105.139 over 69 frames.
LOG (apply-cmvn[5.5.592~1-2b30a]:main():apply-cmvn.cc:162) Applied cepstral mean normalization to 155 utterances, errors on 0
LOG (align-equal-compiled[5.5.592~1-2b30a]:main():align-equal-compiled.cc:107) Success: done 155 utterances.
LOG (gmm-acc-stats-ali[5.5.592~1-2b30a]:main():gmm-acc-stats-ali.cc:105) Processed 100 utterances; for utterance azir_cont_757 avg. like is -108.155 over 206 frames.
LOG (apply-cmvn[5.5.592~1-2b30a]:main():apply-cmvn.cc:162) Applied cepstral mean normalization to 155 utterances, errors on 0
LOG (gmm-acc-stats-ali[5.5.592~1-2b30a]:main():gmm-acc-stats-ali.cc:105) Processed 150 utterances; for utterance sarinda_4_0_3 avg. like is -100.492 over 328 frames.
LOG (gmm-acc-stats-ali[5.5.592~1-2b30a]:main():gmm-acc-stats-ali.cc:112) Done 155 files, 0 with errors.
LOG (gmm-acc-stats-ali[5.5.592~1-2b30a]:main():gmm-acc-stats-ali.cc:115) Overall avg like per frame (Gaussian only) = -104.809 over 30955 frames.
LOG (gmm-acc-stats-ali[5.5.592~1-2b30a]:main():gmm-acc-stats-ali.cc:123) Written accs.
# Accounting: time=1 threads=1
# Ended (code 0) at Thu Feb 27 11:43:27 +0530 2020, elapsed time 1 seconds
