gmm-est --min-gaussian-occupancy=3 --mix-up=91 --power=0.25 exp/mono/0.mdl 'gmm-sum-accs - exp/mono/0.*.acc|' exp/mono/1.mdl 
gmm-sum-accs - exp/mono/0.1.acc 
LOG (gmm-sum-accs[5.5.592~1-2b30a]:main():gmm-sum-accs.cc:63) Summed 1 stats, total count 30955, avg like/frame -104.809
LOG (gmm-sum-accs[5.5.592~1-2b30a]:main():gmm-sum-accs.cc:66) Total count of stats is 30955
LOG (gmm-sum-accs[5.5.592~1-2b30a]:main():gmm-sum-accs.cc:67) Written stats to -
LOG (gmm-est[5.5.592~1-2b30a]:MleUpdate():transition-model.cc:528) TransitionModel::Update, objf change is 0.113501 per frame over 30955 frames. 
LOG (gmm-est[5.5.592~1-2b30a]:MleUpdate():transition-model.cc:531) 4 probabilities floored, 256 out of 374 transition-states skipped due to insuffient data (it is normal to have some skipped.)
LOG (gmm-est[5.5.592~1-2b30a]:main():gmm-est.cc:102) Transition model update: Overall 0.113501 log-like improvement per frame over 30955 frames.
WARNING (gmm-est[5.5.592~1-2b30a]:MleDiagGmmUpdate():mle-diag-gmm.cc:365) Gaussian has too little data but not removing it because it is the last Gaussian: i = 0, occ = 3, weight = 1
WARNING (gmm-est[5.5.592~1-2b30a]:MleDiagGmmUpdate():mle-diag-gmm.cc:365) Gaussian has too little data but not removing it because it is the last Gaussian: i = 0, occ = 2, weight = 1
WARNING (gmm-est[5.5.592~1-2b30a]:MleDiagGmmUpdate():mle-diag-gmm.cc:365) Gaussian has too little data but not removing it because it is the last Gaussian: i = 0, occ = 2, weight = 1
WARNING (gmm-est[5.5.592~1-2b30a]:MleDiagGmmUpdate():mle-diag-gmm.cc:365) Gaussian has too little data but not removing it because it is the last Gaussian: i = 0, occ = 0, weight = 1
WARNING (gmm-est[5.5.592~1-2b30a]:MleDiagGmmUpdate():mle-diag-gmm.cc:365) Gaussian has too little data but not removing it because it is the last Gaussian: i = 0, occ = 0, weight = 1
WARNING (gmm-est[5.5.592~1-2b30a]:MleDiagGmmUpdate():mle-diag-gmm.cc:365) Gaussian has too little data but not removing it because it is the last Gaussian: i = 0, occ = 0, weight = 1
WARNING (gmm-est[5.5.592~1-2b30a]:MleDiagGmmUpdate():mle-diag-gmm.cc:365) Gaussian has too little data but not removing it because it is the last Gaussian: i = 0, occ = 3, weight = 1
WARNING (gmm-est[5.5.592~1-2b30a]:MleDiagGmmUpdate():mle-diag-gmm.cc:365) Gaussian has too little data but not removing it because it is the last Gaussian: i = 0, occ = 3, weight = 1
WARNING (gmm-est[5.5.592~1-2b30a]:MleDiagGmmUpdate():mle-diag-gmm.cc:365) Gaussian has too little data but not removing it because it is the last Gaussian: i = 0, occ = 3, weight = 1
LOG (gmm-est[5.5.592~1-2b30a]:MleAmDiagGmmUpdate():mle-am-diag-gmm.cc:225) 0 variance elements floored in 0 Gaussians, out of 91
LOG (gmm-est[5.5.592~1-2b30a]:MleAmDiagGmmUpdate():mle-am-diag-gmm.cc:229) Removed 0 Gaussians due to counts < --min-gaussian-occupancy=3 and --remove-low-count-gaussians=true
LOG (gmm-est[5.5.592~1-2b30a]:main():gmm-est.cc:113) GMM update: Overall 3.58961 objective function improvement per frame over 30955 frames
LOG (gmm-est[5.5.592~1-2b30a]:main():gmm-est.cc:116) GMM update: Overall avg like per frame = -104.809 over 30955 frames.
LOG (gmm-est[5.5.592~1-2b30a]:SplitByCount():am-diag-gmm.cc:116) Split 91 states with target = 91, power = 0.25, perturb_factor = 0.01 and min_count = 20, split #Gauss from 91 to 91
LOG (gmm-est[5.5.592~1-2b30a]:main():gmm-est.cc:146) Written model to exp/mono/1.mdl
