# gmm-est --write-occs=exp/mono/8.occs --mix-up=271 --power=0.25 exp/mono/7.mdl "gmm-sum-accs - exp/mono/7.*.acc|" exp/mono/8.mdl 
# Started at Thu Feb 27 11:43:30 +0530 2020
#
gmm-est --write-occs=exp/mono/8.occs --mix-up=271 --power=0.25 exp/mono/7.mdl 'gmm-sum-accs - exp/mono/7.*.acc|' exp/mono/8.mdl 
gmm-sum-accs - exp/mono/7.1.acc 
LOG (gmm-sum-accs[5.5.592~1-2b30a]:main():gmm-sum-accs.cc:63) Summed 1 stats, total count 30955, avg like/frame -92.2264
LOG (gmm-sum-accs[5.5.592~1-2b30a]:main():gmm-sum-accs.cc:66) Total count of stats is 30955
LOG (gmm-sum-accs[5.5.592~1-2b30a]:main():gmm-sum-accs.cc:67) Written stats to -
LOG (gmm-est[5.5.592~1-2b30a]:MleUpdate():transition-model.cc:528) TransitionModel::Update, objf change is 0.000408103 per frame over 30955 frames. 
LOG (gmm-est[5.5.592~1-2b30a]:MleUpdate():transition-model.cc:531) 15 probabilities floored, 251 out of 374 transition-states skipped due to insuffient data (it is normal to have some skipped.)
LOG (gmm-est[5.5.592~1-2b30a]:main():gmm-est.cc:102) Transition model update: Overall 0.000408103 log-like improvement per frame over 30955 frames.
WARNING (gmm-est[5.5.592~1-2b30a]:MleDiagGmmUpdate():mle-diag-gmm.cc:365) Gaussian has too little data but not removing it because it is the last Gaussian: i = 0, occ = 6, weight = 1
WARNING (gmm-est[5.5.592~1-2b30a]:MleDiagGmmUpdate():mle-diag-gmm.cc:365) Gaussian has too little data but not removing it because it is the last Gaussian: i = 0, occ = 7, weight = 1
WARNING (gmm-est[5.5.592~1-2b30a]:MleDiagGmmUpdate():mle-diag-gmm.cc:365) Gaussian has too little data but not removing it because it is the last Gaussian: i = 0, occ = 1, weight = 1
WARNING (gmm-est[5.5.592~1-2b30a]:MleDiagGmmUpdate():mle-diag-gmm.cc:365) Gaussian has too little data but not removing it because it is the last Gaussian: i = 0, occ = 8, weight = 1
WARNING (gmm-est[5.5.592~1-2b30a]:MleDiagGmmUpdate():mle-diag-gmm.cc:365) Gaussian has too little data but not removing it because it is the last Gaussian: i = 0, occ = 0, weight = 1
WARNING (gmm-est[5.5.592~1-2b30a]:MleDiagGmmUpdate():mle-diag-gmm.cc:365) Gaussian has too little data but not removing it because it is the last Gaussian: i = 0, occ = 0, weight = 1
WARNING (gmm-est[5.5.592~1-2b30a]:MleDiagGmmUpdate():mle-diag-gmm.cc:365) Gaussian has too little data but not removing it because it is the last Gaussian: i = 0, occ = 0, weight = 1
WARNING (gmm-est[5.5.592~1-2b30a]:MleDiagGmmUpdate():mle-diag-gmm.cc:359) Too little data - removing Gaussian (weight 0.197392, occupation count 8.882627, vector size 39)
WARNING (gmm-est[5.5.592~1-2b30a]:MleDiagGmmUpdate():mle-diag-gmm.cc:365) Gaussian has too little data but not removing it because it is the last Gaussian: i = 0, occ = 1, weight = 1
LOG (gmm-est[5.5.592~1-2b30a]:MleAmDiagGmmUpdate():mle-am-diag-gmm.cc:225) 0 variance elements floored in 0 Gaussians, out of 241
LOG (gmm-est[5.5.592~1-2b30a]:MleAmDiagGmmUpdate():mle-am-diag-gmm.cc:229) Removed 1 Gaussians due to counts < --min-gaussian-occupancy=10 and --remove-low-count-gaussians=true
LOG (gmm-est[5.5.592~1-2b30a]:main():gmm-est.cc:113) GMM update: Overall 0.33572 objective function improvement per frame over 30955 frames
LOG (gmm-est[5.5.592~1-2b30a]:main():gmm-est.cc:116) GMM update: Overall avg like per frame = -92.2264 over 30955 frames.
LOG (gmm-est[5.5.592~1-2b30a]:SplitByCount():am-diag-gmm.cc:116) Split 91 states with target = 271, power = 0.25, perturb_factor = 0.01 and min_count = 20, split #Gauss from 241 to 272
LOG (gmm-est[5.5.592~1-2b30a]:main():gmm-est.cc:146) Written model to exp/mono/8.mdl
# Accounting: time=0 threads=1
# Ended (code 0) at Thu Feb 27 11:43:30 +0530 2020, elapsed time 0 seconds
