# gmm-est --write-occs=exp/mono/12.occs --mix-up=391 --power=0.25 exp/mono/11.mdl "gmm-sum-accs - exp/mono/11.*.acc|" exp/mono/12.mdl 
# Started at Thu Feb 27 11:43:32 +0530 2020
#
gmm-est --write-occs=exp/mono/12.occs --mix-up=391 --power=0.25 exp/mono/11.mdl 'gmm-sum-accs - exp/mono/11.*.acc|' exp/mono/12.mdl 
gmm-sum-accs - exp/mono/11.1.acc 
LOG (gmm-sum-accs[5.5.592~1-2b30a]:main():gmm-sum-accs.cc:63) Summed 1 stats, total count 30955, avg like/frame -90.0638
LOG (gmm-sum-accs[5.5.592~1-2b30a]:main():gmm-sum-accs.cc:66) Total count of stats is 30955
LOG (gmm-sum-accs[5.5.592~1-2b30a]:main():gmm-sum-accs.cc:67) Written stats to -
LOG (gmm-est[5.5.592~1-2b30a]:MleUpdate():transition-model.cc:528) TransitionModel::Update, objf change is 0 per frame over 30955 frames. 
LOG (gmm-est[5.5.592~1-2b30a]:MleUpdate():transition-model.cc:531) 15 probabilities floored, 250 out of 374 transition-states skipped due to insuffient data (it is normal to have some skipped.)
LOG (gmm-est[5.5.592~1-2b30a]:main():gmm-est.cc:102) Transition model update: Overall 0 log-like improvement per frame over 30955 frames.
WARNING (gmm-est[5.5.592~1-2b30a]:MleDiagGmmUpdate():mle-diag-gmm.cc:365) Gaussian has too little data but not removing it because it is the last Gaussian: i = 0, occ = 6, weight = 1
WARNING (gmm-est[5.5.592~1-2b30a]:MleDiagGmmUpdate():mle-diag-gmm.cc:365) Gaussian has too little data but not removing it because it is the last Gaussian: i = 0, occ = 7, weight = 1
WARNING (gmm-est[5.5.592~1-2b30a]:MleDiagGmmUpdate():mle-diag-gmm.cc:365) Gaussian has too little data but not removing it because it is the last Gaussian: i = 0, occ = 1, weight = 1
WARNING (gmm-est[5.5.592~1-2b30a]:MleDiagGmmUpdate():mle-diag-gmm.cc:365) Gaussian has too little data but not removing it because it is the last Gaussian: i = 0, occ = 8, weight = 1
WARNING (gmm-est[5.5.592~1-2b30a]:MleDiagGmmUpdate():mle-diag-gmm.cc:365) Gaussian has too little data but not removing it because it is the last Gaussian: i = 0, occ = 0, weight = 1
WARNING (gmm-est[5.5.592~1-2b30a]:MleDiagGmmUpdate():mle-diag-gmm.cc:365) Gaussian has too little data but not removing it because it is the last Gaussian: i = 0, occ = 0, weight = 1
WARNING (gmm-est[5.5.592~1-2b30a]:MleDiagGmmUpdate():mle-diag-gmm.cc:365) Gaussian has too little data but not removing it because it is the last Gaussian: i = 0, occ = 0, weight = 1
WARNING (gmm-est[5.5.592~1-2b30a]:MleDiagGmmUpdate():mle-diag-gmm.cc:365) Gaussian has too little data but not removing it because it is the last Gaussian: i = 0, occ = 2, weight = 1
LOG (gmm-est[5.5.592~1-2b30a]:MleAmDiagGmmUpdate():mle-am-diag-gmm.cc:225) 0 variance elements floored in 0 Gaussians, out of 362
LOG (gmm-est[5.5.592~1-2b30a]:MleAmDiagGmmUpdate():mle-am-diag-gmm.cc:229) Removed 0 Gaussians due to counts < --min-gaussian-occupancy=10 and --remove-low-count-gaussians=true
LOG (gmm-est[5.5.592~1-2b30a]:main():gmm-est.cc:113) GMM update: Overall 0.244217 objective function improvement per frame over 30955 frames
LOG (gmm-est[5.5.592~1-2b30a]:main():gmm-est.cc:116) GMM update: Overall avg like per frame = -90.0638 over 30955 frames.
LOG (gmm-est[5.5.592~1-2b30a]:SplitByCount():am-diag-gmm.cc:116) Split 91 states with target = 391, power = 0.25, perturb_factor = 0.01 and min_count = 20, split #Gauss from 362 to 392
LOG (gmm-est[5.5.592~1-2b30a]:main():gmm-est.cc:146) Written model to exp/mono/12.mdl
# Accounting: time=0 threads=1
# Ended (code 0) at Thu Feb 27 11:43:32 +0530 2020, elapsed time 0 seconds
