# build-tree --verbose=1 --max-leaves=2000 --cluster-thresh=-1 exp/tri1/treeacc data/lang/phones/roots.int exp/tri1/questions.qst data/lang/topo exp/tri1/tree 
# Started at Fri Feb 21 13:56:57 +0530 2020
#
build-tree --verbose=1 --max-leaves=2000 --cluster-thresh=-1 exp/tri1/treeacc data/lang/phones/roots.int exp/tri1/questions.qst data/lang/topo exp/tri1/tree 
LOG (build-tree[5.5.592~1-2b30a]:main():build-tree.cc:104) Number of separate statistics is 859
LOG (build-tree[5.5.592~1-2b30a]:BuildTree():build-tree.cc:161) BuildTree: before building trees, map has 29 leaves.
LOG (build-tree[5.5.592~1-2b30a]:SplitDecisionTree():build-tree-utils.cc:577) DoDecisionTreeSplit: split 142 times, #leaves now 171
LOG (build-tree[5.5.592~1-2b30a]:BuildTree():build-tree.cc:187) Setting clustering threshold to smallest split 302.253
VLOG[1] (build-tree[5.5.592~1-2b30a]:BuildTree():build-tree.cc:196) After decision tree split, num-leaves = 171, like-impr = 4.97892 per frame over 30955 frames.
VLOG[1] (build-tree[5.5.592~1-2b30a]:BuildTree():build-tree.cc:200) Including just phones that were split, improvement is 4.97892 per frame over 30955 frames.
LOG (build-tree[5.5.592~1-2b30a]:BuildTree():build-tree.cc:215) BuildTree: removed 24 leaves.
VLOG[1] (build-tree[5.5.592~1-2b30a]:ClusterEventMapToNClustersRestrictedByMap():build-tree-utils.cc:914) Number of non-empty clusters in map = 28
VLOG[1] (build-tree[5.5.592~1-2b30a]:ClusterEventMapToNClustersRestrictedByMap():build-tree-utils.cc:915) Number of non-empty clusters = 146
LOG (build-tree[5.5.592~1-2b30a]:BuildTree():build-tree.cc:231) BuildTree: Rounded num leaves to multiple of 8 by removing 3 leaves.
VLOG[1] (build-tree[5.5.592~1-2b30a]:BuildTree():build-tree.cc:256) Objf change due to clustering -0.175658 per frame.
VLOG[1] (build-tree[5.5.592~1-2b30a]:BuildTree():build-tree.cc:259) Normalizing over only split phones, this is: -0.175658 per frame.
VLOG[1] (build-tree[5.5.592~1-2b30a]:BuildTree():build-tree.cc:262) Num-leaves is now 144
VLOG[1] (build-tree[5.5.592~1-2b30a]:main():build-tree.cc:143) For pdf-id 1, low count 52
VLOG[1] (build-tree[5.5.592~1-2b30a]:main():build-tree.cc:143) For pdf-id 2, low count 72
VLOG[1] (build-tree[5.5.592~1-2b30a]:main():build-tree.cc:143) For pdf-id 6, low count 92
VLOG[1] (build-tree[5.5.592~1-2b30a]:main():build-tree.cc:143) For pdf-id 7, low count 50
VLOG[1] (build-tree[5.5.592~1-2b30a]:main():build-tree.cc:143) For pdf-id 11, low count 77
VLOG[1] (build-tree[5.5.592~1-2b30a]:main():build-tree.cc:143) For pdf-id 12, low count 68
VLOG[1] (build-tree[5.5.592~1-2b30a]:main():build-tree.cc:143) For pdf-id 13, low count 50
VLOG[1] (build-tree[5.5.592~1-2b30a]:main():build-tree.cc:143) For pdf-id 14, low count 94
VLOG[1] (build-tree[5.5.592~1-2b30a]:main():build-tree.cc:143) For pdf-id 16, low count 50
VLOG[1] (build-tree[5.5.592~1-2b30a]:main():build-tree.cc:143) For pdf-id 17, low count 45
VLOG[1] (build-tree[5.5.592~1-2b30a]:main():build-tree.cc:143) For pdf-id 19, low count 20
VLOG[1] (build-tree[5.5.592~1-2b30a]:main():build-tree.cc:143) For pdf-id 20, low count 0
VLOG[1] (build-tree[5.5.592~1-2b30a]:main():build-tree.cc:143) For pdf-id 23, low count 26
VLOG[1] (build-tree[5.5.592~1-2b30a]:main():build-tree.cc:143) For pdf-id 24, low count 69
VLOG[1] (build-tree[5.5.592~1-2b30a]:main():build-tree.cc:143) For pdf-id 26, low count 30
VLOG[1] (build-tree[5.5.592~1-2b30a]:main():build-tree.cc:143) For pdf-id 27, low count 44
VLOG[1] (build-tree[5.5.592~1-2b30a]:main():build-tree.cc:143) For pdf-id 28, low count 24
VLOG[1] (build-tree[5.5.592~1-2b30a]:main():build-tree.cc:143) For pdf-id 36, low count 39
VLOG[1] (build-tree[5.5.592~1-2b30a]:main():build-tree.cc:143) For pdf-id 41, low count 77
VLOG[1] (build-tree[5.5.592~1-2b30a]:main():build-tree.cc:143) For pdf-id 43, low count 22
VLOG[1] (build-tree[5.5.592~1-2b30a]:main():build-tree.cc:143) For pdf-id 45, low count 80
VLOG[1] (build-tree[5.5.592~1-2b30a]:main():build-tree.cc:143) For pdf-id 51, low count 89
VLOG[1] (build-tree[5.5.592~1-2b30a]:main():build-tree.cc:143) For pdf-id 52, low count 60
VLOG[1] (build-tree[5.5.592~1-2b30a]:main():build-tree.cc:143) For pdf-id 57, low count 55
VLOG[1] (build-tree[5.5.592~1-2b30a]:main():build-tree.cc:143) For pdf-id 59, low count 79
VLOG[1] (build-tree[5.5.592~1-2b30a]:main():build-tree.cc:143) For pdf-id 61, low count 74
VLOG[1] (build-tree[5.5.592~1-2b30a]:main():build-tree.cc:143) For pdf-id 63, low count 93
VLOG[1] (build-tree[5.5.592~1-2b30a]:main():build-tree.cc:143) For pdf-id 64, low count 77
VLOG[1] (build-tree[5.5.592~1-2b30a]:main():build-tree.cc:143) For pdf-id 68, low count 57
VLOG[1] (build-tree[5.5.592~1-2b30a]:main():build-tree.cc:143) For pdf-id 70, low count 86
VLOG[1] (build-tree[5.5.592~1-2b30a]:main():build-tree.cc:143) For pdf-id 74, low count 34
VLOG[1] (build-tree[5.5.592~1-2b30a]:main():build-tree.cc:143) For pdf-id 76, low count 60
VLOG[1] (build-tree[5.5.592~1-2b30a]:main():build-tree.cc:143) For pdf-id 79, low count 78
VLOG[1] (build-tree[5.5.592~1-2b30a]:main():build-tree.cc:143) For pdf-id 80, low count 58
VLOG[1] (build-tree[5.5.592~1-2b30a]:main():build-tree.cc:143) For pdf-id 87, low count 94
VLOG[1] (build-tree[5.5.592~1-2b30a]:main():build-tree.cc:143) For pdf-id 89, low count 84
VLOG[1] (build-tree[5.5.592~1-2b30a]:main():build-tree.cc:143) For pdf-id 91, low count 43
VLOG[1] (build-tree[5.5.592~1-2b30a]:main():build-tree.cc:143) For pdf-id 96, low count 81
VLOG[1] (build-tree[5.5.592~1-2b30a]:main():build-tree.cc:143) For pdf-id 97, low count 57
VLOG[1] (build-tree[5.5.592~1-2b30a]:main():build-tree.cc:143) For pdf-id 100, low count 59
VLOG[1] (build-tree[5.5.592~1-2b30a]:main():build-tree.cc:143) For pdf-id 104, low count 95
VLOG[1] (build-tree[5.5.592~1-2b30a]:main():build-tree.cc:143) For pdf-id 105, low count 99
VLOG[1] (build-tree[5.5.592~1-2b30a]:main():build-tree.cc:143) For pdf-id 109, low count 54
VLOG[1] (build-tree[5.5.592~1-2b30a]:main():build-tree.cc:143) For pdf-id 111, low count 53
VLOG[1] (build-tree[5.5.592~1-2b30a]:main():build-tree.cc:143) For pdf-id 115, low count 87
VLOG[1] (build-tree[5.5.592~1-2b30a]:main():build-tree.cc:143) For pdf-id 118, low count 26
VLOG[1] (build-tree[5.5.592~1-2b30a]:main():build-tree.cc:143) For pdf-id 120, low count 90
VLOG[1] (build-tree[5.5.592~1-2b30a]:main():build-tree.cc:143) For pdf-id 122, low count 59
VLOG[1] (build-tree[5.5.592~1-2b30a]:main():build-tree.cc:143) For pdf-id 124, low count 84
VLOG[1] (build-tree[5.5.592~1-2b30a]:main():build-tree.cc:143) For pdf-id 125, low count 91
VLOG[1] (build-tree[5.5.592~1-2b30a]:main():build-tree.cc:143) For pdf-id 128, low count 51
VLOG[1] (build-tree[5.5.592~1-2b30a]:main():build-tree.cc:143) For pdf-id 129, low count 42
VLOG[1] (build-tree[5.5.592~1-2b30a]:main():build-tree.cc:143) For pdf-id 130, low count 93
VLOG[1] (build-tree[5.5.592~1-2b30a]:main():build-tree.cc:143) For pdf-id 134, low count 26
VLOG[1] (build-tree[5.5.592~1-2b30a]:main():build-tree.cc:143) For pdf-id 140, low count 40
VLOG[1] (build-tree[5.5.592~1-2b30a]:main():build-tree.cc:143) For pdf-id 142, low count 19
WARNING (build-tree[5.5.592~1-2b30a]:main():build-tree.cc:185) Saw no stats for following phones: 2 3 4 5 6 7 8 9 12 14 15 16 18 19 22 24 26 28 30 31 32 34 36 38 40 42 46 47 48 50 52 53 54 55 56 58 59 60 62 64 66 67 68 70 71 72 74 78 79 80 82 83 84 85 86 88 89 90 91 94 95 96 98 99 100 102 103 104 106 107 108 110 111 114 115 116 118 
LOG (build-tree[5.5.592~1-2b30a]:main():build-tree.cc:189) Wrote tree
# Accounting: time=0 threads=1
# Ended (code 0) at Fri Feb 21 13:56:57 +0530 2020, elapsed time 0 seconds
