# lattice-best-path --lm-scale=8 --word-symbol-table=exp/tri1/graph/words.txt "ark:gunzip -c exp/tri1/decode/lat.*.gz|" ark,t:exp/tri1/decode/scoring/8.tra 
# Started at Thu Feb 27 11:44:00 +0530 2020
#
lattice-best-path --lm-scale=8 --word-symbol-table=exp/tri1/graph/words.txt 'ark:gunzip -c exp/tri1/decode/lat.*.gz|' ark,t:exp/tri1/decode/scoring/8.tra 
LOG (lattice-best-path[5.5.592~1-2b30a]:main():lattice-best-path.cc:99) For utterance azir_cont_10, best cost 113.875 + 8979.9 = 9093.77 over 105 frames.
azir_cont_10 දහය 
LOG (lattice-best-path[5.5.592~1-2b30a]:main():lattice-best-path.cc:99) For utterance azir_cont_100, best cost 108.431 + 7472.16 = 7580.59 over 85 frames.
azir_cont_100 දෙසීය 
LOG (lattice-best-path[5.5.592~1-2b30a]:main():lattice-best-path.cc:99) For utterance azir_cont_1000, best cost 96.0917 + 5423.91 = 5520 over 65 frames.
azir_cont_1000 දාහ 
LOG (lattice-best-path[5.5.592~1-2b30a]:main():lattice-best-path.cc:99) For utterance azir_cont_10000, best cost 112.394 + 9213.6 = 9325.99 over 102 frames.
azir_cont_10000 දහදාහ 
LOG (lattice-best-path[5.5.592~1-2b30a]:main():lattice-best-path.cc:99) For utterance azir_cont_1000_2, best cost 123.726 + 11049.8 = 11173.6 over 127 frames.
azir_cont_1000_2 එකදාහ 
LOG (lattice-best-path[5.5.592~1-2b30a]:main():lattice-best-path.cc:99) For utterance azir_cont_1000s, best cost 90.7601 + 8564.33 = 8655.09 over 94 frames.
azir_cont_1000s දෙදහස් 
LOG (lattice-best-path[5.5.592~1-2b30a]:main():lattice-best-path.cc:99) For utterance azir_cont_100_2, best cost 104.92 + 8899.85 = 9004.77 over 103 frames.
azir_cont_100_2 එකසීය 
LOG (lattice-best-path[5.5.592~1-2b30a]:main():lattice-best-path.cc:99) For utterance azir_cont_11, best cost 94.4732 + 7342.04 = 7436.51 over 77 frames.
azir_cont_11 එකොළහ 
LOG (lattice-best-path[5.5.592~1-2b30a]:main():lattice-best-path.cc:99) For utterance azir_cont_12, best cost 89.3807 + 6528.78 = 6618.16 over 71 frames.
azir_cont_12 දොළහ 
LOG (lattice-best-path[5.5.592~1-2b30a]:main():lattice-best-path.cc:99) For utterance azir_cont_13, best cost 119.272 + 8454.25 = 8573.52 over 91 frames.
azir_cont_13 දහතුන 
LOG (lattice-best-path[5.5.592~1-2b30a]:main():lattice-best-path.cc:99) For utterance azir_cont_14, best cost 109.033 + 8013.09 = 8122.13 over 94 frames.
azir_cont_14 දාහතර 
LOG (lattice-best-path[5.5.592~1-2b30a]:main():lattice-best-path.cc:99) For utterance azir_cont_148, best cost 211.424 + 17292.5 = 17503.9 over 183 frames.
azir_cont_148 එකසීය හතලිස් හත 
LOG (lattice-best-path[5.5.592~1-2b30a]:main():lattice-best-path.cc:99) For utterance azir_cont_14_2, best cost 106.962 + 7337.84 = 7444.8 over 84 frames.
azir_cont_14_2 දහහතර 
LOG (lattice-best-path[5.5.592~1-2b30a]:main():lattice-best-path.cc:99) For utterance azir_cont_15, best cost 94.2163 + 6155.87 = 6250.09 over 69 frames.
azir_cont_15 පහළොව 
LOG (lattice-best-path[5.5.592~1-2b30a]:main():lattice-best-path.cc:99) For utterance azir_cont_1550, best cost 260.14 + 22226.5 = 22486.6 over 241 frames.
azir_cont_1550 දෙදහස් පන්සීය පනහ 
LOG (lattice-best-path[5.5.592~1-2b30a]:main():lattice-best-path.cc:99) For utterance azir_cont_16, best cost 99.1785 + 7838.75 = 7937.93 over 94 frames.
azir_cont_16 දාසය 
LOG (lattice-best-path[5.5.592~1-2b30a]:main():lattice-best-path.cc:99) For utterance azir_cont_16_2, best cost 113.877 + 7641.32 = 7755.2 over 88 frames.
azir_cont_16_2 දහසය 
LOG (lattice-best-path[5.5.592~1-2b30a]:main():lattice-best-path.cc:99) For utterance azir_cont_17, best cost 90.8156 + 6274.54 = 6365.36 over 74 frames.
azir_cont_17 දාහත 
LOG (lattice-best-path[5.5.592~1-2b30a]:main():lattice-best-path.cc:99) For utterance azir_cont_17_2, best cost 112.601 + 8138.83 = 8251.43 over 94 frames.
azir_cont_17_2 දහහත 
LOG (lattice-best-path[5.5.592~1-2b30a]:main():lattice-best-path.cc:99) For utterance azir_cont_18, best cost 110.988 + 8005.18 = 8116.17 over 90 frames.
azir_cont_18 දහඅට 
LOG (lattice-best-path[5.5.592~1-2b30a]:main():lattice-best-path.cc:99) For utterance azir_cont_19, best cost 104.421 + 8175.13 = 8279.55 over 93 frames.
azir_cont_19 දහනවය 
LOG (lattice-best-path[5.5.592~1-2b30a]:main():lattice-best-path.cc:99) For utterance azir_cont_19_2, best cost 117.589 + 9698.36 = 9815.95 over 104 frames.
azir_cont_19_2 දහනමය 
LOG (lattice-best-path[5.5.592~1-2b30a]:main():lattice-best-path.cc:99) For utterance azir_cont_20, best cost 102.431 + 8681.11 = 8783.54 over 98 frames.
azir_cont_20 විස්ස 
LOG (lattice-best-path[5.5.592~1-2b30a]:main():lattice-best-path.cc:99) For utterance azir_cont_200, best cost 109.727 + 7781.57 = 7891.3 over 93 frames.
azir_cont_200 දෙසීය 
LOG (lattice-best-path[5.5.592~1-2b30a]:main():lattice-best-path.cc:99) For utterance azir_cont_2000, best cost 109.92 + 8507.42 = 8617.34 over 101 frames.
azir_cont_2000 දෙදාහ 
LOG (lattice-best-path[5.5.592~1-2b30a]:main():lattice-best-path.cc:99) For utterance azir_cont_2000s, best cost 87.8031 + 7667.13 = 7754.93 over 89 frames.
azir_cont_2000s දෙදහස් 
LOG (lattice-best-path[5.5.592~1-2b30a]:main():lattice-best-path.cc:99) For utterance azir_cont_21, best cost 135.099 + 8926.33 = 9061.43 over 95 frames.
azir_cont_21 විසි එක 
LOG (lattice-best-path[5.5.592~1-2b30a]:main():lattice-best-path.cc:99) For utterance azir_cont_230, best cost 179.738 + 13467.4 = 13647.2 over 148 frames.
azir_cont_230 දෙසීය තිහ 
LOG (lattice-best-path[5.5.592~1-2b30a]:main():lattice-best-path.cc:99) For utterance azir_cont_300, best cost 105.09 + 7992.1 = 8097.19 over 91 frames.
azir_cont_300 තුන්සීය 
LOG (lattice-best-path[5.5.592~1-2b30a]:main():lattice-best-path.cc:99) For utterance azir_cont_3000, best cost 110.708 + 9116.9 = 9227.61 over 111 frames.
azir_cont_3000 තුන්දාහ 
LOG (lattice-best-path[5.5.592~1-2b30a]:main():lattice-best-path.cc:99) For utterance azir_cont_3000s, best cost 102.388 + 8710.08 = 8812.46 over 105 frames.
azir_cont_3000s තුන්දහස් 
LOG (lattice-best-path[5.5.592~1-2b30a]:main():lattice-best-path.cc:99) For utterance azir_cont_32, best cost 139.126 + 8314.72 = 8453.84 over 95 frames.
azir_cont_32 තිස් දෙක 
LOG (lattice-best-path[5.5.592~1-2b30a]:main():lattice-best-path.cc:99) For utterance azir_cont_3610, best cost 258.602 + 20793.3 = 21051.9 over 230 frames.
azir_cont_3610 තුන්දහස් හයසීය දහය 
LOG (lattice-best-path[5.5.592~1-2b30a]:main():lattice-best-path.cc:99) For utterance azir_cont_38_96, best cost 250.265 + 18613.2 = 18863.5 over 198 frames.
azir_cont_38_96 තිස් අට අනූ හය 
LOG (lattice-best-path[5.5.592~1-2b30a]:main():lattice-best-path.cc:99) For utterance azir_cont_3_8_9_6, best cost 257.459 + 20817.3 = 21074.7 over 227 frames.
azir_cont_3_8_9_6 තුන අට නවය හය 
LOG (lattice-best-path[5.5.592~1-2b30a]:main():lattice-best-path.cc:99) For utterance azir_cont_40, best cost 106.691 + 8730.46 = 8837.15 over 98 frames.
azir_cont_40 හතලිහ 
LOG (lattice-best-path[5.5.592~1-2b30a]:main():lattice-best-path.cc:99) For utterance azir_cont_400, best cost 120.43 + 10334.4 = 10454.8 over 112 frames.
azir_cont_400 හාරසීය 
LOG (lattice-best-path[5.5.592~1-2b30a]:main():lattice-best-path.cc:99) For utterance azir_cont_4000s, best cost 97.8001 + 5991.17 = 6088.97 over 69 frames.
azir_cont_4000s හාරදහස් 
LOG (lattice-best-path[5.5.592~1-2b30a]:main():lattice-best-path.cc:99) For utterance azir_cont_43, best cost 148.048 + 11088.7 = 11236.8 over 126 frames.
azir_cont_43 හතලිස් තුන 
LOG (lattice-best-path[5.5.592~1-2b30a]:main():lattice-best-path.cc:99) For utterance azir_cont_50, best cost 99.8887 + 5437.82 = 5537.71 over 58 frames.
azir_cont_50 පනහ 
LOG (lattice-best-path[5.5.592~1-2b30a]:main():lattice-best-path.cc:99) For utterance azir_cont_500, best cost 95.0701 + 7358.19 = 7453.26 over 86 frames.
azir_cont_500 පන්සීය 
LOG (lattice-best-path[5.5.592~1-2b30a]:main():lattice-best-path.cc:99) For utterance azir_cont_5000, best cost 110.626 + 8655.74 = 8766.37 over 107 frames.
azir_cont_5000 පන්දාහ 
LOG (lattice-best-path[5.5.592~1-2b30a]:main():lattice-best-path.cc:99) For utterance azir_cont_5000s, best cost 110.738 + 9339.69 = 9450.43 over 111 frames.
azir_cont_5000s පන්දහස් 
LOG (lattice-best-path[5.5.592~1-2b30a]:main():lattice-best-path.cc:99) For utterance azir_cont_5399, best cost 275.892 + 18971.8 = 19247.7 over 203 frames.
azir_cont_5399 පන්දහස් තුන්සීය අනූ නවය 
LOG (lattice-best-path[5.5.592~1-2b30a]:main():lattice-best-path.cc:99) For utterance azir_cont_54, best cost 149.182 + 10095.2 = 10244.4 over 113 frames.
azir_cont_54 පනස් හතර 
LOG (lattice-best-path[5.5.592~1-2b30a]:main():lattice-best-path.cc:99) For utterance azir_cont_56_49, best cost 253.24 + 17479.7 = 17733 over 195 frames.
azir_cont_56_49 පනස් හය හතලිස් නවය 
LOG (lattice-best-path[5.5.592~1-2b30a]:main():lattice-best-path.cc:99) For utterance azir_cont_60, best cost 90.8936 + 5779.39 = 5870.28 over 64 frames.
azir_cont_60 හැට 
LOG (lattice-best-path[5.5.592~1-2b30a]:main():lattice-best-path.cc:99) For utterance azir_cont_600, best cost 100.975 + 9416.32 = 9517.3 over 116 frames.
azir_cont_600 හයසීය 
LOG (lattice-best-path[5.5.592~1-2b30a]:main():lattice-best-path.cc:99) For utterance azir_cont_6000, best cost 112.292 + 9674.45 = 9786.74 over 117 frames.
azir_cont_6000 හයදාහ 
LOG (lattice-best-path[5.5.592~1-2b30a]:main():lattice-best-path.cc:99) For utterance azir_cont_6000s, best cost 99.0405 + 8689.33 = 8788.37 over 104 frames.
azir_cont_6000s හයදහස් 
LOG (lattice-best-path[5.5.592~1-2b30a]:main():lattice-best-path.cc:99) For utterance azir_cont_61, best cost 127.059 + 10746.9 = 10873.9 over 120 frames.
azir_cont_61 හැට එක 
LOG (lattice-best-path[5.5.592~1-2b30a]:main():lattice-best-path.cc:99) For utterance azir_cont_6475, best cost 288.753 + 20653.4 = 20942.1 over 224 frames.
azir_cont_6475 හයදහස් හාරසීය හැත්ත පහ 
LOG (lattice-best-path[5.5.592~1-2b30a]:main():lattice-best-path.cc:99) For utterance azir_cont_64_75, best cost 252.277 + 20382.1 = 20634.4 over 218 frames.
azir_cont_64_75 හැට හතර හැත්ත පහ 
LOG (lattice-best-path[5.5.592~1-2b30a]:main():lattice-best-path.cc:99) For utterance azir_cont_651, best cost 214.575 + 17057.4 = 17272 over 182 frames.
azir_cont_651 හයසීය පනස් එක 
LOG (lattice-best-path[5.5.592~1-2b30a]:main():lattice-best-path.cc:99) For utterance azir_cont_6_4_7_5, best cost 251.242 + 23196.4 = 23447.6 over 258 frames.
azir_cont_6_4_7_5 හය හතර හත පහ 
LOG (lattice-best-path[5.5.592~1-2b30a]:main():lattice-best-path.cc:99) For utterance azir_cont_70, best cost 93.4211 + 7343.16 = 7436.58 over 82 frames.
azir_cont_70 හැත්තෑව 
LOG (lattice-best-path[5.5.592~1-2b30a]:main():lattice-best-path.cc:99) For utterance azir_cont_700, best cost 94.6999 + 9548.29 = 9642.99 over 113 frames.
azir_cont_700 හත්සීය 
LOG (lattice-best-path[5.5.592~1-2b30a]:main():lattice-best-path.cc:99) For utterance azir_cont_7000, best cost 116.972 + 11032.2 = 11149.1 over 127 frames.
azir_cont_7000 හත්දාහ 
LOG (lattice-best-path[5.5.592~1-2b30a]:main():lattice-best-path.cc:99) For utterance azir_cont_7000s, best cost 97.2886 + 9550.32 = 9647.6 over 116 frames.
azir_cont_7000s හත්දහස් 
LOG (lattice-best-path[5.5.592~1-2b30a]:main():lattice-best-path.cc:99) For utterance azir_cont_75, best cost 148.27 + 10526.7 = 10674.9 over 117 frames.
azir_cont_75 හැට පහ 
LOG (lattice-best-path[5.5.592~1-2b30a]:main():lattice-best-path.cc:99) For utterance azir_cont_7_138, best cost 340.831 + 25614.9 = 25955.7 over 267 frames.
azir_cont_7_138 හත තිස් එකසීය තිස් අට 
LOG (lattice-best-path[5.5.592~1-2b30a]:main():lattice-best-path.cc:99) For utterance azir_cont_80, best cost 102.749 + 7596.11 = 7698.86 over 86 frames.
azir_cont_80 අසූව 
LOG (lattice-best-path[5.5.592~1-2b30a]:main():lattice-best-path.cc:99) For utterance azir_cont_800, best cost 98.7416 + 8331.68 = 8430.42 over 98 frames.
azir_cont_800 අටසීය 
LOG (lattice-best-path[5.5.592~1-2b30a]:main():lattice-best-path.cc:99) For utterance azir_cont_8000, best cost 107.265 + 8004.68 = 8111.94 over 95 frames.
azir_cont_8000 අටදාහ 
LOG (lattice-best-path[5.5.592~1-2b30a]:main():lattice-best-path.cc:99) For utterance azir_cont_8000s, best cost 99.5891 + 8890.73 = 8990.31 over 106 frames.
azir_cont_8000s අටදහස් 
LOG (lattice-best-path[5.5.592~1-2b30a]:main():lattice-best-path.cc:99) For utterance azir_cont_810, best cost 179.557 + 11922.7 = 12102.2 over 131 frames.
azir_cont_810 අටසීය දහය 
LOG (lattice-best-path[5.5.592~1-2b30a]:main():lattice-best-path.cc:99) For utterance azir_cont_89, best cost 143.573 + 10852.4 = 10996 over 126 frames.
azir_cont_89 අසූ නවය 
LOG (lattice-best-path[5.5.592~1-2b30a]:main():lattice-best-path.cc:99) For utterance azir_cont_90, best cost 104.367 + 6243.54 = 6347.9 over 71 frames.
azir_cont_90 අනූව 
LOG (lattice-best-path[5.5.592~1-2b30a]:main():lattice-best-path.cc:99) For utterance azir_cont_900, best cost 105.061 + 9553.85 = 9658.91 over 115 frames.
azir_cont_900 නවසීය 
LOG (lattice-best-path[5.5.592~1-2b30a]:main():lattice-best-path.cc:99) For utterance azir_cont_9000, best cost 117.728 + 8304.13 = 8421.86 over 103 frames.
azir_cont_9000 නවදාහ 
LOG (lattice-best-path[5.5.592~1-2b30a]:main():lattice-best-path.cc:99) For utterance azir_cont_9000s, best cost 107.435 + 10334.8 = 10442.2 over 123 frames.
azir_cont_9000s නවදහස් 
LOG (lattice-best-path[5.5.592~1-2b30a]:main():lattice-best-path.cc:99) For utterance azir_cont_96, best cost 134.003 + 9421.08 = 9555.09 over 107 frames.
azir_cont_96 අනූ හය 
LOG (lattice-best-path[5.5.592~1-2b30a]:main():lattice-best-path.cc:99) For utterance azir_cont_9721, best cost 272.236 + 19646.7 = 19919 over 212 frames.
azir_cont_9721 නවදහස් හත්සීය විසි එක 
LOG (lattice-best-path[5.5.592~1-2b30a]:main():lattice-best-path.cc:99) For utterance azir_cont_9_7_2_1, best cost 287.271 + 24952.7 = 25240 over 270 frames.
azir_cont_9_7_2_1 නවය එක හත එක එක 
LOG (lattice-best-path[5.5.592~1-2b30a]:main():lattice-best-path.cc:99) For utterance sajith_1_5_8, best cost 213.902 + 27002.1 = 27216 over 286 frames.
sajith_1_5_8 දෙක පහ අට 
LOG (lattice-best-path[5.5.592~1-2b30a]:main():lattice-best-path.cc:99) For utterance sajith_2_3_6, best cost 227.166 + 30636.3 = 30863.4 over 306 frames.
sajith_2_3_6 දෙක තුන හතර 
LOG (lattice-best-path[5.5.592~1-2b30a]:main():lattice-best-path.cc:99) For utterance sajith_3_0_9, best cost 229.069 + 27940.6 = 28169.7 over 283 frames.
sajith_3_0_9 තුන බිංදුව නවය 
LOG (lattice-best-path[5.5.592~1-2b30a]:main():lattice-best-path.cc:99) For utterance sajith_3_6_9, best cost 234.15 + 27082.2 = 27316.4 over 269 frames.
sajith_3_6_9 තුන හතලිහ නවය 
LOG (lattice-best-path[5.5.592~1-2b30a]:main():lattice-best-path.cc:99) For utterance sajith_5_5_6, best cost 237.611 + 26560 = 26797.6 over 283 frames.
sajith_5_5_6 පහ පහ හය 
LOG (lattice-best-path[5.5.592~1-2b30a]:main():lattice-best-path.cc:99) For utterance sajith_5_6_2, best cost 235.389 + 25856.9 = 26092.3 over 263 frames.
sajith_5_6_2 පහ හතලිහ එක 
LOG (lattice-best-path[5.5.592~1-2b30a]:main():lattice-best-path.cc:99) For utterance sajith_5_6_6, best cost 294.663 + 30339.2 = 30633.9 over 323 frames.
sajith_5_6_6 පහ හතලිහ දහය 
LOG (lattice-best-path[5.5.592~1-2b30a]:main():lattice-best-path.cc:99) For utterance sajith_6_1_4, best cost 218.367 + 28854.1 = 29072.4 over 299 frames.
sajith_6_1_4 හය එක හතර 
LOG (lattice-best-path[5.5.592~1-2b30a]:main():lattice-best-path.cc:99) For utterance sajith_7_4_2, best cost 225.558 + 29088.6 = 29314.2 over 296 frames.
sajith_7_4_2 හතර හතර එක 
LOG (lattice-best-path[5.5.592~1-2b30a]:main():lattice-best-path.cc:99) For utterance sajith_7_9_6, best cost 227.205 + 28536.6 = 28763.8 over 283 frames.
sajith_7_9_6 හතර නවය හය 
LOG (lattice-best-path[5.5.592~1-2b30a]:main():lattice-best-path.cc:99) For utterance shehan_1_1_8, best cost 231.23 + 30776.7 = 31007.9 over 321 frames.
shehan_1_1_8 එක එක අට 
LOG (lattice-best-path[5.5.592~1-2b30a]:main():lattice-best-path.cc:99) For utterance shehan_1_4_8, best cost 218.168 + 28519 = 28737.2 over 299 frames.
shehan_1_4_8 එක හතර අට 
LOG (lattice-best-path[5.5.592~1-2b30a]:main():lattice-best-path.cc:99) For utterance shehan_1_7_2, best cost 292.593 + 31598.5 = 31891.1 over 321 frames.
shehan_1_7_2 එක හතර දෙක 
LOG (lattice-best-path[5.5.592~1-2b30a]:main():lattice-best-path.cc:99) For utterance shehan_2_4_6, best cost 245.322 + 29415.1 = 29660.4 over 302 frames.
shehan_2_4_6 දෙක හතර අට 
LOG (lattice-best-path[5.5.592~1-2b30a]:main():lattice-best-path.cc:99) For utterance shehan_3_1_9, best cost 224.339 + 31068.4 = 31292.7 over 317 frames.
shehan_3_1_9 තුන එක 
LOG (lattice-best-path[5.5.592~1-2b30a]:main():lattice-best-path.cc:99) For utterance shehan_3_2_1, best cost 258.456 + 33244.8 = 33503.2 over 356 frames.
shehan_3_2_1 තුන දෙක එක 
LOG (lattice-best-path[5.5.592~1-2b30a]:main():lattice-best-path.cc:99) For utterance shehan_4_5_2, best cost 245.155 + 35099.2 = 35344.4 over 378 frames.
shehan_4_5_2 හතර පහ දෙක 
LOG (lattice-best-path[5.5.592~1-2b30a]:main():lattice-best-path.cc:99) For utterance shehan_5_6_6, best cost 280.17 + 35920 = 36200.2 over 363 frames.
shehan_5_6_6 පහ හය අට 
LOG (lattice-best-path[5.5.592~1-2b30a]:main():lattice-best-path.cc:99) For utterance shehan_8_0_9, best cost 266.311 + 32619.3 = 32885.6 over 333 frames.
shehan_8_0_9 අට බිංදුව නවය 
LOG (lattice-best-path[5.5.592~1-2b30a]:main():lattice-best-path.cc:99) For utterance shehan_9_1_9, best cost 214.963 + 32590.7 = 32805.6 over 321 frames.
shehan_9_1_9 නවය එක නවය 
LOG (lattice-best-path[5.5.592~1-2b30a]:main():lattice-best-path.cc:124) Overall cost per frame is 93.257 = 0.99682 [graph] + 92.2601 [acoustic] over 15257 frames.
LOG (lattice-best-path[5.5.592~1-2b30a]:main():lattice-best-path.cc:128) Done 94 lattices, failed for 0
# Accounting: time=0 threads=1
# Ended (code 0) at Thu Feb 27 11:44:00 +0530 2020, elapsed time 0 seconds
